<?xml version="1.0" encoding="UTF-8"?>
<!-- Generated by org.testng.reporters.JUnitXMLReporter -->
<testsuite ignored="20" hostname="DESKTOP-8HN186T" failures="0" tests="6" name="Default test" time="1456.608" errors="0" timestamp="2024-10-28T11:59:21 IST">
  <testcase classname="testcases_connectivity.BlewithoutRouter" name="removerepair" time="316.577"/>
  <testcase classname="testcases_connectivity.BleWithRouter" name="removerepair" time="117.995"/>
  <testcase classname="testcases_connectivity.SmartConfig" name="removerepair" time="159.383"/>
  <testcase classname="testcases_connectivity.UI_CONNECTIVITY_MOD_0_TC_01_TO_03" name="removerepair" time="110.915"/>
  <testcase classname="testcases_connectivity.WIfiWithout_router" name="removerepair" time="405.626"/>
  <testcase classname="testcases_connectivity.WifiWithRouter" name="removerepair" time="337.793"/>
  <testcase classname="wrappers.MobileAppWrappers" name="@BeforeTest beforeTest" time="0.0">
    <ignored/>
  </testcase> <!-- @BeforeTest beforeTest -->
  <testcase classname="wrappers.MobileAppWrappers" name="@BeforeTest beforeTest" time="0.0">
    <ignored/>
  </testcase> <!-- @BeforeTest beforeTest -->
  <testcase classname="wrappers.MobileAppWrappers" name="@AfterSuite afterSuite" time="0.0">
    <ignored/>
  </testcase> <!-- @AfterSuite afterSuite -->
  <testcase classname="wrappers.MobileAppWrappers" name="@AfterTest afterTest" time="0.0">
    <ignored/>
  </testcase> <!-- @AfterTest afterTest -->
  <testcase classname="wrappers.MobileAppWrappers" name="@AfterSuite afterSuite" time="0.0">
    <ignored/>
  </testcase> <!-- @AfterSuite afterSuite -->
  <testcase classname="wrappers.MobileAppWrappers" name="@AfterTest afterTest" time="0.0">
    <ignored/>
  </testcase> <!-- @AfterTest afterTest -->
  <testcase classname="wrappers.MobileAppWrappers" name="@BeforeTest beforeTest" time="0.0">
    <ignored/>
  </testcase> <!-- @BeforeTest beforeTest -->
  <testcase classname="wrappers.MobileAppWrappers" name="@AfterTest afterTest" time="0.0">
    <ignored/>
  </testcase> <!-- @AfterTest afterTest -->
  <testcase classname="wrappers.MobileAppWrappers" name="@BeforeSuite beforeSuite" time="0.0">
    <ignored/>
  </testcase> <!-- @BeforeSuite beforeSuite -->
  <testcase classname="wrappers.MobileAppWrappers" name="@AfterSuite afterSuite" time="0.0">
    <ignored/>
  </testcase> <!-- @AfterSuite afterSuite -->
  <testcase classname="wrappers.MobileAppWrappers" name="@BeforeSuite beforeSuite" time="0.0">
    <ignored/>
  </testcase> <!-- @BeforeSuite beforeSuite -->
  <testcase classname="wrappers.MobileAppWrappers" name="@BeforeTest beforeTest" time="0.0">
    <ignored/>
  </testcase> <!-- @BeforeTest beforeTest -->
  <testcase classname="wrappers.MobileAppWrappers" name="@AfterTest afterTest" time="0.0">
    <ignored/>
  </testcase> <!-- @AfterTest afterTest -->
  <testcase classname="wrappers.MobileAppWrappers" name="@AfterSuite afterSuite" time="0.0">
    <ignored/>
  </testcase> <!-- @AfterSuite afterSuite -->
  <testcase classname="wrappers.MobileAppWrappers" name="@BeforeSuite beforeSuite" time="0.0">
    <ignored/>
  </testcase> <!-- @BeforeSuite beforeSuite -->
  <testcase classname="wrappers.MobileAppWrappers" name="@BeforeSuite beforeSuite" time="0.0">
    <ignored/>
  </testcase> <!-- @BeforeSuite beforeSuite -->
  <testcase classname="wrappers.MobileAppWrappers" name="@AfterTest afterTest" time="0.0">
    <ignored/>
  </testcase> <!-- @AfterTest afterTest -->
  <testcase classname="wrappers.MobileAppWrappers" name="@BeforeTest beforeTest" time="0.0">
    <ignored/>
  </testcase> <!-- @BeforeTest beforeTest -->
  <testcase classname="wrappers.MobileAppWrappers" name="@AfterSuite afterSuite" time="0.0">
    <ignored/>
  </testcase> <!-- @AfterSuite afterSuite -->
  <testcase classname="wrappers.MobileAppWrappers" name="@BeforeSuite beforeSuite" time="0.0">
    <ignored/>
  </testcase> <!-- @BeforeSuite beforeSuite -->
</testsuite> <!-- Default test -->
