<?xml version="1.0" encoding="UTF-8"?>
<testng-results ignored="0" total="1" passed="1" failed="0" skipped="0">
  <reporter-output>
  </reporter-output>
  <suite started-at="2025-04-24T15:12:14 IST" name="Default suite" finished-at="2025-04-24T15:12:56 IST" duration-ms="42420">
    <groups>
    </groups>
    <test started-at="2025-04-24T15:12:14 IST" name="Default test" finished-at="2025-04-24T15:12:56 IST" duration-ms="42420">
      <class name="sZephyr_testcases.TC02_SignUp">
        <test-method is-config="true" signature="beforeSuite()[pri:0, instance:sZephyr_testcases.TC02_SignUp@53976f5c]" started-at="2025-04-24T15:12:14 IST" name="beforeSuite" finished-at="2025-04-24T15:12:14 IST" duration-ms="229" status="PASS">
          <reporter-output>
          </reporter-output>
        </test-method> <!-- beforeSuite -->
        <test-method is-config="true" signature="beforeTest()[pri:0, instance:sZephyr_testcases.TC02_SignUp@53976f5c]" started-at="2025-04-24T15:12:14 IST" name="beforeTest" finished-at="2025-04-24T15:12:14 IST" duration-ms="0" status="PASS">
          <reporter-output>
          </reporter-output>
        </test-method> <!-- beforeTest -->
        <test-method is-config="true" signature="startTestCase()[pri:0, instance:sZephyr_testcases.TC02_SignUp@53976f5c]" started-at="2025-04-24T15:12:14 IST" name="startTestCase" finished-at="2025-04-24T15:12:14 IST" duration-ms="1" status="PASS">
          <reporter-output>
          </reporter-output>
        </test-method> <!-- startTestCase -->
        <test-method is-config="true" signature="beforeMethod()[pri:0, instance:sZephyr_testcases.TC02_SignUp@53976f5c]" started-at="2025-04-24T15:12:14 IST" name="beforeMethod" finished-at="2025-04-24T15:12:14 IST" duration-ms="3" status="PASS">
          <reporter-output>
          </reporter-output>
        </test-method> <!-- beforeMethod -->
        <test-method signature="signUp()[pri:1, instance:sZephyr_testcases.TC02_SignUp@53976f5c]" started-at="2025-04-24T15:12:14 IST" name="signUp" finished-at="2025-04-24T15:12:26 IST" duration-ms="12303" status="PASS">
          <reporter-output>
          </reporter-output>
        </test-method> <!-- signUp -->
        <test-method is-config="true" signature="afterMethod()[pri:0, instance:sZephyr_testcases.TC02_SignUp@53976f5c]" started-at="2025-04-24T15:12:26 IST" name="afterMethod" finished-at="2025-04-24T15:12:56 IST" duration-ms="30090" status="PASS">
          <reporter-output>
          </reporter-output>
        </test-method> <!-- afterMethod -->
        <test-method is-config="true" signature="afterTest()[pri:0, instance:sZephyr_testcases.TC02_SignUp@53976f5c]" started-at="2025-04-24T15:12:56 IST" name="afterTest" finished-at="2025-04-24T15:12:56 IST" duration-ms="0" status="PASS">
          <reporter-output>
          </reporter-output>
        </test-method> <!-- afterTest -->
        <test-method is-config="true" signature="afterSuite()[pri:0, instance:sZephyr_testcases.TC02_SignUp@53976f5c]" started-at="2025-04-24T15:12:56 IST" name="afterSuite" finished-at="2025-04-24T15:12:56 IST" duration-ms="184" status="PASS">
          <reporter-output>
          </reporter-output>
        </test-method> <!-- afterSuite -->
      </class> <!-- sZephyr_testcases.TC02_SignUp -->
    </test> <!-- Default test -->
  </suite> <!-- Default suite -->
</testng-results>
