<?xml version="1.0" encoding="UTF-8"?>
<testng-results ignored="0" total="1" passed="1" failed="0" skipped="0">
  <reporter-output>
  </reporter-output>
  <suite started-at="2025-01-01T13:48:34 IST" name="Default suite" finished-at="2025-01-01T13:51:46 IST" duration-ms="191784">
    <groups>
    </groups>
    <test started-at="2025-01-01T13:48:34 IST" name="Default test" finished-at="2025-01-01T13:51:46 IST" duration-ms="191784">
      <class name="sZephyr_testcases.TC01_Accounts_Info">
        <test-method is-config="true" signature="beforeSuite()[pri:0, instance:sZephyr_testcases.TC01_Accounts_Info@34129c78]" started-at="2025-01-01T13:48:34 IST" name="beforeSuite" finished-at="2025-01-01T13:48:34 IST" duration-ms="326" status="PASS">
          <reporter-output>
          </reporter-output>
        </test-method> <!-- beforeSuite -->
        <test-method is-config="true" signature="beforeTest()[pri:0, instance:sZephyr_testcases.TC01_Accounts_Info@34129c78]" started-at="2025-01-01T13:48:34 IST" name="beforeTest" finished-at="2025-01-01T13:48:34 IST" duration-ms="0" status="PASS">
          <reporter-output>
          </reporter-output>
        </test-method> <!-- beforeTest -->
        <test-method is-config="true" signature="startTestCase()[pri:0, instance:sZephyr_testcases.TC01_Accounts_Info@34129c78]" started-at="2025-01-01T13:48:35 IST" name="startTestCase" finished-at="2025-01-01T13:48:35 IST" duration-ms="0" status="PASS">
          <reporter-output>
          </reporter-output>
        </test-method> <!-- startTestCase -->
        <test-method is-config="true" signature="beforeMethod()[pri:0, instance:sZephyr_testcases.TC01_Accounts_Info@34129c78]" started-at="2025-01-01T13:48:35 IST" name="beforeMethod" finished-at="2025-01-01T13:48:35 IST" duration-ms="3" status="PASS">
          <reporter-output>
          </reporter-output>
        </test-method> <!-- beforeMethod -->
        <test-method signature="removerepair()[pri:0, instance:sZephyr_testcases.TC01_Accounts_Info@34129c78]" started-at="2025-01-01T13:48:35 IST" name="removerepair" finished-at="2025-01-01T13:51:44 IST" duration-ms="189146" status="PASS">
          <reporter-output>
          </reporter-output>
        </test-method> <!-- removerepair -->
        <test-method is-config="true" signature="afterMethod()[pri:0, instance:sZephyr_testcases.TC01_Accounts_Info@34129c78]" started-at="2025-01-01T13:51:44 IST" name="afterMethod" finished-at="2025-01-01T13:51:46 IST" duration-ms="2610" status="PASS">
          <reporter-output>
          </reporter-output>
        </test-method> <!-- afterMethod -->
        <test-method is-config="true" signature="afterTest()[pri:0, instance:sZephyr_testcases.TC01_Accounts_Info@34129c78]" started-at="2025-01-01T13:51:46 IST" name="afterTest" finished-at="2025-01-01T13:51:46 IST" duration-ms="0" status="PASS">
          <reporter-output>
          </reporter-output>
        </test-method> <!-- afterTest -->
        <test-method is-config="true" signature="afterSuite()[pri:0, instance:sZephyr_testcases.TC01_Accounts_Info@34129c78]" started-at="2025-01-01T13:51:46 IST" name="afterSuite" finished-at="2025-01-01T13:51:47 IST" duration-ms="236" status="PASS">
          <reporter-output>
          </reporter-output>
        </test-method> <!-- afterSuite -->
      </class> <!-- sZephyr_testcases.TC01_Accounts_Info -->
    </test> <!-- Default test -->
  </suite> <!-- Default suite -->
</testng-results>
