<?xml version="1.0" encoding="UTF-8"?>
<testng-results ignored="0" total="1" passed="1" failed="0" skipped="0">
  <reporter-output>
  </reporter-output>
  <suite started-at="2024-12-12T17:16:00 IST" name="Default suite" finished-at="2024-12-12T17:17:22 IST" duration-ms="81906">
    <groups>
    </groups>
    <test started-at="2024-12-12T17:16:00 IST" name="Default test" finished-at="2024-12-12T17:17:22 IST" duration-ms="81906">
      <class name="testcases_signIn_up_accountsinfo_module.TC04_SignIn_Valid_User">
        <test-method is-config="true" signature="beforeSuite()[pri:0, instance:testcases_signIn_up_accountsinfo_module.TC04_SignIn_Valid_User@64b0598]" started-at="2024-12-12T17:16:00 IST" name="beforeSuite" finished-at="2024-12-12T17:16:00 IST" duration-ms="741" status="PASS">
          <reporter-output>
          </reporter-output>
        </test-method> <!-- beforeSuite -->
        <test-method is-config="true" signature="beforeTest()[pri:0, instance:testcases_signIn_up_accountsinfo_module.TC04_SignIn_Valid_User@64b0598]" started-at="2024-12-12T17:16:00 IST" name="beforeTest" finished-at="2024-12-12T17:16:00 IST" duration-ms="0" status="PASS">
          <reporter-output>
          </reporter-output>
        </test-method> <!-- beforeTest -->
        <test-method is-config="true" signature="startTestCase()[pri:0, instance:testcases_signIn_up_accountsinfo_module.TC04_SignIn_Valid_User@64b0598]" started-at="2024-12-12T17:16:00 IST" name="startTestCase" finished-at="2024-12-12T17:16:00 IST" duration-ms="0" status="PASS">
          <reporter-output>
          </reporter-output>
        </test-method> <!-- startTestCase -->
        <test-method is-config="true" signature="beforeMethod()[pri:0, instance:testcases_signIn_up_accountsinfo_module.TC04_SignIn_Valid_User@64b0598]" started-at="2024-12-12T17:16:00 IST" name="beforeMethod" finished-at="2024-12-12T17:16:00 IST" duration-ms="14" status="PASS">
          <reporter-output>
          </reporter-output>
        </test-method> <!-- beforeMethod -->
        <test-method signature="login()[pri:0, instance:testcases_signIn_up_accountsinfo_module.TC04_SignIn_Valid_User@64b0598]" started-at="2024-12-12T17:16:00 IST" name="login" finished-at="2024-12-12T17:17:20 IST" duration-ms="79150" status="PASS">
          <reporter-output>
          </reporter-output>
        </test-method> <!-- login -->
        <test-method is-config="true" signature="afterMethod()[pri:0, instance:testcases_signIn_up_accountsinfo_module.TC04_SignIn_Valid_User@64b0598]" started-at="2024-12-12T17:17:20 IST" name="afterMethod" finished-at="2024-12-12T17:17:22 IST" duration-ms="2662" status="PASS">
          <reporter-output>
          </reporter-output>
        </test-method> <!-- afterMethod -->
        <test-method is-config="true" signature="afterTest()[pri:0, instance:testcases_signIn_up_accountsinfo_module.TC04_SignIn_Valid_User@64b0598]" started-at="2024-12-12T17:17:22 IST" name="afterTest" finished-at="2024-12-12T17:17:22 IST" duration-ms="0" status="PASS">
          <reporter-output>
          </reporter-output>
        </test-method> <!-- afterTest -->
        <test-method is-config="true" signature="afterSuite()[pri:0, instance:testcases_signIn_up_accountsinfo_module.TC04_SignIn_Valid_User@64b0598]" started-at="2024-12-12T17:17:22 IST" name="afterSuite" finished-at="2024-12-12T17:17:23 IST" duration-ms="510" status="PASS">
          <reporter-output>
          </reporter-output>
        </test-method> <!-- afterSuite -->
      </class> <!-- testcases_signIn_up_accountsinfo_module.TC04_SignIn_Valid_User -->
    </test> <!-- Default test -->
  </suite> <!-- Default suite -->
</testng-results>
