<?xml version="1.0" encoding="UTF-8"?>
<testng-results retried="1" ignored="1" total="3" passed="0" failed="1" skipped="0">
  <reporter-output>
  </reporter-output>
  <suite started-at="2025-05-08T22:01:35 IST" name="Suite" finished-at="2025-05-08T22:02:33 IST" duration-ms="57605">
    <groups>
    </groups>
    <test started-at="2025-05-08T22:01:35 IST" name="Test" finished-at="2025-05-08T22:02:33 IST" duration-ms="57605">
      <class name="sZephyr_testcases.TC08_Pairing_BlewithoutRouter">
        <test-method is-config="true" signature="beforeSuite()[pri:0, instance:sZephyr_testcases.TC08_Pairing_BlewithoutRouter@a3d8174]" started-at="2025-05-08T22:01:35 IST" name="beforeSuite" finished-at="2025-05-08T22:01:35 IST" duration-ms="286" status="PASS">
          <reporter-output>
          </reporter-output>
        </test-method> <!-- beforeSuite -->
        <test-method is-config="true" signature="beforeTest()[pri:0, instance:sZephyr_testcases.TC08_Pairing_BlewithoutRouter@a3d8174]" started-at="2025-05-08T22:01:35 IST" name="beforeTest" finished-at="2025-05-08T22:01:35 IST" duration-ms="0" status="PASS">
          <reporter-output>
          </reporter-output>
        </test-method> <!-- beforeTest -->
        <test-method is-config="true" signature="startTestCase()[pri:0, instance:sZephyr_testcases.TC08_Pairing_BlewithoutRouter@a3d8174]" started-at="2025-05-08T22:01:35 IST" name="startTestCase" finished-at="2025-05-08T22:01:35 IST" duration-ms="0" status="PASS">
          <reporter-output>
          </reporter-output>
        </test-method> <!-- startTestCase -->
        <test-method is-config="true" signature="beforeMethod()[pri:0, instance:sZephyr_testcases.TC08_Pairing_BlewithoutRouter@a3d8174]" started-at="2025-05-08T22:01:35 IST" name="beforeMethod" finished-at="2025-05-08T22:01:35 IST" duration-ms="3" status="PASS">
          <reporter-output>
          </reporter-output>
        </test-method> <!-- beforeMethod -->
        <test-method retried="true" signature="removerepair()[pri:7, instance:sZephyr_testcases.TC08_Pairing_BlewithoutRouter@a3d8174]" started-at="2025-05-08T22:01:35 IST" name="removerepair" finished-at="2025-05-08T22:02:04 IST" duration-ms="28563" status="SKIP">
          <exception class="org.openqa.selenium.WebDriverException">
            <message>
              <![CDATA[An unknown server-side error occurred while processing the command. Original error: The application at 'C:\Users\QA Automation\Desktop\APK\Android_SZephyr.apk' does not exist or is not accessible
Build info: version: '3.141.59', revision: 'e82be7d358', time: '2018-11-14T08:17:03'
System info: host: 'ADMIN', ip: '192.168.10.98', os.name: 'Windows 11', os.arch: 'amd64', os.version: '10.0', java.version: '21.0.6'
Driver info: io.appium.java_client.android.AndroidDriver
Capabilities {automationName: uiautomator2, databaseEnabled: false, desired: {automationName: uiautomator2, deviceName: lava T2, ignoreHiddenApiPolicyError: true, newCommandTimeout: 999999, platformName: android, platformVersion: 14, udid: d26694530621}, deviceApiLevel: 31, deviceManufacturer: Xiaomi, deviceModel: M2010J19SI, deviceName: d26694530621, deviceScreenDensity: 440, deviceScreenSize: 1080x2340, deviceUDID: d26694530621, ignoreHiddenApiPolicyError: true, javascriptEnabled: true, locationContextEnabled: false, networkConnectionEnabled: true, newCommandTimeout: 999999, pixelRatio: 2.75, platform: LINUX, platformName: Android, platformVersion: 12, statBarHeight: 78, takesScreenshot: true, udid: d26694530621, viewportRect: {height: 2262, left: 0, top: 78, width: 1080}, warnings: {}, webStorageEnabled: false}
Session ID: 5a4aec80-2c20-4b0c-b5ed-94d77d1782f6]]>
            </message>
            <full-stacktrace>
              <![CDATA[org.openqa.selenium.WebDriverException: An unknown server-side error occurred while processing the command. Original error: The application at 'C:\Users\QA Automation\Desktop\APK\Android_SZephyr.apk' does not exist or is not accessible
Build info: version: '3.141.59', revision: 'e82be7d358', time: '2018-11-14T08:17:03'
System info: host: 'ADMIN', ip: '192.168.10.98', os.name: 'Windows 11', os.arch: 'amd64', os.version: '10.0', java.version: '21.0.6'
Driver info: io.appium.java_client.android.AndroidDriver
Capabilities {automationName: uiautomator2, databaseEnabled: false, desired: {automationName: uiautomator2, deviceName: lava T2, ignoreHiddenApiPolicyError: true, newCommandTimeout: 999999, platformName: android, platformVersion: 14, udid: d26694530621}, deviceApiLevel: 31, deviceManufacturer: Xiaomi, deviceModel: M2010J19SI, deviceName: d26694530621, deviceScreenDensity: 440, deviceScreenSize: 1080x2340, deviceUDID: d26694530621, ignoreHiddenApiPolicyError: true, javascriptEnabled: true, locationContextEnabled: false, networkConnectionEnabled: true, newCommandTimeout: 999999, pixelRatio: 2.75, platform: LINUX, platformName: Android, platformVersion: 12, statBarHeight: 78, takesScreenshot: true, udid: d26694530621, viewportRect: {height: 2262, left: 0, top: 78, width: 1080}, warnings: {}, webStorageEnabled: false}
Session ID: 5a4aec80-2c20-4b0c-b5ed-94d77d1782f6
at java.base/jdk.internal.reflect.DirectConstructorHandleAccessor.newInstance(DirectConstructorHandleAccessor.java:62)
at java.base/java.lang.reflect.Constructor.newInstanceWithCaller(Constructor.java:502)
at java.base/java.lang.reflect.Constructor.newInstance(Constructor.java:486)
at org.openqa.selenium.remote.http.W3CHttpResponseCodec.createException(W3CHttpResponseCodec.java:187)
at org.openqa.selenium.remote.http.W3CHttpResponseCodec.decode(W3CHttpResponseCodec.java:122)
at org.openqa.selenium.remote.http.W3CHttpResponseCodec.decode(W3CHttpResponseCodec.java:49)
at org.openqa.selenium.remote.HttpCommandExecutor.execute(HttpCommandExecutor.java:158)
at io.appium.java_client.remote.AppiumCommandExecutor.execute(AppiumCommandExecutor.java:239)
at org.openqa.selenium.remote.RemoteWebDriver.execute(RemoteWebDriver.java:552)
at io.appium.java_client.DefaultGenericMobileDriver.execute(DefaultGenericMobileDriver.java:41)
at io.appium.java_client.AppiumDriver.execute(AppiumDriver.java:1)
at io.appium.java_client.android.AndroidDriver.execute(AndroidDriver.java:1)
at io.appium.java_client.CommandExecutionHelper.execute(CommandExecutionHelper.java:27)
at io.appium.java_client.InteractsWithApps.installApp(InteractsWithApps.java:74)
at io.appium.java_client.InteractsWithApps.installApp(InteractsWithApps.java:59)
at wrappers.GenericWrappers.initAndriodDriver(GenericWrappers.java:119)
at sZephyr_testcases.TC08_Pairing_BlewithoutRouter.removerepair(TC08_Pairing_BlewithoutRouter.java:43)
at java.base/jdk.internal.reflect.DirectMethodHandleAccessor.invoke(DirectMethodHandleAccessor.java:103)
at java.base/java.lang.reflect.Method.invoke(Method.java:580)
at org.testng.internal.invokers.MethodInvocationHelper.invokeMethod(MethodInvocationHelper.java:139)
at org.testng.internal.invokers.TestInvoker.invokeMethod(TestInvoker.java:664)
at org.testng.internal.invokers.TestInvoker.invokeTestMethod(TestInvoker.java:228)
at org.testng.internal.invokers.MethodRunner.runInSequence(MethodRunner.java:63)
at org.testng.internal.invokers.TestInvoker$MethodInvocationAgent.invoke(TestInvoker.java:961)
at org.testng.internal.invokers.TestInvoker.invokeTestMethods(TestInvoker.java:201)
at org.testng.internal.invokers.TestMethodWorker.invokeTestMethods(TestMethodWorker.java:148)
at org.testng.internal.invokers.TestMethodWorker.run(TestMethodWorker.java:128)
at java.base/java.util.ArrayList.forEach(ArrayList.java:1596)
at org.testng.TestRunner.privateRun(TestRunner.java:819)
at org.testng.TestRunner.run(TestRunner.java:619)
at org.testng.SuiteRunner.runTest(SuiteRunner.java:443)
at org.testng.SuiteRunner.runSequentially(SuiteRunner.java:437)
at org.testng.SuiteRunner.privateRun(SuiteRunner.java:397)
at org.testng.SuiteRunner.run(SuiteRunner.java:336)
at org.testng.SuiteRunnerWorker.runSuite(SuiteRunnerWorker.java:52)
at org.testng.SuiteRunnerWorker.run(SuiteRunnerWorker.java:95)
at org.testng.TestNG.runSuitesSequentially(TestNG.java:1301)
at org.testng.TestNG.runSuitesLocally(TestNG.java:1228)
at org.testng.TestNG.runSuites(TestNG.java:1134)
at org.testng.TestNG.run(TestNG.java:1101)
at org.testng.remote.AbstractRemoteTestNG.run(AbstractRemoteTestNG.java:115)
at org.testng.remote.RemoteTestNG.initAndRun(RemoteTestNG.java:293)
at org.testng.remote.RemoteTestNG.main(RemoteTestNG.java:91)
]]>
            </full-stacktrace>
          </exception> <!-- org.openqa.selenium.WebDriverException -->
          <reporter-output>
          </reporter-output>
        </test-method> <!-- removerepair -->
        <test-method is-config="true" signature="afterMethod()[pri:0, instance:sZephyr_testcases.TC08_Pairing_BlewithoutRouter@a3d8174]" started-at="2025-05-08T22:02:04 IST" name="afterMethod" finished-at="2025-05-08T22:02:04 IST" duration-ms="329" status="PASS">
          <reporter-output>
          </reporter-output>
        </test-method> <!-- afterMethod -->
        <test-method is-config="true" signature="beforeMethod()[pri:0, instance:sZephyr_testcases.TC08_Pairing_BlewithoutRouter@a3d8174]" started-at="2025-05-08T22:02:04 IST" name="beforeMethod" finished-at="2025-05-08T22:02:04 IST" duration-ms="1" status="PASS">
          <reporter-output>
          </reporter-output>
        </test-method> <!-- beforeMethod -->
        <test-method signature="removerepair()[pri:7, instance:sZephyr_testcases.TC08_Pairing_BlewithoutRouter@a3d8174]" started-at="2025-05-08T22:02:04 IST" name="removerepair" finished-at="2025-05-08T22:02:33 IST" duration-ms="28363" status="FAIL">
          <exception class="org.openqa.selenium.WebDriverException">
            <message>
              <![CDATA[An unknown server-side error occurred while processing the command. Original error: The application at 'C:\Users\QA Automation\Desktop\APK\Android_SZephyr.apk' does not exist or is not accessible
Build info: version: '3.141.59', revision: 'e82be7d358', time: '2018-11-14T08:17:03'
System info: host: 'ADMIN', ip: '192.168.10.98', os.name: 'Windows 11', os.arch: 'amd64', os.version: '10.0', java.version: '21.0.6'
Driver info: io.appium.java_client.android.AndroidDriver
Capabilities {automationName: uiautomator2, databaseEnabled: false, desired: {automationName: uiautomator2, deviceName: lava T2, ignoreHiddenApiPolicyError: true, newCommandTimeout: 999999, platformName: android, platformVersion: 14, udid: d26694530621}, deviceApiLevel: 31, deviceManufacturer: Xiaomi, deviceModel: M2010J19SI, deviceName: d26694530621, deviceScreenDensity: 440, deviceScreenSize: 1080x2340, deviceUDID: d26694530621, ignoreHiddenApiPolicyError: true, javascriptEnabled: true, locationContextEnabled: false, networkConnectionEnabled: true, newCommandTimeout: 999999, pixelRatio: 2.75, platform: LINUX, platformName: Android, platformVersion: 12, statBarHeight: 78, takesScreenshot: true, udid: d26694530621, viewportRect: {height: 2262, left: 0, top: 78, width: 1080}, warnings: {}, webStorageEnabled: false}
Session ID: 7a5af2c5-39ca-4d0f-9b60-a41ddacc6d18]]>
            </message>
            <full-stacktrace>
              <![CDATA[org.openqa.selenium.WebDriverException: An unknown server-side error occurred while processing the command. Original error: The application at 'C:\Users\QA Automation\Desktop\APK\Android_SZephyr.apk' does not exist or is not accessible
Build info: version: '3.141.59', revision: 'e82be7d358', time: '2018-11-14T08:17:03'
System info: host: 'ADMIN', ip: '192.168.10.98', os.name: 'Windows 11', os.arch: 'amd64', os.version: '10.0', java.version: '21.0.6'
Driver info: io.appium.java_client.android.AndroidDriver
Capabilities {automationName: uiautomator2, databaseEnabled: false, desired: {automationName: uiautomator2, deviceName: lava T2, ignoreHiddenApiPolicyError: true, newCommandTimeout: 999999, platformName: android, platformVersion: 14, udid: d26694530621}, deviceApiLevel: 31, deviceManufacturer: Xiaomi, deviceModel: M2010J19SI, deviceName: d26694530621, deviceScreenDensity: 440, deviceScreenSize: 1080x2340, deviceUDID: d26694530621, ignoreHiddenApiPolicyError: true, javascriptEnabled: true, locationContextEnabled: false, networkConnectionEnabled: true, newCommandTimeout: 999999, pixelRatio: 2.75, platform: LINUX, platformName: Android, platformVersion: 12, statBarHeight: 78, takesScreenshot: true, udid: d26694530621, viewportRect: {height: 2262, left: 0, top: 78, width: 1080}, warnings: {}, webStorageEnabled: false}
Session ID: 7a5af2c5-39ca-4d0f-9b60-a41ddacc6d18
at java.base/jdk.internal.reflect.DirectConstructorHandleAccessor.newInstance(DirectConstructorHandleAccessor.java:62)
at java.base/java.lang.reflect.Constructor.newInstanceWithCaller(Constructor.java:502)
at java.base/java.lang.reflect.Constructor.newInstance(Constructor.java:486)
at org.openqa.selenium.remote.http.W3CHttpResponseCodec.createException(W3CHttpResponseCodec.java:187)
at org.openqa.selenium.remote.http.W3CHttpResponseCodec.decode(W3CHttpResponseCodec.java:122)
at org.openqa.selenium.remote.http.W3CHttpResponseCodec.decode(W3CHttpResponseCodec.java:49)
at org.openqa.selenium.remote.HttpCommandExecutor.execute(HttpCommandExecutor.java:158)
at io.appium.java_client.remote.AppiumCommandExecutor.execute(AppiumCommandExecutor.java:239)
at org.openqa.selenium.remote.RemoteWebDriver.execute(RemoteWebDriver.java:552)
at io.appium.java_client.DefaultGenericMobileDriver.execute(DefaultGenericMobileDriver.java:41)
at io.appium.java_client.AppiumDriver.execute(AppiumDriver.java:1)
at io.appium.java_client.android.AndroidDriver.execute(AndroidDriver.java:1)
at io.appium.java_client.CommandExecutionHelper.execute(CommandExecutionHelper.java:27)
at io.appium.java_client.InteractsWithApps.installApp(InteractsWithApps.java:74)
at io.appium.java_client.InteractsWithApps.installApp(InteractsWithApps.java:59)
at wrappers.GenericWrappers.initAndriodDriver(GenericWrappers.java:119)
at sZephyr_testcases.TC08_Pairing_BlewithoutRouter.removerepair(TC08_Pairing_BlewithoutRouter.java:43)
at java.base/jdk.internal.reflect.DirectMethodHandleAccessor.invoke(DirectMethodHandleAccessor.java:103)
at java.base/java.lang.reflect.Method.invoke(Method.java:580)
at org.testng.internal.invokers.MethodInvocationHelper.invokeMethod(MethodInvocationHelper.java:139)
at org.testng.internal.invokers.TestInvoker.invokeMethod(TestInvoker.java:664)
at org.testng.internal.invokers.TestInvoker.retryFailed(TestInvoker.java:249)
at org.testng.internal.invokers.MethodRunner.runInSequence(MethodRunner.java:76)
at org.testng.internal.invokers.TestInvoker$MethodInvocationAgent.invoke(TestInvoker.java:961)
at org.testng.internal.invokers.TestInvoker.invokeTestMethods(TestInvoker.java:201)
at org.testng.internal.invokers.TestMethodWorker.invokeTestMethods(TestMethodWorker.java:148)
at org.testng.internal.invokers.TestMethodWorker.run(TestMethodWorker.java:128)
at java.base/java.util.ArrayList.forEach(ArrayList.java:1596)
at org.testng.TestRunner.privateRun(TestRunner.java:819)
at org.testng.TestRunner.run(TestRunner.java:619)
at org.testng.SuiteRunner.runTest(SuiteRunner.java:443)
at org.testng.SuiteRunner.runSequentially(SuiteRunner.java:437)
at org.testng.SuiteRunner.privateRun(SuiteRunner.java:397)
at org.testng.SuiteRunner.run(SuiteRunner.java:336)
at org.testng.SuiteRunnerWorker.runSuite(SuiteRunnerWorker.java:52)
at org.testng.SuiteRunnerWorker.run(SuiteRunnerWorker.java:95)
at org.testng.TestNG.runSuitesSequentially(TestNG.java:1301)
at org.testng.TestNG.runSuitesLocally(TestNG.java:1228)
at org.testng.TestNG.runSuites(TestNG.java:1134)
at org.testng.TestNG.run(TestNG.java:1101)
at org.testng.remote.AbstractRemoteTestNG.run(AbstractRemoteTestNG.java:115)
at org.testng.remote.RemoteTestNG.initAndRun(RemoteTestNG.java:293)
at org.testng.remote.RemoteTestNG.main(RemoteTestNG.java:91)
]]>
            </full-stacktrace>
          </exception> <!-- org.openqa.selenium.WebDriverException -->
          <reporter-output>
          </reporter-output>
        </test-method> <!-- removerepair -->
        <test-method is-config="true" signature="afterMethod()[pri:0, instance:sZephyr_testcases.TC08_Pairing_BlewithoutRouter@a3d8174]" started-at="2025-05-08T22:02:33 IST" name="afterMethod" finished-at="2025-05-08T22:02:33 IST" duration-ms="317" status="PASS">
          <reporter-output>
          </reporter-output>
        </test-method> <!-- afterMethod -->
        <test-method is-config="true" signature="afterTest()[pri:0, instance:sZephyr_testcases.TC08_Pairing_BlewithoutRouter@a3d8174]" started-at="2025-05-08T22:02:33 IST" name="afterTest" finished-at="2025-05-08T22:02:33 IST" duration-ms="0" status="PASS">
          <reporter-output>
          </reporter-output>
        </test-method> <!-- afterTest -->
        <test-method is-config="true" signature="afterSuite()[pri:0, instance:sZephyr_testcases.TC08_Pairing_BlewithoutRouter@a3d8174]" started-at="2025-05-08T22:02:33 IST" name="afterSuite" finished-at="2025-05-08T22:02:33 IST" duration-ms="221" status="PASS">
          <reporter-output>
          </reporter-output>
        </test-method> <!-- afterSuite -->
      </class> <!-- sZephyr_testcases.TC08_Pairing_BlewithoutRouter -->
    </test> <!-- Test -->
  </suite> <!-- Suite -->
</testng-results>
