<?xml version="1.0" encoding="UTF-8"?>
<testng-results ignored="0" total="1" passed="1" failed="0" skipped="0">
  <reporter-output>
  </reporter-output>
  <suite started-at="2025-09-17T18:15:47 IST" name="Default suite" finished-at="2025-09-17T18:23:26 IST" duration-ms="458469">
    <groups>
    </groups>
    <test started-at="2025-09-17T18:15:47 IST" name="Default test" finished-at="2025-09-17T18:23:26 IST" duration-ms="458469">
      <class name="sZephyr_testcases.TC17_WIfiWithout_router">
        <test-method is-config="true" signature="beforeSuite()[pri:0, instance:sZephyr_testcases.TC17_WIfiWithout_router@638ef7ed]" started-at="2025-09-17T18:15:47 IST" name="beforeSuite" finished-at="2025-09-17T18:15:47 IST" duration-ms="346" status="PASS">
          <reporter-output>
          </reporter-output>
        </test-method> <!-- beforeSuite -->
        <test-method is-config="true" signature="beforeTest()[pri:0, instance:sZephyr_testcases.TC17_WIfiWithout_router@638ef7ed]" started-at="2025-09-17T18:15:47 IST" name="beforeTest" finished-at="2025-09-17T18:15:47 IST" duration-ms="2" status="PASS">
          <reporter-output>
          </reporter-output>
        </test-method> <!-- beforeTest -->
        <test-method is-config="true" signature="startTestCase()[pri:0, instance:sZephyr_testcases.TC17_WIfiWithout_router@638ef7ed]" started-at="2025-09-17T18:15:47 IST" name="startTestCase" finished-at="2025-09-17T18:15:47 IST" duration-ms="1" status="PASS">
          <reporter-output>
          </reporter-output>
        </test-method> <!-- startTestCase -->
        <test-method is-config="true" signature="beforeMethod()[pri:0, instance:sZephyr_testcases.TC17_WIfiWithout_router@638ef7ed]" started-at="2025-09-17T18:15:47 IST" name="beforeMethod" finished-at="2025-09-17T18:15:47 IST" duration-ms="3" status="PASS">
          <reporter-output>
          </reporter-output>
        </test-method> <!-- beforeMethod -->
        <test-method signature="TC17_WifiWithoutRouter_CONNECTIVITY()[pri:16, instance:sZephyr_testcases.TC17_WIfiWithout_router@638ef7ed]" started-at="2025-09-17T18:15:47 IST" name="TC17_WifiWithoutRouter_CONNECTIVITY" finished-at="2025-09-17T18:23:25 IST" duration-ms="457730" status="PASS">
          <reporter-output>
          </reporter-output>
        </test-method> <!-- TC17_WifiWithoutRouter_CONNECTIVITY -->
        <test-method is-config="true" signature="afterMethod()[pri:0, instance:sZephyr_testcases.TC17_WIfiWithout_router@638ef7ed]" started-at="2025-09-17T18:23:25 IST" name="afterMethod" finished-at="2025-09-17T18:23:26 IST" duration-ms="702" status="PASS">
          <reporter-output>
          </reporter-output>
        </test-method> <!-- afterMethod -->
        <test-method is-config="true" signature="afterTest()[pri:0, instance:sZephyr_testcases.TC17_WIfiWithout_router@638ef7ed]" started-at="2025-09-17T18:23:26 IST" name="afterTest" finished-at="2025-09-17T18:23:26 IST" duration-ms="0" status="PASS">
          <reporter-output>
          </reporter-output>
        </test-method> <!-- afterTest -->
        <test-method is-config="true" signature="afterSuite()[pri:0, instance:sZephyr_testcases.TC17_WIfiWithout_router@638ef7ed]" started-at="2025-09-17T18:23:26 IST" name="afterSuite" finished-at="2025-09-17T18:23:26 IST" duration-ms="286" status="PASS">
          <reporter-output>
          </reporter-output>
        </test-method> <!-- afterSuite -->
      </class> <!-- sZephyr_testcases.TC17_WIfiWithout_router -->
    </test> <!-- Default test -->
  </suite> <!-- Default suite -->
</testng-results>
