<?xml version="1.0" encoding="UTF-8"?>
<testng-results ignored="0" total="1" passed="1" failed="0" skipped="0">
  <reporter-output>
  </reporter-output>
  <suite started-at="2024-12-14T16:56:23 IST" name="Default suite" finished-at="2024-12-14T17:00:02 IST" duration-ms="219174">
    <groups>
    </groups>
    <test started-at="2024-12-14T16:56:23 IST" name="Default test" finished-at="2024-12-14T17:00:02 IST" duration-ms="219174">
      <class name="sZephyr_testcases.TC21_DeviceSettings">
        <test-method is-config="true" signature="beforeSuite()[pri:0, instance:sZephyr_testcases.TC21_DeviceSettings@18f8cd79]" started-at="2024-12-14T16:56:22 IST" name="beforeSuite" finished-at="2024-12-14T16:56:23 IST" duration-ms="814" status="PASS">
          <reporter-output>
          </reporter-output>
        </test-method> <!-- beforeSuite -->
        <test-method is-config="true" signature="beforeTest()[pri:0, instance:sZephyr_testcases.TC21_DeviceSettings@18f8cd79]" started-at="2024-12-14T16:56:23 IST" name="beforeTest" finished-at="2024-12-14T16:56:23 IST" duration-ms="1" status="PASS">
          <reporter-output>
          </reporter-output>
        </test-method> <!-- beforeTest -->
        <test-method is-config="true" signature="startTestCase()[pri:0, instance:sZephyr_testcases.TC21_DeviceSettings@18f8cd79]" started-at="2024-12-14T16:56:23 IST" name="startTestCase" finished-at="2024-12-14T16:56:23 IST" duration-ms="1" status="PASS">
          <reporter-output>
          </reporter-output>
        </test-method> <!-- startTestCase -->
        <test-method is-config="true" signature="beforeMethod()[pri:0, instance:sZephyr_testcases.TC21_DeviceSettings@18f8cd79]" started-at="2024-12-14T16:56:23 IST" name="beforeMethod" finished-at="2024-12-14T16:56:23 IST" duration-ms="14" status="PASS">
          <reporter-output>
          </reporter-output>
        </test-method> <!-- beforeMethod -->
        <test-method signature="removerepair()[pri:20, instance:sZephyr_testcases.TC21_DeviceSettings@18f8cd79]" started-at="2024-12-14T16:56:23 IST" name="removerepair" finished-at="2024-12-14T17:00:01 IST" duration-ms="217285" status="PASS">
          <reporter-output>
          </reporter-output>
        </test-method> <!-- removerepair -->
        <test-method is-config="true" signature="afterMethod()[pri:0, instance:sZephyr_testcases.TC21_DeviceSettings@18f8cd79]" started-at="2024-12-14T17:00:01 IST" name="afterMethod" finished-at="2024-12-14T17:00:02 IST" duration-ms="1791" status="PASS">
          <reporter-output>
          </reporter-output>
        </test-method> <!-- afterMethod -->
        <test-method is-config="true" signature="afterTest()[pri:0, instance:sZephyr_testcases.TC21_DeviceSettings@18f8cd79]" started-at="2024-12-14T17:00:02 IST" name="afterTest" finished-at="2024-12-14T17:00:02 IST" duration-ms="1" status="PASS">
          <reporter-output>
          </reporter-output>
        </test-method> <!-- afterTest -->
        <test-method is-config="true" signature="afterSuite()[pri:0, instance:sZephyr_testcases.TC21_DeviceSettings@18f8cd79]" started-at="2024-12-14T17:00:02 IST" name="afterSuite" finished-at="2024-12-14T17:00:03 IST" duration-ms="485" status="PASS">
          <reporter-output>
          </reporter-output>
        </test-method> <!-- afterSuite -->
      </class> <!-- sZephyr_testcases.TC21_DeviceSettings -->
    </test> <!-- Default test -->
  </suite> <!-- Default suite -->
</testng-results>
