<?xml version="1.0" encoding="UTF-8"?>
<testng-results retried="6" ignored="6" total="41" passed="27" failed="2" skipped="0">
  <reporter-output>
  </reporter-output>
  <suite started-at="2025-07-14T20:33:56 IST" name="Suite" finished-at="2025-07-14T23:40:16 IST" duration-ms="11179720">
    <groups>
    </groups>
    <test started-at="2025-07-14T20:33:56 IST" name="Test" finished-at="2025-07-14T23:40:16 IST" duration-ms="11179720">
      <class name="sZephyr_testcases.TC29_Schedular">
        <test-method is-config="true" signature="startTestCase()[pri:0, instance:sZephyr_testcases.TC29_Schedular@4bd31064]" started-at="2025-07-14T22:46:52 IST" name="startTestCase" finished-at="2025-07-14T22:46:52 IST" duration-ms="1" status="PASS">
          <reporter-output>
          </reporter-output>
        </test-method> <!-- startTestCase -->
        <test-method signature="TC29_Schedular_Smartconfig_app_close()[pri:28, instance:sZephyr_testcases.TC29_Schedular@4bd31064]" started-at="2025-07-14T22:46:52 IST" name="TC29_Schedular_Smartconfig_app_close" finished-at="2025-07-14T23:03:51 IST" duration-ms="1018226" status="PASS">
          <reporter-output>
          </reporter-output>
        </test-method> <!-- TC29_Schedular_Smartconfig_app_close -->
        <test-method is-config="true" signature="beforeMethod()[pri:0, instance:sZephyr_testcases.TC29_Schedular@4bd31064]" started-at="2025-07-14T22:46:52 IST" name="beforeMethod" finished-at="2025-07-14T22:46:52 IST" duration-ms="0" status="PASS">
          <reporter-output>
          </reporter-output>
        </test-method> <!-- beforeMethod -->
        <test-method is-config="true" signature="afterMethod()[pri:0, instance:sZephyr_testcases.TC29_Schedular@4bd31064]" started-at="2025-07-14T23:03:51 IST" name="afterMethod" finished-at="2025-07-14T23:03:51 IST" duration-ms="740" status="PASS">
          <reporter-output>
          </reporter-output>
        </test-method> <!-- afterMethod -->
      </class> <!-- sZephyr_testcases.TC29_Schedular -->
      <class name="sZephyr_testcases.TC02_SignUp">
        <test-method is-config="true" signature="startTestCase()[pri:0, instance:sZephyr_testcases.TC02_SignUp@2e32ccc5]" started-at="2025-07-14T20:37:45 IST" name="startTestCase" finished-at="2025-07-14T20:37:45 IST" duration-ms="1" status="PASS">
          <reporter-output>
          </reporter-output>
        </test-method> <!-- startTestCase -->
        <test-method signature="TC02_SignUp_with_already_registered_username()[pri:1, instance:sZephyr_testcases.TC02_SignUp@2e32ccc5]" started-at="2025-07-14T20:37:45 IST" name="TC02_SignUp_with_already_registered_username" finished-at="2025-07-14T20:38:25 IST" duration-ms="39470" status="PASS">
          <reporter-output>
          </reporter-output>
        </test-method> <!-- TC02_SignUp_with_already_registered_username -->
        <test-method is-config="true" signature="beforeMethod()[pri:0, instance:sZephyr_testcases.TC02_SignUp@2e32ccc5]" started-at="2025-07-14T20:37:45 IST" name="beforeMethod" finished-at="2025-07-14T20:37:45 IST" duration-ms="0" status="PASS">
          <reporter-output>
          </reporter-output>
        </test-method> <!-- beforeMethod -->
        <test-method is-config="true" signature="afterMethod()[pri:0, instance:sZephyr_testcases.TC02_SignUp@2e32ccc5]" started-at="2025-07-14T20:38:25 IST" name="afterMethod" finished-at="2025-07-14T20:38:25 IST" duration-ms="725" status="PASS">
          <reporter-output>
          </reporter-output>
        </test-method> <!-- afterMethod -->
      </class> <!-- sZephyr_testcases.TC02_SignUp -->
      <class name="sZephyr_testcases.TC03_SignUp">
        <test-method is-config="true" signature="startTestCase()[pri:0, instance:sZephyr_testcases.TC03_SignUp@748741cb]" started-at="2025-07-14T20:38:25 IST" name="startTestCase" finished-at="2025-07-14T20:38:25 IST" duration-ms="0" status="PASS">
          <reporter-output>
          </reporter-output>
        </test-method> <!-- startTestCase -->
        <test-method signature="TC03_SignUp_Try_to_Sign_Up_with_new_username()[pri:2, instance:sZephyr_testcases.TC03_SignUp@748741cb]" started-at="2025-07-14T20:38:25 IST" name="TC03_SignUp_Try_to_Sign_Up_with_new_username" finished-at="2025-07-14T20:40:01 IST" duration-ms="96026" status="PASS">
          <reporter-output>
          </reporter-output>
        </test-method> <!-- TC03_SignUp_Try_to_Sign_Up_with_new_username -->
        <test-method is-config="true" signature="beforeMethod()[pri:0, instance:sZephyr_testcases.TC03_SignUp@748741cb]" started-at="2025-07-14T20:38:25 IST" name="beforeMethod" finished-at="2025-07-14T20:38:25 IST" duration-ms="0" status="PASS">
          <reporter-output>
          </reporter-output>
        </test-method> <!-- beforeMethod -->
        <test-method is-config="true" signature="afterMethod()[pri:0, instance:sZephyr_testcases.TC03_SignUp@748741cb]" started-at="2025-07-14T20:40:01 IST" name="afterMethod" finished-at="2025-07-14T20:40:02 IST" duration-ms="929" status="PASS">
          <reporter-output>
          </reporter-output>
        </test-method> <!-- afterMethod -->
      </class> <!-- sZephyr_testcases.TC03_SignUp -->
      <class name="sZephyr_testcases.TC06_SignIn_SuccessFlow">
        <test-method is-config="true" signature="startTestCase()[pri:0, instance:sZephyr_testcases.TC06_SignIn_SuccessFlow@1130520d]" started-at="2025-07-14T20:41:37 IST" name="startTestCase" finished-at="2025-07-14T20:41:37 IST" duration-ms="0" status="PASS">
          <reporter-output>
          </reporter-output>
        </test-method> <!-- startTestCase -->
        <test-method signature="TC06_During_SignUp_or_SignIn_enter_valid_OTP()[pri:5, instance:sZephyr_testcases.TC06_SignIn_SuccessFlow@1130520d]" started-at="2025-07-14T20:41:37 IST" name="TC06_During_SignUp_or_SignIn_enter_valid_OTP" finished-at="2025-07-14T20:42:26 IST" duration-ms="49544" status="PASS">
          <reporter-output>
          </reporter-output>
        </test-method> <!-- TC06_During_SignUp_or_SignIn_enter_valid_OTP -->
        <test-method is-config="true" signature="beforeMethod()[pri:0, instance:sZephyr_testcases.TC06_SignIn_SuccessFlow@1130520d]" started-at="2025-07-14T20:41:37 IST" name="beforeMethod" finished-at="2025-07-14T20:41:37 IST" duration-ms="0" status="PASS">
          <reporter-output>
          </reporter-output>
        </test-method> <!-- beforeMethod -->
        <test-method is-config="true" signature="afterMethod()[pri:0, instance:sZephyr_testcases.TC06_SignIn_SuccessFlow@1130520d]" started-at="2025-07-14T20:42:26 IST" name="afterMethod" finished-at="2025-07-14T20:42:27 IST" duration-ms="783" status="PASS">
          <reporter-output>
          </reporter-output>
        </test-method> <!-- afterMethod -->
      </class> <!-- sZephyr_testcases.TC06_SignIn_SuccessFlow -->
      <class name="sZephyr_testcases.TC10_Pairing_SmartConfig">
        <test-method is-config="true" signature="startTestCase()[pri:0, instance:sZephyr_testcases.TC10_Pairing_SmartConfig@1b266842]" started-at="2025-07-14T21:07:48 IST" name="startTestCase" finished-at="2025-07-14T21:07:48 IST" duration-ms="1" status="PASS">
          <reporter-output>
          </reporter-output>
        </test-method> <!-- startTestCase -->
        <test-method signature="TC10_Pairing_in_SmartConfig_Mode()[pri:9, instance:sZephyr_testcases.TC10_Pairing_SmartConfig@1b266842]" started-at="2025-07-14T21:07:48 IST" name="TC10_Pairing_in_SmartConfig_Mode" finished-at="2025-07-14T21:16:19 IST" duration-ms="511661" status="PASS">
          <reporter-output>
          </reporter-output>
        </test-method> <!-- TC10_Pairing_in_SmartConfig_Mode -->
        <test-method is-config="true" signature="beforeMethod()[pri:0, instance:sZephyr_testcases.TC10_Pairing_SmartConfig@1b266842]" started-at="2025-07-14T21:07:48 IST" name="beforeMethod" finished-at="2025-07-14T21:07:48 IST" duration-ms="0" status="PASS">
          <reporter-output>
          </reporter-output>
        </test-method> <!-- beforeMethod -->
        <test-method is-config="true" signature="afterMethod()[pri:0, instance:sZephyr_testcases.TC10_Pairing_SmartConfig@1b266842]" started-at="2025-07-14T21:16:19 IST" name="afterMethod" finished-at="2025-07-14T21:16:20 IST" duration-ms="808" status="PASS">
          <reporter-output>
          </reporter-output>
        </test-method> <!-- afterMethod -->
      </class> <!-- sZephyr_testcases.TC10_Pairing_SmartConfig -->
      <class name="sZephyr_testcases.TC04_SignIn_Flow">
        <test-method is-config="true" signature="startTestCase()[pri:0, instance:sZephyr_testcases.TC04_SignIn_Flow@3e44f2a5]" started-at="2025-07-14T20:40:02 IST" name="startTestCase" finished-at="2025-07-14T20:40:02 IST" duration-ms="0" status="PASS">
          <reporter-output>
          </reporter-output>
        </test-method> <!-- startTestCase -->
        <test-method signature="TC04_SignIn_Try_to_SignIn_with_unregistered_username()[pri:3, instance:sZephyr_testcases.TC04_SignIn_Flow@3e44f2a5]" started-at="2025-07-14T20:40:02 IST" name="TC04_SignIn_Try_to_SignIn_with_unregistered_username" finished-at="2025-07-14T20:40:38 IST" duration-ms="35270" status="PASS">
          <reporter-output>
          </reporter-output>
        </test-method> <!-- TC04_SignIn_Try_to_SignIn_with_unregistered_username -->
        <test-method is-config="true" signature="beforeMethod()[pri:0, instance:sZephyr_testcases.TC04_SignIn_Flow@3e44f2a5]" started-at="2025-07-14T20:40:02 IST" name="beforeMethod" finished-at="2025-07-14T20:40:02 IST" duration-ms="0" status="PASS">
          <reporter-output>
          </reporter-output>
        </test-method> <!-- beforeMethod -->
        <test-method is-config="true" signature="afterMethod()[pri:0, instance:sZephyr_testcases.TC04_SignIn_Flow@3e44f2a5]" started-at="2025-07-14T20:40:38 IST" name="afterMethod" finished-at="2025-07-14T20:40:39 IST" duration-ms="964" status="PASS">
          <reporter-output>
          </reporter-output>
        </test-method> <!-- afterMethod -->
      </class> <!-- sZephyr_testcases.TC04_SignIn_Flow -->
      <class name="sZephyr_testcases.TC09_Pairing_BlewithRouter">
        <test-method is-config="true" signature="beforeMethod()[pri:0, instance:sZephyr_testcases.TC09_Pairing_BlewithRouter@895e367]" started-at="2025-07-14T21:01:28 IST" name="beforeMethod" finished-at="2025-07-14T21:01:28 IST" duration-ms="0" status="PASS">
          <reporter-output>
          </reporter-output>
        </test-method> <!-- beforeMethod -->
        <test-method is-config="true" signature="startTestCase()[pri:0, instance:sZephyr_testcases.TC09_Pairing_BlewithRouter@895e367]" started-at="2025-07-14T21:01:28 IST" name="startTestCase" finished-at="2025-07-14T21:01:28 IST" duration-ms="0" status="PASS">
          <reporter-output>
          </reporter-output>
        </test-method> <!-- startTestCase -->
        <test-method retried="true" signature="TC09_Pairing_BLE_With_Router()[pri:8, instance:sZephyr_testcases.TC09_Pairing_BlewithRouter@895e367]" started-at="2025-07-14T21:01:28 IST" name="TC09_Pairing_BLE_With_Router" finished-at="2025-07-14T21:05:09 IST" duration-ms="220646" status="SKIP">
          <exception class="java.lang.RuntimeException">
            <message>
              <![CDATA[FAILED]]>
            </message>
            <full-stacktrace>
              <![CDATA[java.lang.RuntimeException: FAILED
at utils.Reporter.reportStep(Reporter.java:50)
at wrappers.GenericWrappers.fail(GenericWrappers.java:1035)
at sZephyr_testcases.TC09_Pairing_BlewithRouter.pairBlewithoutRouter(TC09_Pairing_BlewithRouter.java:99)
at sZephyr_testcases.TC09_Pairing_BlewithRouter.TC09_Pairing_BLE_With_Router(TC09_Pairing_BlewithRouter.java:41)
at java.base/jdk.internal.reflect.DirectMethodHandleAccessor.invoke(DirectMethodHandleAccessor.java:103)
at java.base/java.lang.reflect.Method.invoke(Method.java:580)
at org.testng.internal.invokers.MethodInvocationHelper.invokeMethod(MethodInvocationHelper.java:139)
at org.testng.internal.invokers.TestInvoker.invokeMethod(TestInvoker.java:664)
at org.testng.internal.invokers.TestInvoker.invokeTestMethod(TestInvoker.java:228)
at org.testng.internal.invokers.MethodRunner.runInSequence(MethodRunner.java:63)
at org.testng.internal.invokers.TestInvoker$MethodInvocationAgent.invoke(TestInvoker.java:961)
at org.testng.internal.invokers.TestInvoker.invokeTestMethods(TestInvoker.java:201)
at org.testng.internal.invokers.TestMethodWorker.invokeTestMethods(TestMethodWorker.java:148)
at org.testng.internal.invokers.TestMethodWorker.run(TestMethodWorker.java:128)
at java.base/java.util.ArrayList.forEach(ArrayList.java:1596)
at org.testng.TestRunner.privateRun(TestRunner.java:819)
at org.testng.TestRunner.run(TestRunner.java:619)
at org.testng.SuiteRunner.runTest(SuiteRunner.java:443)
at org.testng.SuiteRunner.runSequentially(SuiteRunner.java:437)
at org.testng.SuiteRunner.privateRun(SuiteRunner.java:397)
at org.testng.SuiteRunner.run(SuiteRunner.java:336)
at org.testng.SuiteRunnerWorker.runSuite(SuiteRunnerWorker.java:52)
at org.testng.SuiteRunnerWorker.run(SuiteRunnerWorker.java:95)
at org.testng.TestNG.runSuitesSequentially(TestNG.java:1301)
at org.testng.TestNG.runSuitesLocally(TestNG.java:1228)
at org.testng.TestNG.runSuites(TestNG.java:1134)
at org.testng.TestNG.run(TestNG.java:1101)
at org.testng.remote.AbstractRemoteTestNG.run(AbstractRemoteTestNG.java:115)
at org.testng.remote.RemoteTestNG.initAndRun(RemoteTestNG.java:293)
at org.testng.remote.RemoteTestNG.main(RemoteTestNG.java:91)
]]>
            </full-stacktrace>
          </exception> <!-- java.lang.RuntimeException -->
          <reporter-output>
          </reporter-output>
        </test-method> <!-- TC09_Pairing_BLE_With_Router -->
        <test-method is-config="true" signature="afterMethod()[pri:0, instance:sZephyr_testcases.TC09_Pairing_BlewithRouter@895e367]" started-at="2025-07-14T21:05:09 IST" name="afterMethod" finished-at="2025-07-14T21:05:10 IST" duration-ms="676" status="PASS">
          <reporter-output>
          </reporter-output>
        </test-method> <!-- afterMethod -->
        <test-method signature="TC09_Pairing_BLE_With_Router()[pri:8, instance:sZephyr_testcases.TC09_Pairing_BlewithRouter@895e367]" started-at="2025-07-14T21:05:10 IST" name="TC09_Pairing_BLE_With_Router" finished-at="2025-07-14T21:07:47 IST" duration-ms="157452" status="FAIL">
          <exception class="java.lang.RuntimeException">
            <message>
              <![CDATA[FAILED]]>
            </message>
            <full-stacktrace>
              <![CDATA[java.lang.RuntimeException: FAILED
at utils.Reporter.reportStep(Reporter.java:50)
at wrappers.GenericWrappers.fail(GenericWrappers.java:1035)
at sZephyr_testcases.TC09_Pairing_BlewithRouter.pairBlewithoutRouter(TC09_Pairing_BlewithRouter.java:99)
at sZephyr_testcases.TC09_Pairing_BlewithRouter.TC09_Pairing_BLE_With_Router(TC09_Pairing_BlewithRouter.java:41)
at java.base/jdk.internal.reflect.DirectMethodHandleAccessor.invoke(DirectMethodHandleAccessor.java:103)
at java.base/java.lang.reflect.Method.invoke(Method.java:580)
at org.testng.internal.invokers.MethodInvocationHelper.invokeMethod(MethodInvocationHelper.java:139)
at org.testng.internal.invokers.TestInvoker.invokeMethod(TestInvoker.java:664)
at org.testng.internal.invokers.TestInvoker.retryFailed(TestInvoker.java:249)
at org.testng.internal.invokers.MethodRunner.runInSequence(MethodRunner.java:76)
at org.testng.internal.invokers.TestInvoker$MethodInvocationAgent.invoke(TestInvoker.java:961)
at org.testng.internal.invokers.TestInvoker.invokeTestMethods(TestInvoker.java:201)
at org.testng.internal.invokers.TestMethodWorker.invokeTestMethods(TestMethodWorker.java:148)
at org.testng.internal.invokers.TestMethodWorker.run(TestMethodWorker.java:128)
at java.base/java.util.ArrayList.forEach(ArrayList.java:1596)
at org.testng.TestRunner.privateRun(TestRunner.java:819)
at org.testng.TestRunner.run(TestRunner.java:619)
at org.testng.SuiteRunner.runTest(SuiteRunner.java:443)
at org.testng.SuiteRunner.runSequentially(SuiteRunner.java:437)
at org.testng.SuiteRunner.privateRun(SuiteRunner.java:397)
at org.testng.SuiteRunner.run(SuiteRunner.java:336)
at org.testng.SuiteRunnerWorker.runSuite(SuiteRunnerWorker.java:52)
at org.testng.SuiteRunnerWorker.run(SuiteRunnerWorker.java:95)
at org.testng.TestNG.runSuitesSequentially(TestNG.java:1301)
at org.testng.TestNG.runSuitesLocally(TestNG.java:1228)
at org.testng.TestNG.runSuites(TestNG.java:1134)
at org.testng.TestNG.run(TestNG.java:1101)
at org.testng.remote.AbstractRemoteTestNG.run(AbstractRemoteTestNG.java:115)
at org.testng.remote.RemoteTestNG.initAndRun(RemoteTestNG.java:293)
at org.testng.remote.RemoteTestNG.main(RemoteTestNG.java:91)
]]>
            </full-stacktrace>
          </exception> <!-- java.lang.RuntimeException -->
          <reporter-output>
          </reporter-output>
        </test-method> <!-- TC09_Pairing_BLE_With_Router -->
        <test-method is-config="true" signature="beforeMethod()[pri:0, instance:sZephyr_testcases.TC09_Pairing_BlewithRouter@895e367]" started-at="2025-07-14T21:05:10 IST" name="beforeMethod" finished-at="2025-07-14T21:05:10 IST" duration-ms="0" status="PASS">
          <reporter-output>
          </reporter-output>
        </test-method> <!-- beforeMethod -->
        <test-method is-config="true" signature="afterMethod()[pri:0, instance:sZephyr_testcases.TC09_Pairing_BlewithRouter@895e367]" started-at="2025-07-14T21:07:47 IST" name="afterMethod" finished-at="2025-07-14T21:07:48 IST" duration-ms="668" status="PASS">
          <reporter-output>
          </reporter-output>
        </test-method> <!-- afterMethod -->
      </class> <!-- sZephyr_testcases.TC09_Pairing_BlewithRouter -->
      <class name="sZephyr_testcases.TC01_Accounts_Info">
        <test-method is-config="true" signature="startTestCase()[pri:0, instance:sZephyr_testcases.TC01_Accounts_Info@3224a577]" started-at="2025-07-14T20:33:56 IST" name="startTestCase" finished-at="2025-07-14T20:33:56 IST" duration-ms="0" status="PASS">
          <reporter-output>
          </reporter-output>
        </test-method> <!-- startTestCase -->
        <test-method is-config="true" signature="beforeMethod()[pri:0, instance:sZephyr_testcases.TC01_Accounts_Info@3224a577]" started-at="2025-07-14T20:33:56 IST" name="beforeMethod" finished-at="2025-07-14T20:33:56 IST" duration-ms="4" status="PASS">
          <reporter-output>
          </reporter-output>
        </test-method> <!-- beforeMethod -->
        <test-method signature="TC_01_Account_Info_page_check()[pri:0, instance:sZephyr_testcases.TC01_Accounts_Info@3224a577]" started-at="2025-07-14T20:33:56 IST" name="TC_01_Account_Info_page_check" finished-at="2025-07-14T20:37:44 IST" duration-ms="228021" status="PASS">
          <reporter-output>
          </reporter-output>
        </test-method> <!-- TC_01_Account_Info_page_check -->
        <test-method is-config="true" signature="afterMethod()[pri:0, instance:sZephyr_testcases.TC01_Accounts_Info@3224a577]" started-at="2025-07-14T20:37:44 IST" name="afterMethod" finished-at="2025-07-14T20:37:45 IST" duration-ms="673" status="PASS">
          <reporter-output>
          </reporter-output>
        </test-method> <!-- afterMethod -->
      </class> <!-- sZephyr_testcases.TC01_Accounts_Info -->
      <class name="sZephyr_testcases.TC31_Schedular">
        <test-method is-config="true" signature="beforeMethod()[pri:0, instance:sZephyr_testcases.TC31_Schedular@329dbdbf]" started-at="2025-07-14T23:12:44 IST" name="beforeMethod" finished-at="2025-07-14T23:12:44 IST" duration-ms="1" status="PASS">
          <reporter-output>
          </reporter-output>
        </test-method> <!-- beforeMethod -->
        <test-method is-config="true" signature="startTestCase()[pri:0, instance:sZephyr_testcases.TC31_Schedular@329dbdbf]" started-at="2025-07-14T23:12:44 IST" name="startTestCase" finished-at="2025-07-14T23:12:44 IST" duration-ms="0" status="PASS">
          <reporter-output>
          </reporter-output>
        </test-method> <!-- startTestCase -->
        <test-method signature="TC31_Schedular_BLEWithoutRouter_App_close_mode()[pri:30, instance:sZephyr_testcases.TC31_Schedular@329dbdbf]" started-at="2025-07-14T23:12:44 IST" name="TC31_Schedular_BLEWithoutRouter_App_close_mode" finished-at="2025-07-14T23:28:23 IST" duration-ms="938582" status="PASS">
          <reporter-output>
          </reporter-output>
        </test-method> <!-- TC31_Schedular_BLEWithoutRouter_App_close_mode -->
        <test-method is-config="true" signature="afterMethod()[pri:0, instance:sZephyr_testcases.TC31_Schedular@329dbdbf]" started-at="2025-07-14T23:28:23 IST" name="afterMethod" finished-at="2025-07-14T23:28:23 IST" duration-ms="728" status="PASS">
          <reporter-output>
          </reporter-output>
        </test-method> <!-- afterMethod -->
      </class> <!-- sZephyr_testcases.TC31_Schedular -->
      <class name="sZephyr_testcases.TC23_Analytics">
        <test-method is-config="true" signature="startTestCase()[pri:0, instance:sZephyr_testcases.TC23_Analytics@52815fa3]" started-at="2025-07-14T22:18:19 IST" name="startTestCase" finished-at="2025-07-14T22:18:19 IST" duration-ms="0" status="PASS">
          <reporter-output>
          </reporter-output>
        </test-method> <!-- startTestCase -->
        <test-method signature="TC_23_Analytics_BLE_withoutRouter_App_Open()[pri:22, instance:sZephyr_testcases.TC23_Analytics@52815fa3]" started-at="2025-07-14T22:18:19 IST" name="TC_23_Analytics_BLE_withoutRouter_App_Open" finished-at="2025-07-14T22:21:37 IST" duration-ms="198146" status="PASS">
          <reporter-output>
          </reporter-output>
        </test-method> <!-- TC_23_Analytics_BLE_withoutRouter_App_Open -->
        <test-method is-config="true" signature="beforeMethod()[pri:0, instance:sZephyr_testcases.TC23_Analytics@52815fa3]" started-at="2025-07-14T22:18:19 IST" name="beforeMethod" finished-at="2025-07-14T22:18:19 IST" duration-ms="0" status="PASS">
          <reporter-output>
          </reporter-output>
        </test-method> <!-- beforeMethod -->
        <test-method is-config="true" signature="afterMethod()[pri:0, instance:sZephyr_testcases.TC23_Analytics@52815fa3]" started-at="2025-07-14T22:21:37 IST" name="afterMethod" finished-at="2025-07-14T22:21:38 IST" duration-ms="673" status="PASS">
          <reporter-output>
          </reporter-output>
        </test-method> <!-- afterMethod -->
      </class> <!-- sZephyr_testcases.TC23_Analytics -->
      <class name="sZephyr_testcases.TC05_SignIn_Valid_User">
        <test-method is-config="true" signature="startTestCase()[pri:0, instance:sZephyr_testcases.TC05_SignIn_Valid_User@295cf707]" started-at="2025-07-14T20:40:39 IST" name="startTestCase" finished-at="2025-07-14T20:40:39 IST" duration-ms="0" status="PASS">
          <reporter-output>
          </reporter-output>
        </test-method> <!-- startTestCase -->
        <test-method signature="TC05_Try_to_SignIn_into_app_with_Validuserdetails_but_invalidOTP()[pri:4, instance:sZephyr_testcases.TC05_SignIn_Valid_User@295cf707]" started-at="2025-07-14T20:40:39 IST" name="TC05_Try_to_SignIn_into_app_with_Validuserdetails_but_invalidOTP" finished-at="2025-07-14T20:41:36 IST" duration-ms="57435" status="PASS">
          <reporter-output>
          </reporter-output>
        </test-method> <!-- TC05_Try_to_SignIn_into_app_with_Validuserdetails_but_invalidOTP -->
        <test-method is-config="true" signature="beforeMethod()[pri:0, instance:sZephyr_testcases.TC05_SignIn_Valid_User@295cf707]" started-at="2025-07-14T20:40:39 IST" name="beforeMethod" finished-at="2025-07-14T20:40:39 IST" duration-ms="0" status="PASS">
          <reporter-output>
          </reporter-output>
        </test-method> <!-- beforeMethod -->
        <test-method is-config="true" signature="afterMethod()[pri:0, instance:sZephyr_testcases.TC05_SignIn_Valid_User@295cf707]" started-at="2025-07-14T20:41:36 IST" name="afterMethod" finished-at="2025-07-14T20:41:37 IST" duration-ms="925" status="PASS">
          <reporter-output>
          </reporter-output>
        </test-method> <!-- afterMethod -->
      </class> <!-- sZephyr_testcases.TC05_SignIn_Valid_User -->
      <class name="sZephyr_testcases.TC19_DeviceSettings">
        <test-method is-config="true" signature="startTestCase()[pri:0, instance:sZephyr_testcases.TC19_DeviceSettings@589da3f3]" started-at="2025-07-14T22:02:20 IST" name="startTestCase" finished-at="2025-07-14T22:02:20 IST" duration-ms="0" status="PASS">
          <reporter-output>
          </reporter-output>
        </test-method> <!-- startTestCase -->
        <test-method retried="true" signature="TC19_DeviceSettings_Add_Router()[pri:18, instance:sZephyr_testcases.TC19_DeviceSettings@589da3f3]" started-at="2025-07-14T22:02:20 IST" name="TC19_DeviceSettings_Add_Router" finished-at="2025-07-14T22:05:40 IST" duration-ms="199828" status="SKIP">
          <exception class="java.lang.RuntimeException">
            <message>
              <![CDATA[FAILED]]>
            </message>
            <full-stacktrace>
              <![CDATA[java.lang.RuntimeException: FAILED
at utils.Reporter.reportStep(Reporter.java:50)
at wrappers.GenericWrappers.fail(GenericWrappers.java:1035)
at sZephyr_testcases.TC19_DeviceSettings.pairBlewithoutRouter(TC19_DeviceSettings.java:99)
at sZephyr_testcases.TC19_DeviceSettings.TC19_DeviceSettings_Add_Router(TC19_DeviceSettings.java:33)
at java.base/jdk.internal.reflect.DirectMethodHandleAccessor.invoke(DirectMethodHandleAccessor.java:103)
at java.base/java.lang.reflect.Method.invoke(Method.java:580)
at org.testng.internal.invokers.MethodInvocationHelper.invokeMethod(MethodInvocationHelper.java:139)
at org.testng.internal.invokers.TestInvoker.invokeMethod(TestInvoker.java:664)
at org.testng.internal.invokers.TestInvoker.invokeTestMethod(TestInvoker.java:228)
at org.testng.internal.invokers.MethodRunner.runInSequence(MethodRunner.java:63)
at org.testng.internal.invokers.TestInvoker$MethodInvocationAgent.invoke(TestInvoker.java:961)
at org.testng.internal.invokers.TestInvoker.invokeTestMethods(TestInvoker.java:201)
at org.testng.internal.invokers.TestMethodWorker.invokeTestMethods(TestMethodWorker.java:148)
at org.testng.internal.invokers.TestMethodWorker.run(TestMethodWorker.java:128)
at java.base/java.util.ArrayList.forEach(ArrayList.java:1596)
at org.testng.TestRunner.privateRun(TestRunner.java:819)
at org.testng.TestRunner.run(TestRunner.java:619)
at org.testng.SuiteRunner.runTest(SuiteRunner.java:443)
at org.testng.SuiteRunner.runSequentially(SuiteRunner.java:437)
at org.testng.SuiteRunner.privateRun(SuiteRunner.java:397)
at org.testng.SuiteRunner.run(SuiteRunner.java:336)
at org.testng.SuiteRunnerWorker.runSuite(SuiteRunnerWorker.java:52)
at org.testng.SuiteRunnerWorker.run(SuiteRunnerWorker.java:95)
at org.testng.TestNG.runSuitesSequentially(TestNG.java:1301)
at org.testng.TestNG.runSuitesLocally(TestNG.java:1228)
at org.testng.TestNG.runSuites(TestNG.java:1134)
at org.testng.TestNG.run(TestNG.java:1101)
at org.testng.remote.AbstractRemoteTestNG.run(AbstractRemoteTestNG.java:115)
at org.testng.remote.RemoteTestNG.initAndRun(RemoteTestNG.java:293)
at org.testng.remote.RemoteTestNG.main(RemoteTestNG.java:91)
]]>
            </full-stacktrace>
          </exception> <!-- java.lang.RuntimeException -->
          <reporter-output>
          </reporter-output>
        </test-method> <!-- TC19_DeviceSettings_Add_Router -->
        <test-method is-config="true" signature="beforeMethod()[pri:0, instance:sZephyr_testcases.TC19_DeviceSettings@589da3f3]" started-at="2025-07-14T22:02:20 IST" name="beforeMethod" finished-at="2025-07-14T22:02:20 IST" duration-ms="0" status="PASS">
          <reporter-output>
          </reporter-output>
        </test-method> <!-- beforeMethod -->
        <test-method is-config="true" signature="afterMethod()[pri:0, instance:sZephyr_testcases.TC19_DeviceSettings@589da3f3]" started-at="2025-07-14T22:05:40 IST" name="afterMethod" finished-at="2025-07-14T22:05:41 IST" duration-ms="835" status="PASS">
          <reporter-output>
          </reporter-output>
        </test-method> <!-- afterMethod -->
        <test-method signature="TC19_DeviceSettings_Add_Router()[pri:18, instance:sZephyr_testcases.TC19_DeviceSettings@589da3f3]" started-at="2025-07-14T22:05:41 IST" name="TC19_DeviceSettings_Add_Router" finished-at="2025-07-14T22:10:05 IST" duration-ms="264045" status="PASS">
          <reporter-output>
          </reporter-output>
        </test-method> <!-- TC19_DeviceSettings_Add_Router -->
        <test-method is-config="true" signature="beforeMethod()[pri:0, instance:sZephyr_testcases.TC19_DeviceSettings@589da3f3]" started-at="2025-07-14T22:05:41 IST" name="beforeMethod" finished-at="2025-07-14T22:05:41 IST" duration-ms="0" status="PASS">
          <reporter-output>
          </reporter-output>
        </test-method> <!-- beforeMethod -->
        <test-method is-config="true" signature="afterMethod()[pri:0, instance:sZephyr_testcases.TC19_DeviceSettings@589da3f3]" started-at="2025-07-14T22:10:05 IST" name="afterMethod" finished-at="2025-07-14T22:10:06 IST" duration-ms="730" status="PASS">
          <reporter-output>
          </reporter-output>
        </test-method> <!-- afterMethod -->
      </class> <!-- sZephyr_testcases.TC19_DeviceSettings -->
      <class name="sZephyr_testcases.TC14_BleWithRouter">
        <test-method retried="true" signature="TC14_BlewithRouter_CONNECTIVITY()[pri:13, instance:sZephyr_testcases.TC14_BleWithRouter@4dd6fd0a]" started-at="2025-07-14T21:29:39 IST" name="TC14_BlewithRouter_CONNECTIVITY" finished-at="2025-07-14T21:36:14 IST" duration-ms="395553" status="SKIP">
          <exception class="java.lang.RuntimeException">
            <message>
              <![CDATA[FAILED]]>
            </message>
            <full-stacktrace>
              <![CDATA[java.lang.RuntimeException: FAILED
at utils.Reporter.reportStep(Reporter.java:50)
at wrappers.GenericWrappers.fail(GenericWrappers.java:1035)
at sZephyr_testcases.TC14_BleWithRouter.pairBlewithRouter(TC14_BleWithRouter.java:193)
at sZephyr_testcases.TC14_BleWithRouter.TC14_BlewithRouter_CONNECTIVITY(TC14_BleWithRouter.java:45)
at java.base/jdk.internal.reflect.DirectMethodHandleAccessor.invoke(DirectMethodHandleAccessor.java:103)
at java.base/java.lang.reflect.Method.invoke(Method.java:580)
at org.testng.internal.invokers.MethodInvocationHelper.invokeMethod(MethodInvocationHelper.java:139)
at org.testng.internal.invokers.TestInvoker.invokeMethod(TestInvoker.java:664)
at org.testng.internal.invokers.TestInvoker.invokeTestMethod(TestInvoker.java:228)
at org.testng.internal.invokers.MethodRunner.runInSequence(MethodRunner.java:63)
at org.testng.internal.invokers.TestInvoker$MethodInvocationAgent.invoke(TestInvoker.java:961)
at org.testng.internal.invokers.TestInvoker.invokeTestMethods(TestInvoker.java:201)
at org.testng.internal.invokers.TestMethodWorker.invokeTestMethods(TestMethodWorker.java:148)
at org.testng.internal.invokers.TestMethodWorker.run(TestMethodWorker.java:128)
at java.base/java.util.ArrayList.forEach(ArrayList.java:1596)
at org.testng.TestRunner.privateRun(TestRunner.java:819)
at org.testng.TestRunner.run(TestRunner.java:619)
at org.testng.SuiteRunner.runTest(SuiteRunner.java:443)
at org.testng.SuiteRunner.runSequentially(SuiteRunner.java:437)
at org.testng.SuiteRunner.privateRun(SuiteRunner.java:397)
at org.testng.SuiteRunner.run(SuiteRunner.java:336)
at org.testng.SuiteRunnerWorker.runSuite(SuiteRunnerWorker.java:52)
at org.testng.SuiteRunnerWorker.run(SuiteRunnerWorker.java:95)
at org.testng.TestNG.runSuitesSequentially(TestNG.java:1301)
at org.testng.TestNG.runSuitesLocally(TestNG.java:1228)
at org.testng.TestNG.runSuites(TestNG.java:1134)
at org.testng.TestNG.run(TestNG.java:1101)
at org.testng.remote.AbstractRemoteTestNG.run(AbstractRemoteTestNG.java:115)
at org.testng.remote.RemoteTestNG.initAndRun(RemoteTestNG.java:293)
at org.testng.remote.RemoteTestNG.main(RemoteTestNG.java:91)
]]>
            </full-stacktrace>
          </exception> <!-- java.lang.RuntimeException -->
          <reporter-output>
          </reporter-output>
        </test-method> <!-- TC14_BlewithRouter_CONNECTIVITY -->
        <test-method is-config="true" signature="startTestCase()[pri:0, instance:sZephyr_testcases.TC14_BleWithRouter@4dd6fd0a]" started-at="2025-07-14T21:29:39 IST" name="startTestCase" finished-at="2025-07-14T21:29:39 IST" duration-ms="0" status="PASS">
          <reporter-output>
          </reporter-output>
        </test-method> <!-- startTestCase -->
        <test-method is-config="true" signature="beforeMethod()[pri:0, instance:sZephyr_testcases.TC14_BleWithRouter@4dd6fd0a]" started-at="2025-07-14T21:29:39 IST" name="beforeMethod" finished-at="2025-07-14T21:29:39 IST" duration-ms="0" status="PASS">
          <reporter-output>
          </reporter-output>
        </test-method> <!-- beforeMethod -->
        <test-method is-config="true" signature="afterMethod()[pri:0, instance:sZephyr_testcases.TC14_BleWithRouter@4dd6fd0a]" started-at="2025-07-14T21:36:14 IST" name="afterMethod" finished-at="2025-07-14T21:36:15 IST" duration-ms="886" status="PASS">
          <reporter-output>
          </reporter-output>
        </test-method> <!-- afterMethod -->
        <test-method signature="TC14_BlewithRouter_CONNECTIVITY()[pri:13, instance:sZephyr_testcases.TC14_BleWithRouter@4dd6fd0a]" started-at="2025-07-14T21:36:15 IST" name="TC14_BlewithRouter_CONNECTIVITY" finished-at="2025-07-14T21:48:33 IST" duration-ms="738228" status="PASS">
          <reporter-output>
          </reporter-output>
        </test-method> <!-- TC14_BlewithRouter_CONNECTIVITY -->
        <test-method is-config="true" signature="beforeMethod()[pri:0, instance:sZephyr_testcases.TC14_BleWithRouter@4dd6fd0a]" started-at="2025-07-14T21:36:15 IST" name="beforeMethod" finished-at="2025-07-14T21:36:15 IST" duration-ms="0" status="PASS">
          <reporter-output>
          </reporter-output>
        </test-method> <!-- beforeMethod -->
        <test-method is-config="true" signature="afterMethod()[pri:0, instance:sZephyr_testcases.TC14_BleWithRouter@4dd6fd0a]" started-at="2025-07-14T21:48:33 IST" name="afterMethod" finished-at="2025-07-14T21:48:34 IST" duration-ms="656" status="PASS">
          <reporter-output>
          </reporter-output>
        </test-method> <!-- afterMethod -->
      </class> <!-- sZephyr_testcases.TC14_BleWithRouter -->
      <class name="sZephyr_testcases.TC25_Analytics">
        <test-method signature="TC_25_Analytics_SmartConfig_Mode()[pri:24, instance:sZephyr_testcases.TC25_Analytics@1cb346ea]" started-at="2025-07-14T22:25:52 IST" name="TC_25_Analytics_SmartConfig_Mode" finished-at="2025-07-14T22:31:01 IST" duration-ms="309948" status="PASS">
          <reporter-output>
          </reporter-output>
        </test-method> <!-- TC_25_Analytics_SmartConfig_Mode -->
        <test-method is-config="true" signature="beforeMethod()[pri:0, instance:sZephyr_testcases.TC25_Analytics@1cb346ea]" started-at="2025-07-14T22:25:52 IST" name="beforeMethod" finished-at="2025-07-14T22:25:52 IST" duration-ms="0" status="PASS">
          <reporter-output>
          </reporter-output>
        </test-method> <!-- beforeMethod -->
        <test-method is-config="true" signature="startTestCase()[pri:0, instance:sZephyr_testcases.TC25_Analytics@1cb346ea]" started-at="2025-07-14T22:25:52 IST" name="startTestCase" finished-at="2025-07-14T22:25:52 IST" duration-ms="0" status="PASS">
          <reporter-output>
          </reporter-output>
        </test-method> <!-- startTestCase -->
        <test-method is-config="true" signature="afterMethod()[pri:0, instance:sZephyr_testcases.TC25_Analytics@1cb346ea]" started-at="2025-07-14T22:31:01 IST" name="afterMethod" finished-at="2025-07-14T22:31:02 IST" duration-ms="691" status="PASS">
          <reporter-output>
          </reporter-output>
        </test-method> <!-- afterMethod -->
      </class> <!-- sZephyr_testcases.TC25_Analytics -->
      <class name="sZephyr_testcases.Longrun_voltvalue">
        <test-method is-config="true" signature="beforeSuite()[pri:0, instance:sZephyr_testcases.Longrun_voltvalue@560348e6]" started-at="2025-07-14T20:33:56 IST" name="beforeSuite" finished-at="2025-07-14T20:33:56 IST" duration-ms="423" status="PASS">
          <reporter-output>
          </reporter-output>
        </test-method> <!-- beforeSuite -->
        <test-method is-config="true" signature="beforeTest()[pri:0, instance:sZephyr_testcases.Longrun_voltvalue@560348e6]" started-at="2025-07-14T20:33:56 IST" name="beforeTest" finished-at="2025-07-14T20:33:56 IST" duration-ms="1" status="PASS">
          <reporter-output>
          </reporter-output>
        </test-method> <!-- beforeTest -->
        <test-method is-config="true" signature="afterTest()[pri:0, instance:sZephyr_testcases.Longrun_voltvalue@560348e6]" started-at="2025-07-14T23:40:16 IST" name="afterTest" finished-at="2025-07-14T23:40:16 IST" duration-ms="1" status="PASS">
          <reporter-output>
          </reporter-output>
        </test-method> <!-- afterTest -->
        <test-method is-config="true" signature="afterSuite()[pri:0, instance:sZephyr_testcases.Longrun_voltvalue@560348e6]" started-at="2025-07-14T23:40:16 IST" name="afterSuite" finished-at="2025-07-14T23:40:17 IST" duration-ms="491" status="PASS">
          <reporter-output>
          </reporter-output>
        </test-method> <!-- afterSuite -->
      </class> <!-- sZephyr_testcases.Longrun_voltvalue -->
      <class name="sZephyr_testcases.TC34_sZephyr_Info">
        <test-method is-config="true" signature="startTestCase()[pri:0, instance:sZephyr_testcases.TC34_sZephyr_Info@4ef782af]" started-at="2025-07-14T23:34:12 IST" name="startTestCase" finished-at="2025-07-14T23:34:12 IST" duration-ms="1" status="PASS">
          <reporter-output>
          </reporter-output>
        </test-method> <!-- startTestCase -->
        <test-method signature="TC34_Szephyr_Info_check()[pri:33, instance:sZephyr_testcases.TC34_sZephyr_Info@4ef782af]" started-at="2025-07-14T23:34:12 IST" name="TC34_Szephyr_Info_check" finished-at="2025-07-14T23:37:29 IST" duration-ms="196964" status="PASS">
          <reporter-output>
          </reporter-output>
        </test-method> <!-- TC34_Szephyr_Info_check -->
        <test-method is-config="true" signature="beforeMethod()[pri:0, instance:sZephyr_testcases.TC34_sZephyr_Info@4ef782af]" started-at="2025-07-14T23:34:12 IST" name="beforeMethod" finished-at="2025-07-14T23:34:12 IST" duration-ms="0" status="PASS">
          <reporter-output>
          </reporter-output>
        </test-method> <!-- beforeMethod -->
        <test-method is-config="true" signature="afterMethod()[pri:0, instance:sZephyr_testcases.TC34_sZephyr_Info@4ef782af]" started-at="2025-07-14T23:37:29 IST" name="afterMethod" finished-at="2025-07-14T23:37:29 IST" duration-ms="746" status="PASS">
          <reporter-output>
          </reporter-output>
        </test-method> <!-- afterMethod -->
      </class> <!-- sZephyr_testcases.TC34_sZephyr_Info -->
      <class name="sZephyr_testcases.TC28_Schedular">
        <test-method is-config="true" signature="startTestCase()[pri:0, instance:sZephyr_testcases.TC28_Schedular@4d518b32]" started-at="2025-07-14T22:36:07 IST" name="startTestCase" finished-at="2025-07-14T22:36:07 IST" duration-ms="0" status="PASS">
          <reporter-output>
          </reporter-output>
        </test-method> <!-- startTestCase -->
        <test-method signature="TC28_Schedular_SmartConfig_Mode()[pri:27, instance:sZephyr_testcases.TC28_Schedular@4d518b32]" started-at="2025-07-14T22:36:07 IST" name="TC28_Schedular_SmartConfig_Mode" finished-at="2025-07-14T22:46:52 IST" duration-ms="644415" status="PASS">
          <reporter-output>
          </reporter-output>
        </test-method> <!-- TC28_Schedular_SmartConfig_Mode -->
        <test-method is-config="true" signature="beforeMethod()[pri:0, instance:sZephyr_testcases.TC28_Schedular@4d518b32]" started-at="2025-07-14T22:36:07 IST" name="beforeMethod" finished-at="2025-07-14T22:36:07 IST" duration-ms="0" status="PASS">
          <reporter-output>
          </reporter-output>
        </test-method> <!-- beforeMethod -->
        <test-method is-config="true" signature="afterMethod()[pri:0, instance:sZephyr_testcases.TC28_Schedular@4d518b32]" started-at="2025-07-14T22:46:52 IST" name="afterMethod" finished-at="2025-07-14T22:46:52 IST" duration-ms="716" status="PASS">
          <reporter-output>
          </reporter-output>
        </test-method> <!-- afterMethod -->
      </class> <!-- sZephyr_testcases.TC28_Schedular -->
      <class name="sZephyr_testcases.TC33_Ble_Factory_Reset">
        <test-method is-config="true" signature="startTestCase()[pri:0, instance:sZephyr_testcases.TC33_Ble_Factory_Reset@20d7d6fb]" started-at="2025-07-14T23:31:27 IST" name="startTestCase" finished-at="2025-07-14T23:31:27 IST" duration-ms="0" status="PASS">
          <reporter-output>
          </reporter-output>
        </test-method> <!-- startTestCase -->
        <test-method signature="TC33_BleWithoutRouter_Factory_Reset()[pri:32, instance:sZephyr_testcases.TC33_Ble_Factory_Reset@20d7d6fb]" started-at="2025-07-14T23:31:27 IST" name="TC33_BleWithoutRouter_Factory_Reset" finished-at="2025-07-14T23:34:11 IST" duration-ms="164204" status="PASS">
          <reporter-output>
          </reporter-output>
        </test-method> <!-- TC33_BleWithoutRouter_Factory_Reset -->
        <test-method is-config="true" signature="beforeMethod()[pri:0, instance:sZephyr_testcases.TC33_Ble_Factory_Reset@20d7d6fb]" started-at="2025-07-14T23:31:27 IST" name="beforeMethod" finished-at="2025-07-14T23:31:27 IST" duration-ms="0" status="PASS">
          <reporter-output>
          </reporter-output>
        </test-method> <!-- beforeMethod -->
        <test-method is-config="true" signature="afterMethod()[pri:0, instance:sZephyr_testcases.TC33_Ble_Factory_Reset@20d7d6fb]" started-at="2025-07-14T23:34:11 IST" name="afterMethod" finished-at="2025-07-14T23:34:12 IST" duration-ms="915" status="PASS">
          <reporter-output>
          </reporter-output>
        </test-method> <!-- afterMethod -->
      </class> <!-- sZephyr_testcases.TC33_Ble_Factory_Reset -->
      <class name="sZephyr_testcases.TC15_SmartConfig">
        <test-method is-config="true" signature="startTestCase()[pri:0, instance:sZephyr_testcases.TC15_SmartConfig@bb9e6dc]" started-at="2025-07-14T21:48:34 IST" name="startTestCase" finished-at="2025-07-14T21:48:34 IST" duration-ms="1" status="PASS">
          <reporter-output>
          </reporter-output>
        </test-method> <!-- startTestCase -->
        <test-method signature="TC15_SmartConfig_CONNECTIVITY()[pri:14, instance:sZephyr_testcases.TC15_SmartConfig@bb9e6dc]" started-at="2025-07-14T21:48:34 IST" name="TC15_SmartConfig_CONNECTIVITY" finished-at="2025-07-14T21:57:09 IST" duration-ms="514892" status="PASS">
          <reporter-output>
          </reporter-output>
        </test-method> <!-- TC15_SmartConfig_CONNECTIVITY -->
        <test-method is-config="true" signature="beforeMethod()[pri:0, instance:sZephyr_testcases.TC15_SmartConfig@bb9e6dc]" started-at="2025-07-14T21:48:34 IST" name="beforeMethod" finished-at="2025-07-14T21:48:34 IST" duration-ms="0" status="PASS">
          <reporter-output>
          </reporter-output>
        </test-method> <!-- beforeMethod -->
        <test-method is-config="true" signature="afterMethod()[pri:0, instance:sZephyr_testcases.TC15_SmartConfig@bb9e6dc]" started-at="2025-07-14T21:57:09 IST" name="afterMethod" finished-at="2025-07-14T21:57:09 IST" duration-ms="690" status="PASS">
          <reporter-output>
          </reporter-output>
        </test-method> <!-- afterMethod -->
      </class> <!-- sZephyr_testcases.TC15_SmartConfig -->
      <class name="sZephyr_testcases.TC08_Pairing_BlewithoutRouter">
        <test-method is-config="true" signature="startTestCase()[pri:0, instance:sZephyr_testcases.TC08_Pairing_BlewithoutRouter@463fd068]" started-at="2025-07-14T20:50:32 IST" name="startTestCase" finished-at="2025-07-14T20:50:32 IST" duration-ms="1" status="PASS">
          <reporter-output>
          </reporter-output>
        </test-method> <!-- startTestCase -->
        <test-method retried="true" signature="TC08_Pairing_BLE_Without_Router()[pri:7, instance:sZephyr_testcases.TC08_Pairing_BlewithoutRouter@463fd068]" started-at="2025-07-14T20:50:32 IST" name="TC08_Pairing_BLE_Without_Router" finished-at="2025-07-14T20:54:09 IST" duration-ms="217532" status="SKIP">
          <exception class="java.lang.RuntimeException">
            <message>
              <![CDATA[FAILED]]>
            </message>
            <full-stacktrace>
              <![CDATA[java.lang.RuntimeException: FAILED
at utils.Reporter.reportStep(Reporter.java:50)
at wrappers.GenericWrappers.fail(GenericWrappers.java:1035)
at sZephyr_testcases.TC08_Pairing_BlewithoutRouter.TC08_Pairing_BLE_Without_Router(TC08_Pairing_BlewithoutRouter.java:133)
at java.base/jdk.internal.reflect.DirectMethodHandleAccessor.invoke(DirectMethodHandleAccessor.java:103)
at java.base/java.lang.reflect.Method.invoke(Method.java:580)
at org.testng.internal.invokers.MethodInvocationHelper.invokeMethod(MethodInvocationHelper.java:139)
at org.testng.internal.invokers.TestInvoker.invokeMethod(TestInvoker.java:664)
at org.testng.internal.invokers.TestInvoker.invokeTestMethod(TestInvoker.java:228)
at org.testng.internal.invokers.MethodRunner.runInSequence(MethodRunner.java:63)
at org.testng.internal.invokers.TestInvoker$MethodInvocationAgent.invoke(TestInvoker.java:961)
at org.testng.internal.invokers.TestInvoker.invokeTestMethods(TestInvoker.java:201)
at org.testng.internal.invokers.TestMethodWorker.invokeTestMethods(TestMethodWorker.java:148)
at org.testng.internal.invokers.TestMethodWorker.run(TestMethodWorker.java:128)
at java.base/java.util.ArrayList.forEach(ArrayList.java:1596)
at org.testng.TestRunner.privateRun(TestRunner.java:819)
at org.testng.TestRunner.run(TestRunner.java:619)
at org.testng.SuiteRunner.runTest(SuiteRunner.java:443)
at org.testng.SuiteRunner.runSequentially(SuiteRunner.java:437)
at org.testng.SuiteRunner.privateRun(SuiteRunner.java:397)
at org.testng.SuiteRunner.run(SuiteRunner.java:336)
at org.testng.SuiteRunnerWorker.runSuite(SuiteRunnerWorker.java:52)
at org.testng.SuiteRunnerWorker.run(SuiteRunnerWorker.java:95)
at org.testng.TestNG.runSuitesSequentially(TestNG.java:1301)
at org.testng.TestNG.runSuitesLocally(TestNG.java:1228)
at org.testng.TestNG.runSuites(TestNG.java:1134)
at org.testng.TestNG.run(TestNG.java:1101)
at org.testng.remote.AbstractRemoteTestNG.run(AbstractRemoteTestNG.java:115)
at org.testng.remote.RemoteTestNG.initAndRun(RemoteTestNG.java:293)
at org.testng.remote.RemoteTestNG.main(RemoteTestNG.java:91)
]]>
            </full-stacktrace>
          </exception> <!-- java.lang.RuntimeException -->
          <reporter-output>
          </reporter-output>
        </test-method> <!-- TC08_Pairing_BLE_Without_Router -->
        <test-method is-config="true" signature="beforeMethod()[pri:0, instance:sZephyr_testcases.TC08_Pairing_BlewithoutRouter@463fd068]" started-at="2025-07-14T20:50:32 IST" name="beforeMethod" finished-at="2025-07-14T20:50:32 IST" duration-ms="0" status="PASS">
          <reporter-output>
          </reporter-output>
        </test-method> <!-- beforeMethod -->
        <test-method is-config="true" signature="afterMethod()[pri:0, instance:sZephyr_testcases.TC08_Pairing_BlewithoutRouter@463fd068]" started-at="2025-07-14T20:54:09 IST" name="afterMethod" finished-at="2025-07-14T20:54:10 IST" duration-ms="728" status="PASS">
          <reporter-output>
          </reporter-output>
        </test-method> <!-- afterMethod -->
        <test-method signature="TC08_Pairing_BLE_Without_Router()[pri:7, instance:sZephyr_testcases.TC08_Pairing_BlewithoutRouter@463fd068]" started-at="2025-07-14T20:54:10 IST" name="TC08_Pairing_BLE_Without_Router" finished-at="2025-07-14T21:01:28 IST" duration-ms="437845" status="PASS">
          <reporter-output>
          </reporter-output>
        </test-method> <!-- TC08_Pairing_BLE_Without_Router -->
        <test-method is-config="true" signature="beforeMethod()[pri:0, instance:sZephyr_testcases.TC08_Pairing_BlewithoutRouter@463fd068]" started-at="2025-07-14T20:54:10 IST" name="beforeMethod" finished-at="2025-07-14T20:54:10 IST" duration-ms="0" status="PASS">
          <reporter-output>
          </reporter-output>
        </test-method> <!-- beforeMethod -->
        <test-method is-config="true" signature="afterMethod()[pri:0, instance:sZephyr_testcases.TC08_Pairing_BlewithoutRouter@463fd068]" started-at="2025-07-14T21:01:28 IST" name="afterMethod" finished-at="2025-07-14T21:01:28 IST" duration-ms="735" status="PASS">
          <reporter-output>
          </reporter-output>
        </test-method> <!-- afterMethod -->
      </class> <!-- sZephyr_testcases.TC08_Pairing_BlewithoutRouter -->
      <class name="sZephyr_testcases.TC20_DeviceSettings">
        <test-method is-config="true" signature="startTestCase()[pri:0, instance:sZephyr_testcases.TC20_DeviceSettings@39d76cb5]" started-at="2025-07-14T22:10:06 IST" name="startTestCase" finished-at="2025-07-14T22:10:06 IST" duration-ms="1" status="PASS">
          <reporter-output>
          </reporter-output>
        </test-method> <!-- startTestCase -->
        <test-method signature="TC20_DeviceSettings_Remove_Router()[pri:19, instance:sZephyr_testcases.TC20_DeviceSettings@39d76cb5]" started-at="2025-07-14T22:10:06 IST" name="TC20_DeviceSettings_Remove_Router" finished-at="2025-07-14T22:14:44 IST" duration-ms="277964" status="PASS">
          <reporter-output>
          </reporter-output>
        </test-method> <!-- TC20_DeviceSettings_Remove_Router -->
        <test-method is-config="true" signature="beforeMethod()[pri:0, instance:sZephyr_testcases.TC20_DeviceSettings@39d76cb5]" started-at="2025-07-14T22:10:06 IST" name="beforeMethod" finished-at="2025-07-14T22:10:06 IST" duration-ms="0" status="PASS">
          <reporter-output>
          </reporter-output>
        </test-method> <!-- beforeMethod -->
        <test-method is-config="true" signature="afterMethod()[pri:0, instance:sZephyr_testcases.TC20_DeviceSettings@39d76cb5]" started-at="2025-07-14T22:14:44 IST" name="afterMethod" finished-at="2025-07-14T22:14:45 IST" duration-ms="785" status="PASS">
          <reporter-output>
          </reporter-output>
        </test-method> <!-- afterMethod -->
      </class> <!-- sZephyr_testcases.TC20_DeviceSettings -->
      <class name="sZephyr_testcases.TC07_SignIn_Logout">
        <test-method is-config="true" signature="startTestCase()[pri:0, instance:sZephyr_testcases.TC07_SignIn_Logout@5f77d0f9]" started-at="2025-07-14T20:42:27 IST" name="startTestCase" finished-at="2025-07-14T20:42:27 IST" duration-ms="0" status="PASS">
          <reporter-output>
          </reporter-output>
        </test-method> <!-- startTestCase -->
        <test-method retried="true" signature="TC07_Logout_After_Login_Pair_with_device_and_logout_from_device_is_working()[pri:6, instance:sZephyr_testcases.TC07_SignIn_Logout@5f77d0f9]" started-at="2025-07-14T20:42:27 IST" name="TC07_Logout_After_Login_Pair_with_device_and_logout_from_device_is_working" finished-at="2025-07-14T20:46:06 IST" duration-ms="218871" status="SKIP">
          <exception class="java.lang.RuntimeException">
            <message>
              <![CDATA[FAILED]]>
            </message>
            <full-stacktrace>
              <![CDATA[java.lang.RuntimeException: FAILED
at utils.Reporter.reportStep(Reporter.java:50)
at wrappers.GenericWrappers.fail(GenericWrappers.java:1035)
at sZephyr_testcases.TC07_SignIn_Logout.TC07_Logout_After_Login_Pair_with_device_and_logout_from_device_is_working(TC07_SignIn_Logout.java:91)
at java.base/jdk.internal.reflect.DirectMethodHandleAccessor.invoke(DirectMethodHandleAccessor.java:103)
at java.base/java.lang.reflect.Method.invoke(Method.java:580)
at org.testng.internal.invokers.MethodInvocationHelper.invokeMethod(MethodInvocationHelper.java:139)
at org.testng.internal.invokers.TestInvoker.invokeMethod(TestInvoker.java:664)
at org.testng.internal.invokers.TestInvoker.invokeTestMethod(TestInvoker.java:228)
at org.testng.internal.invokers.MethodRunner.runInSequence(MethodRunner.java:63)
at org.testng.internal.invokers.TestInvoker$MethodInvocationAgent.invoke(TestInvoker.java:961)
at org.testng.internal.invokers.TestInvoker.invokeTestMethods(TestInvoker.java:201)
at org.testng.internal.invokers.TestMethodWorker.invokeTestMethods(TestMethodWorker.java:148)
at org.testng.internal.invokers.TestMethodWorker.run(TestMethodWorker.java:128)
at java.base/java.util.ArrayList.forEach(ArrayList.java:1596)
at org.testng.TestRunner.privateRun(TestRunner.java:819)
at org.testng.TestRunner.run(TestRunner.java:619)
at org.testng.SuiteRunner.runTest(SuiteRunner.java:443)
at org.testng.SuiteRunner.runSequentially(SuiteRunner.java:437)
at org.testng.SuiteRunner.privateRun(SuiteRunner.java:397)
at org.testng.SuiteRunner.run(SuiteRunner.java:336)
at org.testng.SuiteRunnerWorker.runSuite(SuiteRunnerWorker.java:52)
at org.testng.SuiteRunnerWorker.run(SuiteRunnerWorker.java:95)
at org.testng.TestNG.runSuitesSequentially(TestNG.java:1301)
at org.testng.TestNG.runSuitesLocally(TestNG.java:1228)
at org.testng.TestNG.runSuites(TestNG.java:1134)
at org.testng.TestNG.run(TestNG.java:1101)
at org.testng.remote.AbstractRemoteTestNG.run(AbstractRemoteTestNG.java:115)
at org.testng.remote.RemoteTestNG.initAndRun(RemoteTestNG.java:293)
at org.testng.remote.RemoteTestNG.main(RemoteTestNG.java:91)
]]>
            </full-stacktrace>
          </exception> <!-- java.lang.RuntimeException -->
          <reporter-output>
          </reporter-output>
        </test-method> <!-- TC07_Logout_After_Login_Pair_with_device_and_logout_from_device_is_working -->
        <test-method is-config="true" signature="beforeMethod()[pri:0, instance:sZephyr_testcases.TC07_SignIn_Logout@5f77d0f9]" started-at="2025-07-14T20:42:27 IST" name="beforeMethod" finished-at="2025-07-14T20:42:27 IST" duration-ms="0" status="PASS">
          <reporter-output>
          </reporter-output>
        </test-method> <!-- beforeMethod -->
        <test-method is-config="true" signature="afterMethod()[pri:0, instance:sZephyr_testcases.TC07_SignIn_Logout@5f77d0f9]" started-at="2025-07-14T20:46:06 IST" name="afterMethod" finished-at="2025-07-14T20:46:07 IST" duration-ms="872" status="PASS">
          <reporter-output>
          </reporter-output>
        </test-method> <!-- afterMethod -->
        <test-method signature="TC07_Logout_After_Login_Pair_with_device_and_logout_from_device_is_working()[pri:6, instance:sZephyr_testcases.TC07_SignIn_Logout@5f77d0f9]" started-at="2025-07-14T20:46:07 IST" name="TC07_Logout_After_Login_Pair_with_device_and_logout_from_device_is_working" finished-at="2025-07-14T20:50:31 IST" duration-ms="263674" status="FAIL">
          <exception class="java.lang.RuntimeException">
            <message>
              <![CDATA[FAILED]]>
            </message>
            <full-stacktrace>
              <![CDATA[java.lang.RuntimeException: FAILED
at utils.Reporter.reportStep(Reporter.java:50)
at wrappers.GenericWrappers.fail(GenericWrappers.java:1035)
at sZephyr_testcases.TC07_SignIn_Logout.TC07_Logout_After_Login_Pair_with_device_and_logout_from_device_is_working(TC07_SignIn_Logout.java:91)
at java.base/jdk.internal.reflect.DirectMethodHandleAccessor.invoke(DirectMethodHandleAccessor.java:103)
at java.base/java.lang.reflect.Method.invoke(Method.java:580)
at org.testng.internal.invokers.MethodInvocationHelper.invokeMethod(MethodInvocationHelper.java:139)
at org.testng.internal.invokers.TestInvoker.invokeMethod(TestInvoker.java:664)
at org.testng.internal.invokers.TestInvoker.retryFailed(TestInvoker.java:249)
at org.testng.internal.invokers.MethodRunner.runInSequence(MethodRunner.java:76)
at org.testng.internal.invokers.TestInvoker$MethodInvocationAgent.invoke(TestInvoker.java:961)
at org.testng.internal.invokers.TestInvoker.invokeTestMethods(TestInvoker.java:201)
at org.testng.internal.invokers.TestMethodWorker.invokeTestMethods(TestMethodWorker.java:148)
at org.testng.internal.invokers.TestMethodWorker.run(TestMethodWorker.java:128)
at java.base/java.util.ArrayList.forEach(ArrayList.java:1596)
at org.testng.TestRunner.privateRun(TestRunner.java:819)
at org.testng.TestRunner.run(TestRunner.java:619)
at org.testng.SuiteRunner.runTest(SuiteRunner.java:443)
at org.testng.SuiteRunner.runSequentially(SuiteRunner.java:437)
at org.testng.SuiteRunner.privateRun(SuiteRunner.java:397)
at org.testng.SuiteRunner.run(SuiteRunner.java:336)
at org.testng.SuiteRunnerWorker.runSuite(SuiteRunnerWorker.java:52)
at org.testng.SuiteRunnerWorker.run(SuiteRunnerWorker.java:95)
at org.testng.TestNG.runSuitesSequentially(TestNG.java:1301)
at org.testng.TestNG.runSuitesLocally(TestNG.java:1228)
at org.testng.TestNG.runSuites(TestNG.java:1134)
at org.testng.TestNG.run(TestNG.java:1101)
at org.testng.remote.AbstractRemoteTestNG.run(AbstractRemoteTestNG.java:115)
at org.testng.remote.RemoteTestNG.initAndRun(RemoteTestNG.java:293)
at org.testng.remote.RemoteTestNG.main(RemoteTestNG.java:91)
]]>
            </full-stacktrace>
          </exception> <!-- java.lang.RuntimeException -->
          <reporter-output>
          </reporter-output>
        </test-method> <!-- TC07_Logout_After_Login_Pair_with_device_and_logout_from_device_is_working -->
        <test-method is-config="true" signature="beforeMethod()[pri:0, instance:sZephyr_testcases.TC07_SignIn_Logout@5f77d0f9]" started-at="2025-07-14T20:46:07 IST" name="beforeMethod" finished-at="2025-07-14T20:46:07 IST" duration-ms="0" status="PASS">
          <reporter-output>
          </reporter-output>
        </test-method> <!-- beforeMethod -->
        <test-method is-config="true" signature="afterMethod()[pri:0, instance:sZephyr_testcases.TC07_SignIn_Logout@5f77d0f9]" started-at="2025-07-14T20:50:31 IST" name="afterMethod" finished-at="2025-07-14T20:50:32 IST" duration-ms="838" status="PASS">
          <reporter-output>
          </reporter-output>
        </test-method> <!-- afterMethod -->
      </class> <!-- sZephyr_testcases.TC07_SignIn_Logout -->
      <class name="sZephyr_testcases.TC13_BlewithoutRouter">
        <test-method is-config="true" signature="startTestCase()[pri:0, instance:sZephyr_testcases.TC13_BlewithoutRouter@651aed93]" started-at="2025-07-14T21:16:20 IST" name="startTestCase" finished-at="2025-07-14T21:16:20 IST" duration-ms="0" status="PASS">
          <reporter-output>
          </reporter-output>
        </test-method> <!-- startTestCase -->
        <test-method is-config="true" signature="beforeMethod()[pri:0, instance:sZephyr_testcases.TC13_BlewithoutRouter@651aed93]" started-at="2025-07-14T21:16:20 IST" name="beforeMethod" finished-at="2025-07-14T21:16:20 IST" duration-ms="1" status="PASS">
          <reporter-output>
          </reporter-output>
        </test-method> <!-- beforeMethod -->
        <test-method retried="true" signature="TC13_BlewithoutRouter_CONNECTIVITY()[pri:12, instance:sZephyr_testcases.TC13_BlewithoutRouter@651aed93]" started-at="2025-07-14T21:16:20 IST" name="TC13_BlewithoutRouter_CONNECTIVITY" finished-at="2025-07-14T21:22:04 IST" duration-ms="344059" status="SKIP">
          <exception class="java.lang.RuntimeException">
            <message>
              <![CDATA[FAILED]]>
            </message>
            <full-stacktrace>
              <![CDATA[java.lang.RuntimeException: FAILED
at utils.Reporter.reportStep(Reporter.java:50)
at wrappers.GenericWrappers.fail(GenericWrappers.java:1035)
at sZephyr_testcases.TC13_BlewithoutRouter.pairBlewithoutRouter(TC13_BlewithoutRouter.java:144)
at sZephyr_testcases.TC13_BlewithoutRouter.TC13_BlewithoutRouter_CONNECTIVITY(TC13_BlewithoutRouter.java:48)
at java.base/jdk.internal.reflect.DirectMethodHandleAccessor.invoke(DirectMethodHandleAccessor.java:103)
at java.base/java.lang.reflect.Method.invoke(Method.java:580)
at org.testng.internal.invokers.MethodInvocationHelper.invokeMethod(MethodInvocationHelper.java:139)
at org.testng.internal.invokers.TestInvoker.invokeMethod(TestInvoker.java:664)
at org.testng.internal.invokers.TestInvoker.invokeTestMethod(TestInvoker.java:228)
at org.testng.internal.invokers.MethodRunner.runInSequence(MethodRunner.java:63)
at org.testng.internal.invokers.TestInvoker$MethodInvocationAgent.invoke(TestInvoker.java:961)
at org.testng.internal.invokers.TestInvoker.invokeTestMethods(TestInvoker.java:201)
at org.testng.internal.invokers.TestMethodWorker.invokeTestMethods(TestMethodWorker.java:148)
at org.testng.internal.invokers.TestMethodWorker.run(TestMethodWorker.java:128)
at java.base/java.util.ArrayList.forEach(ArrayList.java:1596)
at org.testng.TestRunner.privateRun(TestRunner.java:819)
at org.testng.TestRunner.run(TestRunner.java:619)
at org.testng.SuiteRunner.runTest(SuiteRunner.java:443)
at org.testng.SuiteRunner.runSequentially(SuiteRunner.java:437)
at org.testng.SuiteRunner.privateRun(SuiteRunner.java:397)
at org.testng.SuiteRunner.run(SuiteRunner.java:336)
at org.testng.SuiteRunnerWorker.runSuite(SuiteRunnerWorker.java:52)
at org.testng.SuiteRunnerWorker.run(SuiteRunnerWorker.java:95)
at org.testng.TestNG.runSuitesSequentially(TestNG.java:1301)
at org.testng.TestNG.runSuitesLocally(TestNG.java:1228)
at org.testng.TestNG.runSuites(TestNG.java:1134)
at org.testng.TestNG.run(TestNG.java:1101)
at org.testng.remote.AbstractRemoteTestNG.run(AbstractRemoteTestNG.java:115)
at org.testng.remote.RemoteTestNG.initAndRun(RemoteTestNG.java:293)
at org.testng.remote.RemoteTestNG.main(RemoteTestNG.java:91)
]]>
            </full-stacktrace>
          </exception> <!-- java.lang.RuntimeException -->
          <reporter-output>
          </reporter-output>
        </test-method> <!-- TC13_BlewithoutRouter_CONNECTIVITY -->
        <test-method is-config="true" signature="afterMethod()[pri:0, instance:sZephyr_testcases.TC13_BlewithoutRouter@651aed93]" started-at="2025-07-14T21:22:04 IST" name="afterMethod" finished-at="2025-07-14T21:22:05 IST" duration-ms="652" status="PASS">
          <reporter-output>
          </reporter-output>
        </test-method> <!-- afterMethod -->
        <test-method signature="TC13_BlewithoutRouter_CONNECTIVITY()[pri:12, instance:sZephyr_testcases.TC13_BlewithoutRouter@651aed93]" started-at="2025-07-14T21:22:05 IST" name="TC13_BlewithoutRouter_CONNECTIVITY" finished-at="2025-07-14T21:29:38 IST" duration-ms="452778" status="PASS">
          <reporter-output>
          </reporter-output>
        </test-method> <!-- TC13_BlewithoutRouter_CONNECTIVITY -->
        <test-method is-config="true" signature="beforeMethod()[pri:0, instance:sZephyr_testcases.TC13_BlewithoutRouter@651aed93]" started-at="2025-07-14T21:22:05 IST" name="beforeMethod" finished-at="2025-07-14T21:22:05 IST" duration-ms="0" status="PASS">
          <reporter-output>
          </reporter-output>
        </test-method> <!-- beforeMethod -->
        <test-method is-config="true" signature="afterMethod()[pri:0, instance:sZephyr_testcases.TC13_BlewithoutRouter@651aed93]" started-at="2025-07-14T21:29:38 IST" name="afterMethod" finished-at="2025-07-14T21:29:39 IST" duration-ms="774" status="PASS">
          <reporter-output>
          </reporter-output>
        </test-method> <!-- afterMethod -->
      </class> <!-- sZephyr_testcases.TC13_BlewithoutRouter -->
      <class name="sZephyr_testcases.TC18_UI_CONNECTIVITY_MOD_0_TC_01_TO_03">
        <test-method signature="TC18_UI_Check_sZephyr_Info_values()[pri:17, instance:sZephyr_testcases.TC18_UI_CONNECTIVITY_MOD_0_TC_01_TO_03@1cd629b3]" started-at="2025-07-14T21:57:09 IST" name="TC18_UI_Check_sZephyr_Info_values" finished-at="2025-07-14T22:02:20 IST" duration-ms="310330" status="PASS">
          <reporter-output>
          </reporter-output>
        </test-method> <!-- TC18_UI_Check_sZephyr_Info_values -->
        <test-method is-config="true" signature="startTestCase()[pri:0, instance:sZephyr_testcases.TC18_UI_CONNECTIVITY_MOD_0_TC_01_TO_03@1cd629b3]" started-at="2025-07-14T21:57:09 IST" name="startTestCase" finished-at="2025-07-14T21:57:09 IST" duration-ms="0" status="PASS">
          <reporter-output>
          </reporter-output>
        </test-method> <!-- startTestCase -->
        <test-method is-config="true" signature="beforeMethod()[pri:0, instance:sZephyr_testcases.TC18_UI_CONNECTIVITY_MOD_0_TC_01_TO_03@1cd629b3]" started-at="2025-07-14T21:57:09 IST" name="beforeMethod" finished-at="2025-07-14T21:57:09 IST" duration-ms="0" status="PASS">
          <reporter-output>
          </reporter-output>
        </test-method> <!-- beforeMethod -->
        <test-method is-config="true" signature="afterMethod()[pri:0, instance:sZephyr_testcases.TC18_UI_CONNECTIVITY_MOD_0_TC_01_TO_03@1cd629b3]" started-at="2025-07-14T22:02:20 IST" name="afterMethod" finished-at="2025-07-14T22:02:20 IST" duration-ms="721" status="PASS">
          <reporter-output>
          </reporter-output>
        </test-method> <!-- afterMethod -->
      </class> <!-- sZephyr_testcases.TC18_UI_CONNECTIVITY_MOD_0_TC_01_TO_03 -->
      <class name="sZephyr_testcases.TC30_Schedular">
        <test-method is-config="true" signature="beforeMethod()[pri:0, instance:sZephyr_testcases.TC30_Schedular@e3c0e40]" started-at="2025-07-14T23:03:51 IST" name="beforeMethod" finished-at="2025-07-14T23:03:51 IST" duration-ms="1" status="PASS">
          <reporter-output>
          </reporter-output>
        </test-method> <!-- beforeMethod -->
        <test-method is-config="true" signature="startTestCase()[pri:0, instance:sZephyr_testcases.TC30_Schedular@e3c0e40]" started-at="2025-07-14T23:03:51 IST" name="startTestCase" finished-at="2025-07-14T23:03:51 IST" duration-ms="0" status="PASS">
          <reporter-output>
          </reporter-output>
        </test-method> <!-- startTestCase -->
        <test-method signature="TC30_Schedular_BLE_without_router()[pri:29, instance:sZephyr_testcases.TC30_Schedular@e3c0e40]" started-at="2025-07-14T23:03:51 IST" name="TC30_Schedular_BLE_without_router" finished-at="2025-07-14T23:12:43 IST" duration-ms="531954" status="PASS">
          <reporter-output>
          </reporter-output>
        </test-method> <!-- TC30_Schedular_BLE_without_router -->
        <test-method is-config="true" signature="afterMethod()[pri:0, instance:sZephyr_testcases.TC30_Schedular@e3c0e40]" started-at="2025-07-14T23:12:43 IST" name="afterMethod" finished-at="2025-07-14T23:12:44 IST" duration-ms="743" status="PASS">
          <reporter-output>
          </reporter-output>
        </test-method> <!-- afterMethod -->
      </class> <!-- sZephyr_testcases.TC30_Schedular -->
      <class name="sZephyr_testcases.TC24_Analytics">
        <test-method is-config="true" signature="startTestCase()[pri:0, instance:sZephyr_testcases.TC24_Analytics@50313382]" started-at="2025-07-14T22:21:38 IST" name="startTestCase" finished-at="2025-07-14T22:21:38 IST" duration-ms="1" status="PASS">
          <reporter-output>
          </reporter-output>
        </test-method> <!-- startTestCase -->
        <test-method signature="TC_24_Analytics_BLE_without_Router_App_Close()[pri:23, instance:sZephyr_testcases.TC24_Analytics@50313382]" started-at="2025-07-14T22:21:38 IST" name="TC_24_Analytics_BLE_without_Router_App_Close" finished-at="2025-07-14T22:25:51 IST" duration-ms="252698" status="PASS">
          <reporter-output>
          </reporter-output>
        </test-method> <!-- TC_24_Analytics_BLE_without_Router_App_Close -->
        <test-method is-config="true" signature="beforeMethod()[pri:0, instance:sZephyr_testcases.TC24_Analytics@50313382]" started-at="2025-07-14T22:21:38 IST" name="beforeMethod" finished-at="2025-07-14T22:21:38 IST" duration-ms="0" status="PASS">
          <reporter-output>
          </reporter-output>
        </test-method> <!-- beforeMethod -->
        <test-method is-config="true" signature="afterMethod()[pri:0, instance:sZephyr_testcases.TC24_Analytics@50313382]" started-at="2025-07-14T22:25:51 IST" name="afterMethod" finished-at="2025-07-14T22:25:52 IST" duration-ms="701" status="PASS">
          <reporter-output>
          </reporter-output>
        </test-method> <!-- afterMethod -->
      </class> <!-- sZephyr_testcases.TC24_Analytics -->
      <class name="sZephyr_testcases.TC32_Factory_Reset">
        <test-method signature="TC32_FactoryReset_check()[pri:31, instance:sZephyr_testcases.TC32_Factory_Reset@7354b8c5]" started-at="2025-07-14T23:28:23 IST" name="TC32_FactoryReset_check" finished-at="2025-07-14T23:31:26 IST" duration-ms="182274" status="PASS">
          <reporter-output>
          </reporter-output>
        </test-method> <!-- TC32_FactoryReset_check -->
        <test-method is-config="true" signature="startTestCase()[pri:0, instance:sZephyr_testcases.TC32_Factory_Reset@7354b8c5]" started-at="2025-07-14T23:28:23 IST" name="startTestCase" finished-at="2025-07-14T23:28:23 IST" duration-ms="0" status="PASS">
          <reporter-output>
          </reporter-output>
        </test-method> <!-- startTestCase -->
        <test-method is-config="true" signature="beforeMethod()[pri:0, instance:sZephyr_testcases.TC32_Factory_Reset@7354b8c5]" started-at="2025-07-14T23:28:23 IST" name="beforeMethod" finished-at="2025-07-14T23:28:23 IST" duration-ms="0" status="PASS">
          <reporter-output>
          </reporter-output>
        </test-method> <!-- beforeMethod -->
        <test-method is-config="true" signature="afterMethod()[pri:0, instance:sZephyr_testcases.TC32_Factory_Reset@7354b8c5]" started-at="2025-07-14T23:31:26 IST" name="afterMethod" finished-at="2025-07-14T23:31:27 IST" duration-ms="799" status="PASS">
          <reporter-output>
          </reporter-output>
        </test-method> <!-- afterMethod -->
      </class> <!-- sZephyr_testcases.TC32_Factory_Reset -->
      <class name="sZephyr_testcases.TC21_DeviceSettings">
        <test-method is-config="true" signature="startTestCase()[pri:0, instance:sZephyr_testcases.TC21_DeviceSettings@4a00d9cf]" started-at="2025-07-14T22:14:45 IST" name="startTestCase" finished-at="2025-07-14T22:14:45 IST" duration-ms="0" status="PASS">
          <reporter-output>
          </reporter-output>
        </test-method> <!-- startTestCase -->
        <test-method is-config="true" signature="beforeMethod()[pri:0, instance:sZephyr_testcases.TC21_DeviceSettings@4a00d9cf]" started-at="2025-07-14T22:14:45 IST" name="beforeMethod" finished-at="2025-07-14T22:14:45 IST" duration-ms="1" status="PASS">
          <reporter-output>
          </reporter-output>
        </test-method> <!-- beforeMethod -->
        <test-method signature="TC21_DeviceSettings_LED_Quite_Mode()[pri:20, instance:sZephyr_testcases.TC21_DeviceSettings@4a00d9cf]" started-at="2025-07-14T22:14:45 IST" name="TC21_DeviceSettings_LED_Quite_Mode" finished-at="2025-07-14T22:18:19 IST" duration-ms="213879" status="PASS">
          <reporter-output>
          </reporter-output>
        </test-method> <!-- TC21_DeviceSettings_LED_Quite_Mode -->
        <test-method is-config="true" signature="afterMethod()[pri:0, instance:sZephyr_testcases.TC21_DeviceSettings@4a00d9cf]" started-at="2025-07-14T22:18:19 IST" name="afterMethod" finished-at="2025-07-14T22:18:19 IST" duration-ms="730" status="PASS">
          <reporter-output>
          </reporter-output>
        </test-method> <!-- afterMethod -->
      </class> <!-- sZephyr_testcases.TC21_DeviceSettings -->
      <class name="sZephyr_testcases.TC26_Analytics">
        <test-method is-config="true" signature="beforeMethod()[pri:0, instance:sZephyr_testcases.TC26_Analytics@4c012563]" started-at="2025-07-14T22:31:02 IST" name="beforeMethod" finished-at="2025-07-14T22:31:02 IST" duration-ms="2" status="PASS">
          <reporter-output>
          </reporter-output>
        </test-method> <!-- beforeMethod -->
        <test-method is-config="true" signature="startTestCase()[pri:0, instance:sZephyr_testcases.TC26_Analytics@4c012563]" started-at="2025-07-14T22:31:02 IST" name="startTestCase" finished-at="2025-07-14T22:31:02 IST" duration-ms="0" status="PASS">
          <reporter-output>
          </reporter-output>
        </test-method> <!-- startTestCase -->
        <test-method signature="TC_26_Analytics_Smartconfig_App_close()[pri:25, instance:sZephyr_testcases.TC26_Analytics@4c012563]" started-at="2025-07-14T22:31:02 IST" name="TC_26_Analytics_Smartconfig_App_close" finished-at="2025-07-14T22:36:07 IST" duration-ms="304452" status="PASS">
          <reporter-output>
          </reporter-output>
        </test-method> <!-- TC_26_Analytics_Smartconfig_App_close -->
        <test-method is-config="true" signature="afterMethod()[pri:0, instance:sZephyr_testcases.TC26_Analytics@4c012563]" started-at="2025-07-14T22:36:07 IST" name="afterMethod" finished-at="2025-07-14T22:36:07 IST" duration-ms="748" status="PASS">
          <reporter-output>
          </reporter-output>
        </test-method> <!-- afterMethod -->
      </class> <!-- sZephyr_testcases.TC26_Analytics -->
      <class name="sZephyr_testcases.TC36_ESMmode">
        <test-method is-config="true" signature="startTestCase()[pri:0, instance:sZephyr_testcases.TC36_ESMmode@479cbee5]" started-at="2025-07-14T23:37:29 IST" name="startTestCase" finished-at="2025-07-14T23:37:29 IST" duration-ms="0" status="PASS">
          <reporter-output>
          </reporter-output>
        </test-method> <!-- startTestCase -->
        <test-method is-config="true" signature="beforeMethod()[pri:0, instance:sZephyr_testcases.TC36_ESMmode@479cbee5]" started-at="2025-07-14T23:37:29 IST" name="beforeMethod" finished-at="2025-07-14T23:37:29 IST" duration-ms="1" status="PASS">
          <reporter-output>
          </reporter-output>
        </test-method> <!-- beforeMethod -->
        <test-method signature="TC36_ESM_mode_button_check()[pri:34, instance:sZephyr_testcases.TC36_ESMmode@479cbee5]" started-at="2025-07-14T23:37:29 IST" name="TC36_ESM_mode_button_check" finished-at="2025-07-14T23:40:15 IST" duration-ms="165939" status="PASS">
          <reporter-output>
          </reporter-output>
        </test-method> <!-- TC36_ESM_mode_button_check -->
        <test-method is-config="true" signature="afterMethod()[pri:0, instance:sZephyr_testcases.TC36_ESMmode@479cbee5]" started-at="2025-07-14T23:40:15 IST" name="afterMethod" finished-at="2025-07-14T23:40:16 IST" duration-ms="807" status="PASS">
          <reporter-output>
          </reporter-output>
        </test-method> <!-- afterMethod -->
      </class> <!-- sZephyr_testcases.TC36_ESMmode -->
    </test> <!-- Test -->
  </suite> <!-- Suite -->
</testng-results>
