<?xml version="1.0" encoding="UTF-8"?>
<testng-results ignored="0" total="1" passed="1" failed="0" skipped="0">
  <reporter-output>
  </reporter-output>
  <suite started-at="2025-09-12T17:33:03 IST" name="Default suite" finished-at="2025-09-12T17:34:46 IST" duration-ms="103645">
    <groups>
    </groups>
    <test started-at="2025-09-12T17:33:03 IST" name="Default test" finished-at="2025-09-12T17:34:46 IST" duration-ms="103645">
      <class name="sZephyr_testcases.TC23_Analytics">
        <test-method is-config="true" signature="beforeSuite()[pri:0, instance:sZephyr_testcases.TC23_Analytics@638ef7ed]" started-at="2025-09-12T17:33:02 IST" name="beforeSuite" finished-at="2025-09-12T17:33:03 IST" duration-ms="339" status="PASS">
          <reporter-output>
          </reporter-output>
        </test-method> <!-- beforeSuite -->
        <test-method is-config="true" signature="beforeTest()[pri:0, instance:sZephyr_testcases.TC23_Analytics@638ef7ed]" started-at="2025-09-12T17:33:03 IST" name="beforeTest" finished-at="2025-09-12T17:33:03 IST" duration-ms="1" status="PASS">
          <reporter-output>
          </reporter-output>
        </test-method> <!-- beforeTest -->
        <test-method is-config="true" signature="startTestCase()[pri:0, instance:sZephyr_testcases.TC23_Analytics@638ef7ed]" started-at="2025-09-12T17:33:03 IST" name="startTestCase" finished-at="2025-09-12T17:33:03 IST" duration-ms="1" status="PASS">
          <reporter-output>
          </reporter-output>
        </test-method> <!-- startTestCase -->
        <test-method is-config="true" signature="beforeMethod()[pri:0, instance:sZephyr_testcases.TC23_Analytics@638ef7ed]" started-at="2025-09-12T17:33:03 IST" name="beforeMethod" finished-at="2025-09-12T17:33:03 IST" duration-ms="4" status="PASS">
          <reporter-output>
          </reporter-output>
        </test-method> <!-- beforeMethod -->
        <test-method signature="TC_23_Analytics_BLE_withoutRouter_App_Open()[pri:22, instance:sZephyr_testcases.TC23_Analytics@638ef7ed]" started-at="2025-09-12T17:33:03 IST" name="TC_23_Analytics_BLE_withoutRouter_App_Open" finished-at="2025-09-12T17:34:46 IST" duration-ms="102906" status="PASS">
          <reporter-output>
          </reporter-output>
        </test-method> <!-- TC_23_Analytics_BLE_withoutRouter_App_Open -->
        <test-method is-config="true" signature="afterMethod()[pri:0, instance:sZephyr_testcases.TC23_Analytics@638ef7ed]" started-at="2025-09-12T17:34:46 IST" name="afterMethod" finished-at="2025-09-12T17:34:46 IST" duration-ms="701" status="PASS">
          <reporter-output>
          </reporter-output>
        </test-method> <!-- afterMethod -->
        <test-method is-config="true" signature="afterTest()[pri:0, instance:sZephyr_testcases.TC23_Analytics@638ef7ed]" started-at="2025-09-12T17:34:46 IST" name="afterTest" finished-at="2025-09-12T17:34:46 IST" duration-ms="0" status="PASS">
          <reporter-output>
          </reporter-output>
        </test-method> <!-- afterTest -->
        <test-method is-config="true" signature="afterSuite()[pri:0, instance:sZephyr_testcases.TC23_Analytics@638ef7ed]" started-at="2025-09-12T17:34:46 IST" name="afterSuite" finished-at="2025-09-12T17:34:47 IST" duration-ms="253" status="PASS">
          <reporter-output>
          </reporter-output>
        </test-method> <!-- afterSuite -->
      </class> <!-- sZephyr_testcases.TC23_Analytics -->
    </test> <!-- Default test -->
  </suite> <!-- Default suite -->
</testng-results>
