<?xml version="1.0" encoding="UTF-8"?>
<testng-results ignored="0" total="1" passed="1" failed="0" skipped="0">
  <reporter-output>
  </reporter-output>
  <suite started-at="2024-12-19T15:15:11 IST" name="MobilAppAutomation" finished-at="2024-12-19T15:15:46 IST" duration-ms="34917">
    <groups>
    </groups>
    <test started-at="2024-12-19T15:15:11 IST" name="Default test" finished-at="2024-12-19T15:15:46 IST" duration-ms="34917">
      <class name="sZephyr_testcases.TC02_SignUp">
        <test-method is-config="true" signature="beforeSuite()[pri:0, instance:sZephyr_testcases.TC02_SignUp@9cb8225]" started-at="2024-12-19T15:15:02 IST" name="beforeSuite" finished-at="2024-12-19T15:15:11 IST" duration-ms="8633" status="PASS">
          <reporter-output>
          </reporter-output>
        </test-method> <!-- beforeSuite -->
        <test-method is-config="true" signature="beforeTest()[pri:0, instance:sZephyr_testcases.TC02_SignUp@9cb8225]" started-at="2024-12-19T15:15:11 IST" name="beforeTest" finished-at="2024-12-19T15:15:11 IST" duration-ms="1" status="PASS">
          <reporter-output>
          </reporter-output>
        </test-method> <!-- beforeTest -->
        <test-method is-config="true" signature="startTestCase()[pri:0, instance:sZephyr_testcases.TC02_SignUp@9cb8225]" started-at="2024-12-19T15:15:11 IST" name="startTestCase" finished-at="2024-12-19T15:15:11 IST" duration-ms="0" status="PASS">
          <reporter-output>
          </reporter-output>
        </test-method> <!-- startTestCase -->
        <test-method is-config="true" signature="beforeMethod()[pri:0, instance:sZephyr_testcases.TC02_SignUp@9cb8225]" started-at="2024-12-19T15:15:11 IST" name="beforeMethod" finished-at="2024-12-19T15:15:11 IST" duration-ms="4" status="PASS">
          <reporter-output>
          </reporter-output>
        </test-method> <!-- beforeMethod -->
        <test-method signature="signUp()[pri:1, instance:sZephyr_testcases.TC02_SignUp@9cb8225]" started-at="2024-12-19T15:15:11 IST" name="signUp" finished-at="2024-12-19T15:15:44 IST" duration-ms="33069" status="PASS">
          <reporter-output>
          </reporter-output>
        </test-method> <!-- signUp -->
        <test-method is-config="true" signature="afterMethod()[pri:0, instance:sZephyr_testcases.TC02_SignUp@9cb8225]" started-at="2024-12-19T15:15:44 IST" name="afterMethod" finished-at="2024-12-19T15:15:46 IST" duration-ms="1818" status="PASS">
          <reporter-output>
          </reporter-output>
        </test-method> <!-- afterMethod -->
        <test-method is-config="true" signature="afterTest()[pri:0, instance:sZephyr_testcases.TC02_SignUp@9cb8225]" started-at="2024-12-19T15:15:46 IST" name="afterTest" finished-at="2024-12-19T15:15:46 IST" duration-ms="0" status="PASS">
          <reporter-output>
          </reporter-output>
        </test-method> <!-- afterTest -->
        <test-method is-config="true" signature="afterSuite()[pri:0, instance:sZephyr_testcases.TC02_SignUp@9cb8225]" started-at="2024-12-19T15:15:46 IST" name="afterSuite" finished-at="2024-12-19T15:15:46 IST" duration-ms="171" status="PASS">
          <reporter-output>
          </reporter-output>
        </test-method> <!-- afterSuite -->
      </class> <!-- sZephyr_testcases.TC02_SignUp -->
    </test> <!-- Default test -->
  </suite> <!-- MobilAppAutomation -->
</testng-results>
