<?xml version="1.0" encoding="UTF-8"?>
<testng-results ignored="0" total="1" passed="1" failed="0" skipped="0">
  <reporter-output>
  </reporter-output>
  <suite started-at="2024-12-14T11:16:34 IST" name="Default suite" finished-at="2024-12-14T11:24:05 IST" duration-ms="450750">
    <groups>
    </groups>
    <test started-at="2024-12-14T11:16:34 IST" name="Default test" finished-at="2024-12-14T11:24:05 IST" duration-ms="450750">
      <class name="testcases_schedular.TC01_Schedular">
        <test-method is-config="true" signature="beforeSuite()[pri:0, instance:testcases_schedular.TC01_Schedular@64b0598]" started-at="2024-12-14T11:16:33 IST" name="beforeSuite" finished-at="2024-12-14T11:16:34 IST" duration-ms="779" status="PASS">
          <reporter-output>
          </reporter-output>
        </test-method> <!-- beforeSuite -->
        <test-method is-config="true" signature="beforeTest()[pri:0, instance:testcases_schedular.TC01_Schedular@64b0598]" started-at="2024-12-14T11:16:34 IST" name="beforeTest" finished-at="2024-12-14T11:16:34 IST" duration-ms="2" status="PASS">
          <reporter-output>
          </reporter-output>
        </test-method> <!-- beforeTest -->
        <test-method is-config="true" signature="startTestCase()[pri:0, instance:testcases_schedular.TC01_Schedular@64b0598]" started-at="2024-12-14T11:16:34 IST" name="startTestCase" finished-at="2024-12-14T11:16:34 IST" duration-ms="1" status="PASS">
          <reporter-output>
          </reporter-output>
        </test-method> <!-- startTestCase -->
        <test-method is-config="true" signature="beforeMethod()[pri:0, instance:testcases_schedular.TC01_Schedular@64b0598]" started-at="2024-12-14T11:16:34 IST" name="beforeMethod" finished-at="2024-12-14T11:16:34 IST" duration-ms="14" status="PASS">
          <reporter-output>
          </reporter-output>
        </test-method> <!-- beforeMethod -->
        <test-method signature="schedule()[pri:0, instance:testcases_schedular.TC01_Schedular@64b0598]" started-at="2024-12-14T11:16:34 IST" name="schedule" finished-at="2024-12-14T11:24:03 IST" duration-ms="448643" status="PASS">
          <reporter-output>
          </reporter-output>
        </test-method> <!-- schedule -->
        <test-method is-config="true" signature="afterMethod()[pri:0, instance:testcases_schedular.TC01_Schedular@64b0598]" started-at="2024-12-14T11:24:03 IST" name="afterMethod" finished-at="2024-12-14T11:24:05 IST" duration-ms="2007" status="PASS">
          <reporter-output>
          </reporter-output>
        </test-method> <!-- afterMethod -->
        <test-method is-config="true" signature="afterTest()[pri:0, instance:testcases_schedular.TC01_Schedular@64b0598]" started-at="2024-12-14T11:24:05 IST" name="afterTest" finished-at="2024-12-14T11:24:05 IST" duration-ms="0" status="PASS">
          <reporter-output>
          </reporter-output>
        </test-method> <!-- afterTest -->
        <test-method is-config="true" signature="afterSuite()[pri:0, instance:testcases_schedular.TC01_Schedular@64b0598]" started-at="2024-12-14T11:24:05 IST" name="afterSuite" finished-at="2024-12-14T11:24:06 IST" duration-ms="582" status="PASS">
          <reporter-output>
          </reporter-output>
        </test-method> <!-- afterSuite -->
      </class> <!-- testcases_schedular.TC01_Schedular -->
    </test> <!-- Default test -->
  </suite> <!-- Default suite -->
</testng-results>
