<?xml version="1.0" encoding="UTF-8"?>
<testng-results ignored="0" total="1" passed="1" failed="0" skipped="0">
  <reporter-output>
  </reporter-output>
  <suite started-at="2024-10-22T22:29:56 IST" name="Default suite" finished-at="2024-10-22T22:30:33 IST" duration-ms="36685">
    <groups>
    </groups>
    <test started-at="2024-10-22T22:29:56 IST" name="Default test" finished-at="2024-10-22T22:30:33 IST" duration-ms="36685">
      <class name="testcases_signIn_up_accountsinfo_module.TC01_SignUp">
        <test-method is-config="true" signature="beforeSuite()[pri:0, instance:testcases_signIn_up_accountsinfo_module.TC01_SignUp@4f49f6af]" started-at="2024-10-22T22:29:55 IST" name="beforeSuite" finished-at="2024-10-22T22:29:56 IST" duration-ms="797" status="PASS">
          <reporter-output>
          </reporter-output>
        </test-method> <!-- beforeSuite -->
        <test-method is-config="true" signature="beforeTest()[pri:0, instance:testcases_signIn_up_accountsinfo_module.TC01_SignUp@4f49f6af]" started-at="2024-10-22T22:29:56 IST" name="beforeTest" finished-at="2024-10-22T22:29:56 IST" duration-ms="2" status="PASS">
          <reporter-output>
          </reporter-output>
        </test-method> <!-- beforeTest -->
        <test-method is-config="true" signature="startTestCase()[pri:0, instance:testcases_signIn_up_accountsinfo_module.TC01_SignUp@4f49f6af]" started-at="2024-10-22T22:29:56 IST" name="startTestCase" finished-at="2024-10-22T22:29:56 IST" duration-ms="0" status="PASS">
          <reporter-output>
          </reporter-output>
        </test-method> <!-- startTestCase -->
        <test-method is-config="true" signature="beforeMethod()[pri:0, instance:testcases_signIn_up_accountsinfo_module.TC01_SignUp@4f49f6af]" started-at="2024-10-22T22:29:56 IST" name="beforeMethod" finished-at="2024-10-22T22:29:56 IST" duration-ms="7" status="PASS">
          <reporter-output>
          </reporter-output>
        </test-method> <!-- beforeMethod -->
        <test-method signature="signUp()[pri:0, instance:testcases_signIn_up_accountsinfo_module.TC01_SignUp@4f49f6af]" started-at="2024-10-22T22:29:56 IST" name="signUp" finished-at="2024-10-22T22:30:30 IST" duration-ms="33903" status="PASS">
          <reporter-output>
          </reporter-output>
        </test-method> <!-- signUp -->
        <test-method is-config="true" signature="afterMethod()[pri:0, instance:testcases_signIn_up_accountsinfo_module.TC01_SignUp@4f49f6af]" started-at="2024-10-22T22:30:30 IST" name="afterMethod" finished-at="2024-10-22T22:30:30 IST" duration-ms="438" status="PASS">
          <reporter-output>
          </reporter-output>
        </test-method> <!-- afterMethod -->
        <test-method is-config="true" signature="afterTest()[pri:0, instance:testcases_signIn_up_accountsinfo_module.TC01_SignUp@4f49f6af]" started-at="2024-10-22T22:30:30 IST" name="afterTest" finished-at="2024-10-22T22:30:33 IST" duration-ms="2227" status="PASS">
          <reporter-output>
          </reporter-output>
        </test-method> <!-- afterTest -->
        <test-method is-config="true" signature="afterSuite()[pri:0, instance:testcases_signIn_up_accountsinfo_module.TC01_SignUp@4f49f6af]" started-at="2024-10-22T22:30:33 IST" name="afterSuite" finished-at="2024-10-22T22:30:33 IST" duration-ms="619" status="PASS">
          <reporter-output>
          </reporter-output>
        </test-method> <!-- afterSuite -->
      </class> <!-- testcases_signIn_up_accountsinfo_module.TC01_SignUp -->
    </test> <!-- Default test -->
  </suite> <!-- Default suite -->
</testng-results>
