<?xml version="1.0" encoding="UTF-8"?>
<testng-results ignored="0" total="1" passed="1" failed="0" skipped="0">
  <reporter-output>
  </reporter-output>
  <suite started-at="2025-07-31T18:10:29 IST" name="Default suite" finished-at="2025-07-31T18:15:56 IST" duration-ms="327216">
    <groups>
    </groups>
    <test started-at="2025-07-31T18:10:29 IST" name="Default test" finished-at="2025-07-31T18:15:56 IST" duration-ms="327216">
      <class name="sZephyr_testcases.TC18_UI_CONNECTIVITY_MOD_0_TC_01_TO_03">
        <test-method is-config="true" signature="beforeSuite()[pri:0, instance:sZephyr_testcases.TC18_UI_CONNECTIVITY_MOD_0_TC_01_TO_03@638ef7ed]" started-at="2025-07-31T18:10:28 IST" name="beforeSuite" finished-at="2025-07-31T18:10:29 IST" duration-ms="330" status="PASS">
          <reporter-output>
          </reporter-output>
        </test-method> <!-- beforeSuite -->
        <test-method is-config="true" signature="beforeTest()[pri:0, instance:sZephyr_testcases.TC18_UI_CONNECTIVITY_MOD_0_TC_01_TO_03@638ef7ed]" started-at="2025-07-31T18:10:29 IST" name="beforeTest" finished-at="2025-07-31T18:10:29 IST" duration-ms="0" status="PASS">
          <reporter-output>
          </reporter-output>
        </test-method> <!-- beforeTest -->
        <test-method is-config="true" signature="startTestCase()[pri:0, instance:sZephyr_testcases.TC18_UI_CONNECTIVITY_MOD_0_TC_01_TO_03@638ef7ed]" started-at="2025-07-31T18:10:29 IST" name="startTestCase" finished-at="2025-07-31T18:10:29 IST" duration-ms="0" status="PASS">
          <reporter-output>
          </reporter-output>
        </test-method> <!-- startTestCase -->
        <test-method signature="TC18_UI_Check_sZephyr_Info_values()[pri:17, instance:sZephyr_testcases.TC18_UI_CONNECTIVITY_MOD_0_TC_01_TO_03@638ef7ed]" started-at="2025-07-31T18:10:29 IST" name="TC18_UI_Check_sZephyr_Info_values" finished-at="2025-07-31T18:15:55 IST" duration-ms="326578" status="PASS">
          <reporter-output>
          </reporter-output>
        </test-method> <!-- TC18_UI_Check_sZephyr_Info_values -->
        <test-method is-config="true" signature="beforeMethod()[pri:0, instance:sZephyr_testcases.TC18_UI_CONNECTIVITY_MOD_0_TC_01_TO_03@638ef7ed]" started-at="2025-07-31T18:10:29 IST" name="beforeMethod" finished-at="2025-07-31T18:10:29 IST" duration-ms="0" status="PASS">
          <reporter-output>
          </reporter-output>
        </test-method> <!-- beforeMethod -->
        <test-method is-config="true" signature="afterMethod()[pri:0, instance:sZephyr_testcases.TC18_UI_CONNECTIVITY_MOD_0_TC_01_TO_03@638ef7ed]" started-at="2025-07-31T18:15:55 IST" name="afterMethod" finished-at="2025-07-31T18:15:56 IST" duration-ms="603" status="PASS">
          <reporter-output>
          </reporter-output>
        </test-method> <!-- afterMethod -->
        <test-method is-config="true" signature="afterTest()[pri:0, instance:sZephyr_testcases.TC18_UI_CONNECTIVITY_MOD_0_TC_01_TO_03@638ef7ed]" started-at="2025-07-31T18:15:56 IST" name="afterTest" finished-at="2025-07-31T18:15:56 IST" duration-ms="0" status="PASS">
          <reporter-output>
          </reporter-output>
        </test-method> <!-- afterTest -->
        <test-method is-config="true" signature="afterSuite()[pri:0, instance:sZephyr_testcases.TC18_UI_CONNECTIVITY_MOD_0_TC_01_TO_03@638ef7ed]" started-at="2025-07-31T18:15:56 IST" name="afterSuite" finished-at="2025-07-31T18:15:56 IST" duration-ms="261" status="PASS">
          <reporter-output>
          </reporter-output>
        </test-method> <!-- afterSuite -->
      </class> <!-- sZephyr_testcases.TC18_UI_CONNECTIVITY_MOD_0_TC_01_TO_03 -->
    </test> <!-- Default test -->
  </suite> <!-- Default suite -->
</testng-results>
