<?xml version="1.0" encoding="UTF-8"?>
<testng-results ignored="0" total="1" passed="0" failed="1" skipped="0">
  <reporter-output>
  </reporter-output>
  <suite started-at="2024-12-21T17:19:21 IST" name="Default suite" finished-at="2024-12-21T17:21:11 IST" duration-ms="109103">
    <groups>
    </groups>
    <test started-at="2024-12-21T17:19:21 IST" name="Default test" finished-at="2024-12-21T17:21:11 IST" duration-ms="109103">
      <class name="sZephyr_testcases.TC08_Pairing_BlewithoutRouter">
        <test-method is-config="true" signature="beforeSuite()[pri:0, instance:sZephyr_testcases.TC08_Pairing_BlewithoutRouter@17d919b6]" started-at="2024-12-21T17:19:13 IST" name="beforeSuite" finished-at="2024-12-21T17:19:21 IST" duration-ms="8923" status="PASS">
          <reporter-output>
          </reporter-output>
        </test-method> <!-- beforeSuite -->
        <test-method is-config="true" signature="beforeTest()[pri:0, instance:sZephyr_testcases.TC08_Pairing_BlewithoutRouter@17d919b6]" started-at="2024-12-21T17:19:21 IST" name="beforeTest" finished-at="2024-12-21T17:19:21 IST" duration-ms="0" status="PASS">
          <reporter-output>
          </reporter-output>
        </test-method> <!-- beforeTest -->
        <test-method is-config="true" signature="startTestCase()[pri:0, instance:sZephyr_testcases.TC08_Pairing_BlewithoutRouter@17d919b6]" started-at="2024-12-21T17:19:21 IST" name="startTestCase" finished-at="2024-12-21T17:19:21 IST" duration-ms="1" status="PASS">
          <reporter-output>
          </reporter-output>
        </test-method> <!-- startTestCase -->
        <test-method is-config="true" signature="beforeMethod()[pri:0, instance:sZephyr_testcases.TC08_Pairing_BlewithoutRouter@17d919b6]" started-at="2024-12-21T17:19:21 IST" name="beforeMethod" finished-at="2024-12-21T17:19:21 IST" duration-ms="3" status="PASS">
          <reporter-output>
          </reporter-output>
        </test-method> <!-- beforeMethod -->
        <test-method signature="removerepair()[pri:7, instance:sZephyr_testcases.TC08_Pairing_BlewithoutRouter@17d919b6]" started-at="2024-12-21T17:19:21 IST" name="removerepair" finished-at="2024-12-21T17:21:09 IST" duration-ms="107375" status="FAIL">
          <exception class="java.lang.AssertionError">
            <message>
              <![CDATA[Failed due to this exception]]>
            </message>
            <full-stacktrace>
              <![CDATA[java.lang.AssertionError: Failed due to this exception
at org.testng.Assert.fail(Assert.java:99)
at sZephyr_testcases.TC08_Pairing_BlewithoutRouter.removerepair(TC08_Pairing_BlewithoutRouter.java:142)
at java.base/jdk.internal.reflect.DirectMethodHandleAccessor.invoke(DirectMethodHandleAccessor.java:103)
at java.base/java.lang.reflect.Method.invoke(Method.java:580)
at org.testng.internal.invokers.MethodInvocationHelper.invokeMethod(MethodInvocationHelper.java:139)
at org.testng.internal.invokers.TestInvoker.invokeMethod(TestInvoker.java:664)
at org.testng.internal.invokers.TestInvoker.invokeTestMethod(TestInvoker.java:228)
at org.testng.internal.invokers.MethodRunner.runInSequence(MethodRunner.java:63)
at org.testng.internal.invokers.TestInvoker$MethodInvocationAgent.invoke(TestInvoker.java:961)
at org.testng.internal.invokers.TestInvoker.invokeTestMethods(TestInvoker.java:201)
at org.testng.internal.invokers.TestMethodWorker.invokeTestMethods(TestMethodWorker.java:148)
at org.testng.internal.invokers.TestMethodWorker.run(TestMethodWorker.java:128)
at java.base/java.util.ArrayList.forEach(ArrayList.java:1596)
at org.testng.TestRunner.privateRun(TestRunner.java:819)
at org.testng.TestRunner.run(TestRunner.java:619)
at org.testng.SuiteRunner.runTest(SuiteRunner.java:443)
at org.testng.SuiteRunner.runSequentially(SuiteRunner.java:437)
at org.testng.SuiteRunner.privateRun(SuiteRunner.java:397)
at org.testng.SuiteRunner.run(SuiteRunner.java:336)
at org.testng.SuiteRunnerWorker.runSuite(SuiteRunnerWorker.java:52)
at org.testng.SuiteRunnerWorker.run(SuiteRunnerWorker.java:95)
at org.testng.TestNG.runSuitesSequentially(TestNG.java:1301)
at org.testng.TestNG.runSuitesLocally(TestNG.java:1228)
at org.testng.TestNG.runSuites(TestNG.java:1134)
at org.testng.TestNG.run(TestNG.java:1101)
at org.testng.remote.AbstractRemoteTestNG.run(AbstractRemoteTestNG.java:115)
at org.testng.remote.RemoteTestNG.initAndRun(RemoteTestNG.java:293)
at org.testng.remote.RemoteTestNG.main(RemoteTestNG.java:91)
Caused by: java.lang.RuntimeException: FAILED
at utils.Reporter.reportStep(Reporter.java:53)
at wrappers.GenericWrappers.clickbyXpath(GenericWrappers.java:207)
at pages.AddDevicePage.nextButtonPairing(AddDevicePage.java:310)
at pages.AddDevicePage.proceedToAddDevice(AddDevicePage.java:641)
at pages.AddDevicePage.initiatepairing(AddDevicePage.java:628)
at pages.AddDevicePage.pair(AddDevicePage.java:584)
at sZephyr_testcases.TC08_Pairing_BlewithoutRouter.removerepair(TC08_Pairing_BlewithoutRouter.java:58)
... 26 more
]]>
            </full-stacktrace>
          </exception> <!-- java.lang.AssertionError -->
          <reporter-output>
          </reporter-output>
        </test-method> <!-- removerepair -->
        <test-method is-config="true" signature="afterMethod()[pri:0, instance:sZephyr_testcases.TC08_Pairing_BlewithoutRouter@17d919b6]" started-at="2024-12-21T17:21:09 IST" name="afterMethod" finished-at="2024-12-21T17:21:11 IST" duration-ms="1695" status="PASS">
          <reporter-output>
          </reporter-output>
        </test-method> <!-- afterMethod -->
        <test-method is-config="true" signature="afterTest()[pri:0, instance:sZephyr_testcases.TC08_Pairing_BlewithoutRouter@17d919b6]" started-at="2024-12-21T17:21:11 IST" name="afterTest" finished-at="2024-12-21T17:21:11 IST" duration-ms="0" status="PASS">
          <reporter-output>
          </reporter-output>
        </test-method> <!-- afterTest -->
        <test-method is-config="true" signature="afterSuite()[pri:0, instance:sZephyr_testcases.TC08_Pairing_BlewithoutRouter@17d919b6]" started-at="2024-12-21T17:21:11 IST" name="afterSuite" finished-at="2024-12-21T17:21:11 IST" duration-ms="192" status="PASS">
          <reporter-output>
          </reporter-output>
        </test-method> <!-- afterSuite -->
      </class> <!-- sZephyr_testcases.TC08_Pairing_BlewithoutRouter -->
    </test> <!-- Default test -->
  </suite> <!-- Default suite -->
</testng-results>
