<?xml version="1.0" encoding="UTF-8"?>
<testng-results ignored="0" total="1" passed="1" failed="0" skipped="0">
  <reporter-output>
  </reporter-output>
  <suite started-at="2024-12-10T23:02:25 IST" name="Default suite" finished-at="2024-12-10T23:03:07 IST" duration-ms="42110">
    <groups>
    </groups>
    <test started-at="2024-12-10T23:02:25 IST" name="Default test" finished-at="2024-12-10T23:03:07 IST" duration-ms="42110">
      <class name="testcases_signIn_up_accountsinfo_module.TC01_SignUp">
        <test-method is-config="true" signature="beforeSuite()[pri:0, instance:testcases_signIn_up_accountsinfo_module.TC01_SignUp@5167f57d]" started-at="2024-12-10T23:02:24 IST" name="beforeSuite" finished-at="2024-12-10T23:02:25 IST" duration-ms="744" status="PASS">
          <reporter-output>
          </reporter-output>
        </test-method> <!-- beforeSuite -->
        <test-method is-config="true" signature="beforeTest()[pri:0, instance:testcases_signIn_up_accountsinfo_module.TC01_SignUp@5167f57d]" started-at="2024-12-10T23:02:25 IST" name="beforeTest" finished-at="2024-12-10T23:02:25 IST" duration-ms="2" status="PASS">
          <reporter-output>
          </reporter-output>
        </test-method> <!-- beforeTest -->
        <test-method is-config="true" signature="startTestCase()[pri:0, instance:testcases_signIn_up_accountsinfo_module.TC01_SignUp@5167f57d]" started-at="2024-12-10T23:02:25 IST" name="startTestCase" finished-at="2024-12-10T23:02:25 IST" duration-ms="0" status="PASS">
          <reporter-output>
          </reporter-output>
        </test-method> <!-- startTestCase -->
        <test-method is-config="true" signature="beforeMethod()[pri:0, instance:testcases_signIn_up_accountsinfo_module.TC01_SignUp@5167f57d]" started-at="2024-12-10T23:02:25 IST" name="beforeMethod" finished-at="2024-12-10T23:02:25 IST" duration-ms="8" status="PASS">
          <reporter-output>
          </reporter-output>
        </test-method> <!-- beforeMethod -->
        <test-method signature="signUp()[pri:0, instance:testcases_signIn_up_accountsinfo_module.TC01_SignUp@5167f57d]" started-at="2024-12-10T23:02:25 IST" name="signUp" finished-at="2024-12-10T23:03:04 IST" duration-ms="39569" status="PASS">
          <reporter-output>
          </reporter-output>
        </test-method> <!-- signUp -->
        <test-method is-config="true" signature="afterMethod()[pri:0, instance:testcases_signIn_up_accountsinfo_module.TC01_SignUp@5167f57d]" started-at="2024-12-10T23:03:04 IST" name="afterMethod" finished-at="2024-12-10T23:03:07 IST" duration-ms="2468" status="PASS">
          <reporter-output>
          </reporter-output>
        </test-method> <!-- afterMethod -->
        <test-method is-config="true" signature="afterTest()[pri:0, instance:testcases_signIn_up_accountsinfo_module.TC01_SignUp@5167f57d]" started-at="2024-12-10T23:03:07 IST" name="afterTest" finished-at="2024-12-10T23:03:07 IST" duration-ms="0" status="PASS">
          <reporter-output>
          </reporter-output>
        </test-method> <!-- afterTest -->
        <test-method is-config="true" signature="afterSuite()[pri:0, instance:testcases_signIn_up_accountsinfo_module.TC01_SignUp@5167f57d]" started-at="2024-12-10T23:03:07 IST" name="afterSuite" finished-at="2024-12-10T23:03:07 IST" duration-ms="582" status="PASS">
          <reporter-output>
          </reporter-output>
        </test-method> <!-- afterSuite -->
      </class> <!-- testcases_signIn_up_accountsinfo_module.TC01_SignUp -->
    </test> <!-- Default test -->
  </suite> <!-- Default suite -->
</testng-results>
