<?xml version="1.0" encoding="UTF-8"?>
<testng-results ignored="0" total="1" passed="1" failed="0" skipped="0">
  <reporter-output>
  </reporter-output>
  <suite started-at="2025-04-25T15:59:37 IST" name="Default suite" finished-at="2025-04-25T16:00:45 IST" duration-ms="67922">
    <groups>
    </groups>
    <test started-at="2025-04-25T15:59:37 IST" name="Default test" finished-at="2025-04-25T16:00:45 IST" duration-ms="67922">
      <class name="sZephyr_testcases.TC04_SignIn_Flow">
        <test-method is-config="true" signature="beforeSuite()[pri:0, instance:sZephyr_testcases.TC04_SignIn_Flow@4e7912d8]" started-at="2025-04-25T15:59:37 IST" name="beforeSuite" finished-at="2025-04-25T15:59:37 IST" duration-ms="227" status="PASS">
          <reporter-output>
          </reporter-output>
        </test-method> <!-- beforeSuite -->
        <test-method is-config="true" signature="beforeTest()[pri:0, instance:sZephyr_testcases.TC04_SignIn_Flow@4e7912d8]" started-at="2025-04-25T15:59:37 IST" name="beforeTest" finished-at="2025-04-25T15:59:37 IST" duration-ms="1" status="PASS">
          <reporter-output>
          </reporter-output>
        </test-method> <!-- beforeTest -->
        <test-method is-config="true" signature="startTestCase()[pri:0, instance:sZephyr_testcases.TC04_SignIn_Flow@4e7912d8]" started-at="2025-04-25T15:59:37 IST" name="startTestCase" finished-at="2025-04-25T15:59:37 IST" duration-ms="0" status="PASS">
          <reporter-output>
          </reporter-output>
        </test-method> <!-- startTestCase -->
        <test-method is-config="true" signature="beforeMethod()[pri:0, instance:sZephyr_testcases.TC04_SignIn_Flow@4e7912d8]" started-at="2025-04-25T15:59:37 IST" name="beforeMethod" finished-at="2025-04-25T15:59:37 IST" duration-ms="3" status="PASS">
          <reporter-output>
          </reporter-output>
        </test-method> <!-- beforeMethod -->
        <test-method signature="signIn()[pri:3, instance:sZephyr_testcases.TC04_SignIn_Flow@4e7912d8]" started-at="2025-04-25T15:59:37 IST" name="signIn" finished-at="2025-04-25T15:59:59 IST" duration-ms="21575" status="PASS">
          <reporter-output>
          </reporter-output>
        </test-method> <!-- signIn -->
        <test-method is-config="true" signature="afterMethod()[pri:0, instance:sZephyr_testcases.TC04_SignIn_Flow@4e7912d8]" started-at="2025-04-25T15:59:59 IST" name="afterMethod" finished-at="2025-04-25T16:00:45 IST" duration-ms="46317" status="PASS">
          <reporter-output>
          </reporter-output>
        </test-method> <!-- afterMethod -->
        <test-method is-config="true" signature="afterTest()[pri:0, instance:sZephyr_testcases.TC04_SignIn_Flow@4e7912d8]" started-at="2025-04-25T16:00:45 IST" name="afterTest" finished-at="2025-04-25T16:00:45 IST" duration-ms="1" status="PASS">
          <reporter-output>
          </reporter-output>
        </test-method> <!-- afterTest -->
        <test-method is-config="true" signature="afterSuite()[pri:0, instance:sZephyr_testcases.TC04_SignIn_Flow@4e7912d8]" started-at="2025-04-25T16:00:45 IST" name="afterSuite" finished-at="2025-04-25T16:00:46 IST" duration-ms="187" status="PASS">
          <reporter-output>
          </reporter-output>
        </test-method> <!-- afterSuite -->
      </class> <!-- sZephyr_testcases.TC04_SignIn_Flow -->
    </test> <!-- Default test -->
  </suite> <!-- Default suite -->
</testng-results>
