<?xml version="1.0" encoding="UTF-8"?>
<testng-results ignored="0" total="1" passed="1" failed="0" skipped="0">
  <reporter-output>
  </reporter-output>
  <suite started-at="2025-06-05T13:18:20 IST" name="Default suite" finished-at="2025-06-05T13:18:48 IST" duration-ms="27860">
    <groups>
    </groups>
    <test started-at="2025-06-05T13:18:20 IST" name="Default test" finished-at="2025-06-05T13:18:48 IST" duration-ms="27860">
      <class name="sZephyr_testcases.TC04_SignIn_Flow">
        <test-method is-config="true" signature="beforeSuite()[pri:0, instance:sZephyr_testcases.TC04_SignIn_Flow@7283d3eb]" started-at="2025-06-05T13:17:24 IST" name="beforeSuite" finished-at="2025-06-05T13:18:20 IST" duration-ms="55346" status="PASS">
          <reporter-output>
          </reporter-output>
        </test-method> <!-- beforeSuite -->
        <test-method is-config="true" signature="beforeTest()[pri:0, instance:sZephyr_testcases.TC04_SignIn_Flow@7283d3eb]" started-at="2025-06-05T13:18:20 IST" name="beforeTest" finished-at="2025-06-05T13:18:20 IST" duration-ms="1" status="PASS">
          <reporter-output>
          </reporter-output>
        </test-method> <!-- beforeTest -->
        <test-method is-config="true" signature="startTestCase()[pri:0, instance:sZephyr_testcases.TC04_SignIn_Flow@7283d3eb]" started-at="2025-06-05T13:18:20 IST" name="startTestCase" finished-at="2025-06-05T13:18:20 IST" duration-ms="0" status="PASS">
          <reporter-output>
          </reporter-output>
        </test-method> <!-- startTestCase -->
        <test-method is-config="true" signature="beforeMethod()[pri:0, instance:sZephyr_testcases.TC04_SignIn_Flow@7283d3eb]" started-at="2025-06-05T13:18:20 IST" name="beforeMethod" finished-at="2025-06-05T13:18:20 IST" duration-ms="3" status="PASS">
          <reporter-output>
          </reporter-output>
        </test-method> <!-- beforeMethod -->
        <test-method signature="signIn()[pri:3, instance:sZephyr_testcases.TC04_SignIn_Flow@7283d3eb]" started-at="2025-06-05T13:18:20 IST" name="signIn" finished-at="2025-06-05T13:18:47 IST" duration-ms="27107" status="PASS">
          <reporter-output>
          </reporter-output>
        </test-method> <!-- signIn -->
        <test-method is-config="true" signature="afterMethod()[pri:0, instance:sZephyr_testcases.TC04_SignIn_Flow@7283d3eb]" started-at="2025-06-05T13:18:47 IST" name="afterMethod" finished-at="2025-06-05T13:18:48 IST" duration-ms="727" status="PASS">
          <reporter-output>
          </reporter-output>
        </test-method> <!-- afterMethod -->
        <test-method is-config="true" signature="afterTest()[pri:0, instance:sZephyr_testcases.TC04_SignIn_Flow@7283d3eb]" started-at="2025-06-05T13:18:48 IST" name="afterTest" finished-at="2025-06-05T13:18:48 IST" duration-ms="0" status="PASS">
          <reporter-output>
          </reporter-output>
        </test-method> <!-- afterTest -->
        <test-method is-config="true" signature="afterSuite()[pri:0, instance:sZephyr_testcases.TC04_SignIn_Flow@7283d3eb]" started-at="2025-06-05T13:18:48 IST" name="afterSuite" finished-at="2025-06-05T13:18:48 IST" duration-ms="299" status="PASS">
          <reporter-output>
          </reporter-output>
        </test-method> <!-- afterSuite -->
      </class> <!-- sZephyr_testcases.TC04_SignIn_Flow -->
    </test> <!-- Default test -->
  </suite> <!-- Default suite -->
</testng-results>
