<?xml version="1.0" encoding="UTF-8"?>
<testng-results ignored="0" total="1" passed="1" failed="0" skipped="0">
  <reporter-output>
  </reporter-output>
  <suite started-at="2025-04-25T18:41:55 IST" name="Default suite" finished-at="2025-04-25T18:45:45 IST" duration-ms="229614">
    <groups>
    </groups>
    <test started-at="2025-04-25T18:41:55 IST" name="Default test" finished-at="2025-04-25T18:45:45 IST" duration-ms="229614">
      <class name="sZephyr_testcases.TC07_SignIn_Logout">
        <test-method is-config="true" signature="beforeSuite()[pri:0, instance:sZephyr_testcases.TC07_SignIn_Logout@7283d3eb]" started-at="2025-04-25T18:41:55 IST" name="beforeSuite" finished-at="2025-04-25T18:41:55 IST" duration-ms="257" status="PASS">
          <reporter-output>
          </reporter-output>
        </test-method> <!-- beforeSuite -->
        <test-method is-config="true" signature="beforeTest()[pri:0, instance:sZephyr_testcases.TC07_SignIn_Logout@7283d3eb]" started-at="2025-04-25T18:41:55 IST" name="beforeTest" finished-at="2025-04-25T18:41:55 IST" duration-ms="1" status="PASS">
          <reporter-output>
          </reporter-output>
        </test-method> <!-- beforeTest -->
        <test-method is-config="true" signature="startTestCase()[pri:0, instance:sZephyr_testcases.TC07_SignIn_Logout@7283d3eb]" started-at="2025-04-25T18:41:55 IST" name="startTestCase" finished-at="2025-04-25T18:41:55 IST" duration-ms="0" status="PASS">
          <reporter-output>
          </reporter-output>
        </test-method> <!-- startTestCase -->
        <test-method is-config="true" signature="beforeMethod()[pri:0, instance:sZephyr_testcases.TC07_SignIn_Logout@7283d3eb]" started-at="2025-04-25T18:41:55 IST" name="beforeMethod" finished-at="2025-04-25T18:41:55 IST" duration-ms="3" status="PASS">
          <reporter-output>
          </reporter-output>
        </test-method> <!-- beforeMethod -->
        <test-method signature="login()[pri:6, instance:sZephyr_testcases.TC07_SignIn_Logout@7283d3eb]" started-at="2025-04-25T18:41:55 IST" name="login" finished-at="2025-04-25T18:44:36 IST" duration-ms="160987" status="PASS">
          <reporter-output>
          </reporter-output>
        </test-method> <!-- login -->
        <test-method is-config="true" signature="afterMethod()[pri:0, instance:sZephyr_testcases.TC07_SignIn_Logout@7283d3eb]" started-at="2025-04-25T18:44:36 IST" name="afterMethod" finished-at="2025-04-25T18:45:45 IST" duration-ms="68599" status="PASS">
          <reporter-output>
          </reporter-output>
        </test-method> <!-- afterMethod -->
        <test-method is-config="true" signature="afterTest()[pri:0, instance:sZephyr_testcases.TC07_SignIn_Logout@7283d3eb]" started-at="2025-04-25T18:45:45 IST" name="afterTest" finished-at="2025-04-25T18:45:45 IST" duration-ms="0" status="PASS">
          <reporter-output>
          </reporter-output>
        </test-method> <!-- afterTest -->
        <test-method is-config="true" signature="afterSuite()[pri:0, instance:sZephyr_testcases.TC07_SignIn_Logout@7283d3eb]" started-at="2025-04-25T18:45:45 IST" name="afterSuite" finished-at="2025-04-25T18:45:45 IST" duration-ms="285" status="PASS">
          <reporter-output>
          </reporter-output>
        </test-method> <!-- afterSuite -->
      </class> <!-- sZephyr_testcases.TC07_SignIn_Logout -->
    </test> <!-- Default test -->
  </suite> <!-- Default suite -->
</testng-results>
