<?xml version="1.0" encoding="UTF-8"?>
<testng-results ignored="0" total="1" passed="1" failed="0" skipped="0">
  <reporter-output>
  </reporter-output>
  <suite started-at="2025-01-08T16:11:23 IST" name="Default suite" finished-at="2025-01-08T16:14:07 IST" duration-ms="163600">
    <groups>
    </groups>
    <test started-at="2025-01-08T16:11:23 IST" name="Default test" finished-at="2025-01-08T16:14:07 IST" duration-ms="163600">
      <class name="sZephyr_testcases.TC28_Schedular">
        <test-method is-config="true" signature="beforeSuite()[pri:0, instance:sZephyr_testcases.TC28_Schedular@7d61eb55]" started-at="2025-01-08T16:11:23 IST" name="beforeSuite" finished-at="2025-01-08T16:11:23 IST" duration-ms="251" status="PASS">
          <reporter-output>
          </reporter-output>
        </test-method> <!-- beforeSuite -->
        <test-method is-config="true" signature="beforeTest()[pri:0, instance:sZephyr_testcases.TC28_Schedular@7d61eb55]" started-at="2025-01-08T16:11:23 IST" name="beforeTest" finished-at="2025-01-08T16:11:23 IST" duration-ms="1" status="PASS">
          <reporter-output>
          </reporter-output>
        </test-method> <!-- beforeTest -->
        <test-method is-config="true" signature="startTestCase()[pri:0, instance:sZephyr_testcases.TC28_Schedular@7d61eb55]" started-at="2025-01-08T16:11:23 IST" name="startTestCase" finished-at="2025-01-08T16:11:23 IST" duration-ms="0" status="PASS">
          <reporter-output>
          </reporter-output>
        </test-method> <!-- startTestCase -->
        <test-method is-config="true" signature="beforeMethod()[pri:0, instance:sZephyr_testcases.TC28_Schedular@7d61eb55]" started-at="2025-01-08T16:11:23 IST" name="beforeMethod" finished-at="2025-01-08T16:11:23 IST" duration-ms="3" status="PASS">
          <reporter-output>
          </reporter-output>
        </test-method> <!-- beforeMethod -->
        <test-method signature="schedule()[pri:27, instance:sZephyr_testcases.TC28_Schedular@7d61eb55]" started-at="2025-01-08T16:11:23 IST" name="schedule" finished-at="2025-01-08T16:14:05 IST" duration-ms="161753" status="PASS">
          <reporter-output>
          </reporter-output>
        </test-method> <!-- schedule -->
        <test-method is-config="true" signature="afterMethod()[pri:0, instance:sZephyr_testcases.TC28_Schedular@7d61eb55]" started-at="2025-01-08T16:14:05 IST" name="afterMethod" finished-at="2025-01-08T16:14:07 IST" duration-ms="1817" status="PASS">
          <reporter-output>
          </reporter-output>
        </test-method> <!-- afterMethod -->
        <test-method is-config="true" signature="afterTest()[pri:0, instance:sZephyr_testcases.TC28_Schedular@7d61eb55]" started-at="2025-01-08T16:14:07 IST" name="afterTest" finished-at="2025-01-08T16:14:07 IST" duration-ms="0" status="PASS">
          <reporter-output>
          </reporter-output>
        </test-method> <!-- afterTest -->
        <test-method is-config="true" signature="afterSuite()[pri:0, instance:sZephyr_testcases.TC28_Schedular@7d61eb55]" started-at="2025-01-08T16:14:07 IST" name="afterSuite" finished-at="2025-01-08T16:14:07 IST" duration-ms="206" status="PASS">
          <reporter-output>
          </reporter-output>
        </test-method> <!-- afterSuite -->
      </class> <!-- sZephyr_testcases.TC28_Schedular -->
    </test> <!-- Default test -->
  </suite> <!-- Default suite -->
</testng-results>
