<?xml version="1.0" encoding="UTF-8"?>
<testng-results ignored="0" total="1" passed="1" failed="0" skipped="0">
  <reporter-output>
  </reporter-output>
  <suite started-at="2024-09-16T18:01:36 IST" name="Default suite" finished-at="2024-09-16T18:01:58 IST" duration-ms="21905">
    <groups>
    </groups>
    <test started-at="2024-09-16T18:01:36 IST" name="Default test" finished-at="2024-09-16T18:01:58 IST" duration-ms="21905">
      <class name="testcases_signup_module.TC05_SignIn_SuccessFlow">
        <test-method is-config="true" signature="beforeSuite()[pri:0, instance:testcases_signup_module.TC05_SignIn_SuccessFlow@5745ca0e]" started-at="2024-09-16T18:01:27 IST" name="beforeSuite" finished-at="2024-09-16T18:01:36 IST" duration-ms="8877" status="PASS">
          <reporter-output>
          </reporter-output>
        </test-method> <!-- beforeSuite -->
        <test-method is-config="true" signature="beforeTest()[pri:0, instance:testcases_signup_module.TC05_SignIn_SuccessFlow@5745ca0e]" started-at="2024-09-16T18:01:36 IST" name="beforeTest" finished-at="2024-09-16T18:01:36 IST" duration-ms="1" status="PASS">
          <reporter-output>
          </reporter-output>
        </test-method> <!-- beforeTest -->
        <test-method is-config="true" signature="startTestCase()[pri:0, instance:testcases_signup_module.TC05_SignIn_SuccessFlow@5745ca0e]" started-at="2024-09-16T18:01:36 IST" name="startTestCase" finished-at="2024-09-16T18:01:36 IST" duration-ms="0" status="PASS">
          <reporter-output>
          </reporter-output>
        </test-method> <!-- startTestCase -->
        <test-method is-config="true" signature="beforeMethod()[pri:0, instance:testcases_signup_module.TC05_SignIn_SuccessFlow@5745ca0e]" started-at="2024-09-16T18:01:36 IST" name="beforeMethod" finished-at="2024-09-16T18:01:36 IST" duration-ms="13" status="PASS">
          <reporter-output>
          </reporter-output>
        </test-method> <!-- beforeMethod -->
        <test-method signature="login()[pri:0, instance:testcases_signup_module.TC05_SignIn_SuccessFlow@5745ca0e]" started-at="2024-09-16T18:01:36 IST" name="login" finished-at="2024-09-16T18:01:58 IST" duration-ms="21207" status="PASS">
          <reporter-output>
          </reporter-output>
        </test-method> <!-- login -->
        <test-method is-config="true" signature="afterMethod()[pri:0, instance:testcases_signup_module.TC05_SignIn_SuccessFlow@5745ca0e]" started-at="2024-09-16T18:01:58 IST" name="afterMethod" finished-at="2024-09-16T18:01:58 IST" duration-ms="621" status="PASS">
          <reporter-output>
          </reporter-output>
        </test-method> <!-- afterMethod -->
        <test-method is-config="true" signature="afterTest()[pri:0, instance:testcases_signup_module.TC05_SignIn_SuccessFlow@5745ca0e]" started-at="2024-09-16T18:01:58 IST" name="afterTest" finished-at="2024-09-16T18:01:58 IST" duration-ms="1" status="PASS">
          <reporter-output>
          </reporter-output>
        </test-method> <!-- afterTest -->
        <test-method is-config="true" signature="afterSuite()[pri:0, instance:testcases_signup_module.TC05_SignIn_SuccessFlow@5745ca0e]" started-at="2024-09-16T18:01:58 IST" name="afterSuite" finished-at="2024-09-16T18:01:59 IST" duration-ms="400" status="PASS">
          <reporter-output>
          </reporter-output>
        </test-method> <!-- afterSuite -->
      </class> <!-- testcases_signup_module.TC05_SignIn_SuccessFlow -->
    </test> <!-- Default test -->
  </suite> <!-- Default suite -->
</testng-results>
