<?xml version="1.0" encoding="UTF-8"?>
<testng-results ignored="0" total="1" passed="1" failed="0" skipped="0">
  <reporter-output>
  </reporter-output>
  <suite started-at="2025-07-15T23:41:11 IST" name="Default suite" finished-at="2025-07-15T23:45:46 IST" duration-ms="274892">
    <groups>
    </groups>
    <test started-at="2025-07-15T23:41:11 IST" name="Default test" finished-at="2025-07-15T23:45:46 IST" duration-ms="274892">
      <class name="sZephyr_testcases.TC20_DeviceSettings">
        <test-method is-config="true" signature="beforeSuite()[pri:0, instance:sZephyr_testcases.TC20_DeviceSettings@638ef7ed]" started-at="2025-07-15T23:41:11 IST" name="beforeSuite" finished-at="2025-07-15T23:41:11 IST" duration-ms="345" status="PASS">
          <reporter-output>
          </reporter-output>
        </test-method> <!-- beforeSuite -->
        <test-method is-config="true" signature="beforeTest()[pri:0, instance:sZephyr_testcases.TC20_DeviceSettings@638ef7ed]" started-at="2025-07-15T23:41:11 IST" name="beforeTest" finished-at="2025-07-15T23:41:11 IST" duration-ms="1" status="PASS">
          <reporter-output>
          </reporter-output>
        </test-method> <!-- beforeTest -->
        <test-method is-config="true" signature="startTestCase()[pri:0, instance:sZephyr_testcases.TC20_DeviceSettings@638ef7ed]" started-at="2025-07-15T23:41:11 IST" name="startTestCase" finished-at="2025-07-15T23:41:11 IST" duration-ms="1" status="PASS">
          <reporter-output>
          </reporter-output>
        </test-method> <!-- startTestCase -->
        <test-method is-config="true" signature="beforeMethod()[pri:0, instance:sZephyr_testcases.TC20_DeviceSettings@638ef7ed]" started-at="2025-07-15T23:41:11 IST" name="beforeMethod" finished-at="2025-07-15T23:41:11 IST" duration-ms="3" status="PASS">
          <reporter-output>
          </reporter-output>
        </test-method> <!-- beforeMethod -->
        <test-method signature="TC20_DeviceSettings_Remove_Router()[pri:19, instance:sZephyr_testcases.TC20_DeviceSettings@638ef7ed]" started-at="2025-07-15T23:41:11 IST" name="TC20_DeviceSettings_Remove_Router" finished-at="2025-07-15T23:45:45 IST" duration-ms="274241" status="PASS">
          <reporter-output>
          </reporter-output>
        </test-method> <!-- TC20_DeviceSettings_Remove_Router -->
        <test-method is-config="true" signature="afterMethod()[pri:0, instance:sZephyr_testcases.TC20_DeviceSettings@638ef7ed]" started-at="2025-07-15T23:45:45 IST" name="afterMethod" finished-at="2025-07-15T23:45:46 IST" duration-ms="621" status="PASS">
          <reporter-output>
          </reporter-output>
        </test-method> <!-- afterMethod -->
        <test-method is-config="true" signature="afterTest()[pri:0, instance:sZephyr_testcases.TC20_DeviceSettings@638ef7ed]" started-at="2025-07-15T23:45:46 IST" name="afterTest" finished-at="2025-07-15T23:45:46 IST" duration-ms="0" status="PASS">
          <reporter-output>
          </reporter-output>
        </test-method> <!-- afterTest -->
        <test-method is-config="true" signature="afterSuite()[pri:0, instance:sZephyr_testcases.TC20_DeviceSettings@638ef7ed]" started-at="2025-07-15T23:45:46 IST" name="afterSuite" finished-at="2025-07-15T23:45:46 IST" duration-ms="300" status="PASS">
          <reporter-output>
          </reporter-output>
        </test-method> <!-- afterSuite -->
      </class> <!-- sZephyr_testcases.TC20_DeviceSettings -->
    </test> <!-- Default test -->
  </suite> <!-- Default suite -->
</testng-results>
