<?xml version="1.0" encoding="UTF-8"?>
<testng-results ignored="0" total="1" passed="1" failed="0" skipped="0">
  <reporter-output>
  </reporter-output>
  <suite started-at="2025-05-08T18:30:13 IST" name="Default suite" finished-at="2025-05-08T18:33:36 IST" duration-ms="202518">
    <groups>
    </groups>
    <test started-at="2025-05-08T18:30:13 IST" name="Default test" finished-at="2025-05-08T18:33:36 IST" duration-ms="202518">
      <class name="sZephyr_testcases.TC34_sZephyr_Info">
        <test-method is-config="true" signature="beforeSuite()[pri:0, instance:sZephyr_testcases.TC34_sZephyr_Info@2f8dad04]" started-at="2025-05-08T18:30:13 IST" name="beforeSuite" finished-at="2025-05-08T18:30:13 IST" duration-ms="272" status="PASS">
          <reporter-output>
          </reporter-output>
        </test-method> <!-- beforeSuite -->
        <test-method is-config="true" signature="beforeTest()[pri:0, instance:sZephyr_testcases.TC34_sZephyr_Info@2f8dad04]" started-at="2025-05-08T18:30:13 IST" name="beforeTest" finished-at="2025-05-08T18:30:13 IST" duration-ms="1" status="PASS">
          <reporter-output>
          </reporter-output>
        </test-method> <!-- beforeTest -->
        <test-method is-config="true" signature="startTestCase()[pri:0, instance:sZephyr_testcases.TC34_sZephyr_Info@2f8dad04]" started-at="2025-05-08T18:30:13 IST" name="startTestCase" finished-at="2025-05-08T18:30:13 IST" duration-ms="0" status="PASS">
          <reporter-output>
          </reporter-output>
        </test-method> <!-- startTestCase -->
        <test-method is-config="true" signature="beforeMethod()[pri:0, instance:sZephyr_testcases.TC34_sZephyr_Info@2f8dad04]" started-at="2025-05-08T18:30:13 IST" name="beforeMethod" finished-at="2025-05-08T18:30:13 IST" duration-ms="3" status="PASS">
          <reporter-output>
          </reporter-output>
        </test-method> <!-- beforeMethod -->
        <test-method signature="removerepair()[pri:33, instance:sZephyr_testcases.TC34_sZephyr_Info@2f8dad04]" started-at="2025-05-08T18:30:13 IST" name="removerepair" finished-at="2025-05-08T18:33:35 IST" duration-ms="201796" status="PASS">
          <reporter-output>
          </reporter-output>
        </test-method> <!-- removerepair -->
        <test-method is-config="true" signature="afterMethod()[pri:0, instance:sZephyr_testcases.TC34_sZephyr_Info@2f8dad04]" started-at="2025-05-08T18:33:35 IST" name="afterMethod" finished-at="2025-05-08T18:33:36 IST" duration-ms="690" status="PASS">
          <reporter-output>
          </reporter-output>
        </test-method> <!-- afterMethod -->
        <test-method is-config="true" signature="afterTest()[pri:0, instance:sZephyr_testcases.TC34_sZephyr_Info@2f8dad04]" started-at="2025-05-08T18:33:36 IST" name="afterTest" finished-at="2025-05-08T18:33:36 IST" duration-ms="1" status="PASS">
          <reporter-output>
          </reporter-output>
        </test-method> <!-- afterTest -->
        <test-method is-config="true" signature="afterSuite()[pri:0, instance:sZephyr_testcases.TC34_sZephyr_Info@2f8dad04]" started-at="2025-05-08T18:33:36 IST" name="afterSuite" finished-at="2025-05-08T18:33:36 IST" duration-ms="595" status="PASS">
          <reporter-output>
          </reporter-output>
        </test-method> <!-- afterSuite -->
      </class> <!-- sZephyr_testcases.TC34_sZephyr_Info -->
    </test> <!-- Default test -->
  </suite> <!-- Default suite -->
</testng-results>
