<?xml version="1.0" encoding="UTF-8"?>
<testng-results ignored="0" total="1" passed="1" failed="0" skipped="0">
  <reporter-output>
  </reporter-output>
  <suite started-at="2025-05-07T17:55:27 IST" name="Default suite" finished-at="2025-05-07T17:55:58 IST" duration-ms="30677">
    <groups>
    </groups>
    <test started-at="2025-05-07T17:55:27 IST" name="Default test" finished-at="2025-05-07T17:55:58 IST" duration-ms="30677">
      <class name="sZephyr_testcases.TC06_SignIn_SuccessFlow">
        <test-method is-config="true" signature="beforeSuite()[pri:0, instance:sZephyr_testcases.TC06_SignIn_SuccessFlow@2bfc268b]" started-at="2025-05-07T17:55:27 IST" name="beforeSuite" finished-at="2025-05-07T17:55:27 IST" duration-ms="262" status="PASS">
          <reporter-output>
          </reporter-output>
        </test-method> <!-- beforeSuite -->
        <test-method is-config="true" signature="beforeTest()[pri:0, instance:sZephyr_testcases.TC06_SignIn_SuccessFlow@2bfc268b]" started-at="2025-05-07T17:55:27 IST" name="beforeTest" finished-at="2025-05-07T17:55:27 IST" duration-ms="1" status="PASS">
          <reporter-output>
          </reporter-output>
        </test-method> <!-- beforeTest -->
        <test-method is-config="true" signature="startTestCase()[pri:0, instance:sZephyr_testcases.TC06_SignIn_SuccessFlow@2bfc268b]" started-at="2025-05-07T17:55:27 IST" name="startTestCase" finished-at="2025-05-07T17:55:27 IST" duration-ms="1" status="PASS">
          <reporter-output>
          </reporter-output>
        </test-method> <!-- startTestCase -->
        <test-method is-config="true" signature="beforeMethod()[pri:0, instance:sZephyr_testcases.TC06_SignIn_SuccessFlow@2bfc268b]" started-at="2025-05-07T17:55:27 IST" name="beforeMethod" finished-at="2025-05-07T17:55:27 IST" duration-ms="3" status="PASS">
          <reporter-output>
          </reporter-output>
        </test-method> <!-- beforeMethod -->
        <test-method signature="login()[pri:5, instance:sZephyr_testcases.TC06_SignIn_SuccessFlow@2bfc268b]" started-at="2025-05-07T17:55:27 IST" name="login" finished-at="2025-05-07T17:55:57 IST" duration-ms="29840" status="PASS">
          <reporter-output>
          </reporter-output>
        </test-method> <!-- login -->
        <test-method is-config="true" signature="afterMethod()[pri:0, instance:sZephyr_testcases.TC06_SignIn_SuccessFlow@2bfc268b]" started-at="2025-05-07T17:55:57 IST" name="afterMethod" finished-at="2025-05-07T17:55:58 IST" duration-ms="813" status="PASS">
          <reporter-output>
          </reporter-output>
        </test-method> <!-- afterMethod -->
        <test-method is-config="true" signature="afterTest()[pri:0, instance:sZephyr_testcases.TC06_SignIn_SuccessFlow@2bfc268b]" started-at="2025-05-07T17:55:58 IST" name="afterTest" finished-at="2025-05-07T17:55:58 IST" duration-ms="0" status="PASS">
          <reporter-output>
          </reporter-output>
        </test-method> <!-- afterTest -->
        <test-method is-config="true" signature="afterSuite()[pri:0, instance:sZephyr_testcases.TC06_SignIn_SuccessFlow@2bfc268b]" started-at="2025-05-07T17:55:58 IST" name="afterSuite" finished-at="2025-05-07T17:55:58 IST" duration-ms="209" status="PASS">
          <reporter-output>
          </reporter-output>
        </test-method> <!-- afterSuite -->
      </class> <!-- sZephyr_testcases.TC06_SignIn_SuccessFlow -->
    </test> <!-- Default test -->
  </suite> <!-- Default suite -->
</testng-results>
