<?xml version="1.0" encoding="UTF-8"?>
<testng-results ignored="0" total="1" passed="1" failed="0" skipped="0">
  <reporter-output>
  </reporter-output>
  <suite started-at="2025-10-24T19:22:28 IST" name="Default suite" finished-at="2025-10-24T19:40:16 IST" duration-ms="1068143">
    <groups>
    </groups>
    <test started-at="2025-10-24T19:22:28 IST" name="Default test" finished-at="2025-10-24T19:40:16 IST" duration-ms="1068143">
      <class name="sZephyr_testcases.TC29_Schedular">
        <test-method is-config="true" signature="beforeSuite()[pri:0, instance:sZephyr_testcases.TC29_Schedular@7283d3eb]" started-at="2025-10-24T19:22:28 IST" name="beforeSuite" finished-at="2025-10-24T19:22:28 IST" duration-ms="403" status="PASS">
          <reporter-output>
          </reporter-output>
        </test-method> <!-- beforeSuite -->
        <test-method is-config="true" signature="beforeTest()[pri:0, instance:sZephyr_testcases.TC29_Schedular@7283d3eb]" started-at="2025-10-24T19:22:28 IST" name="beforeTest" finished-at="2025-10-24T19:22:28 IST" duration-ms="1" status="PASS">
          <reporter-output>
          </reporter-output>
        </test-method> <!-- beforeTest -->
        <test-method is-config="true" signature="startTestCase()[pri:0, instance:sZephyr_testcases.TC29_Schedular@7283d3eb]" started-at="2025-10-24T19:22:28 IST" name="startTestCase" finished-at="2025-10-24T19:22:28 IST" duration-ms="1" status="PASS">
          <reporter-output>
          </reporter-output>
        </test-method> <!-- startTestCase -->
        <test-method is-config="true" signature="beforeMethod()[pri:0, instance:sZephyr_testcases.TC29_Schedular@7283d3eb]" started-at="2025-10-24T19:22:28 IST" name="beforeMethod" finished-at="2025-10-24T19:22:28 IST" duration-ms="2" status="PASS">
          <reporter-output>
          </reporter-output>
        </test-method> <!-- beforeMethod -->
        <test-method signature="TC29_Schedular_Smartconfig_app_close()[pri:28, instance:sZephyr_testcases.TC29_Schedular@7283d3eb]" started-at="2025-10-24T19:22:28 IST" name="TC29_Schedular_Smartconfig_app_close" finished-at="2025-10-24T19:40:16 IST" duration-ms="1067475" status="PASS">
          <reporter-output>
          </reporter-output>
        </test-method> <!-- TC29_Schedular_Smartconfig_app_close -->
        <test-method is-config="true" signature="afterMethod()[pri:0, instance:sZephyr_testcases.TC29_Schedular@7283d3eb]" started-at="2025-10-24T19:40:16 IST" name="afterMethod" finished-at="2025-10-24T19:40:16 IST" duration-ms="640" status="PASS">
          <reporter-output>
          </reporter-output>
        </test-method> <!-- afterMethod -->
        <test-method is-config="true" signature="afterTest()[pri:0, instance:sZephyr_testcases.TC29_Schedular@7283d3eb]" started-at="2025-10-24T19:40:16 IST" name="afterTest" finished-at="2025-10-24T19:40:16 IST" duration-ms="0" status="PASS">
          <reporter-output>
          </reporter-output>
        </test-method> <!-- afterTest -->
        <test-method is-config="true" signature="afterSuite()[pri:0, instance:sZephyr_testcases.TC29_Schedular@7283d3eb]" started-at="2025-10-24T19:40:16 IST" name="afterSuite" finished-at="2025-10-24T19:40:17 IST" duration-ms="325" status="PASS">
          <reporter-output>
          </reporter-output>
        </test-method> <!-- afterSuite -->
      </class> <!-- sZephyr_testcases.TC29_Schedular -->
    </test> <!-- Default test -->
  </suite> <!-- Default suite -->
</testng-results>
