<?xml version="1.0" encoding="UTF-8"?>
<testng-results ignored="0" total="1" passed="1" failed="0" skipped="0">
  <reporter-output>
  </reporter-output>
  <suite started-at="2025-07-17T14:44:00 IST" name="Default suite" finished-at="2025-07-17T14:45:07 IST" duration-ms="67098">
    <groups>
    </groups>
    <test started-at="2025-07-17T14:44:00 IST" name="Default test" finished-at="2025-07-17T14:45:07 IST" duration-ms="67098">
      <class name="sZephyr_testcases.TC03_SignUp">
        <test-method is-config="true" signature="beforeSuite()[pri:0, instance:sZephyr_testcases.TC03_SignUp@7283d3eb]" started-at="2025-07-17T14:44:00 IST" name="beforeSuite" finished-at="2025-07-17T14:44:00 IST" duration-ms="342" status="PASS">
          <reporter-output>
          </reporter-output>
        </test-method> <!-- beforeSuite -->
        <test-method is-config="true" signature="beforeTest()[pri:0, instance:sZephyr_testcases.TC03_SignUp@7283d3eb]" started-at="2025-07-17T14:44:00 IST" name="beforeTest" finished-at="2025-07-17T14:44:00 IST" duration-ms="1" status="PASS">
          <reporter-output>
          </reporter-output>
        </test-method> <!-- beforeTest -->
        <test-method is-config="true" signature="startTestCase()[pri:0, instance:sZephyr_testcases.TC03_SignUp@7283d3eb]" started-at="2025-07-17T14:44:00 IST" name="startTestCase" finished-at="2025-07-17T14:44:00 IST" duration-ms="0" status="PASS">
          <reporter-output>
          </reporter-output>
        </test-method> <!-- startTestCase -->
        <test-method is-config="true" signature="beforeMethod()[pri:0, instance:sZephyr_testcases.TC03_SignUp@7283d3eb]" started-at="2025-07-17T14:44:00 IST" name="beforeMethod" finished-at="2025-07-17T14:44:00 IST" duration-ms="2" status="PASS">
          <reporter-output>
          </reporter-output>
        </test-method> <!-- beforeMethod -->
        <test-method signature="TC03_SignUp_Try_to_Sign_Up_with_new_username()[pri:2, instance:sZephyr_testcases.TC03_SignUp@7283d3eb]" started-at="2025-07-17T14:44:00 IST" name="TC03_SignUp_Try_to_Sign_Up_with_new_username" finished-at="2025-07-17T14:45:07 IST" duration-ms="66361" status="PASS">
          <reporter-output>
          </reporter-output>
        </test-method> <!-- TC03_SignUp_Try_to_Sign_Up_with_new_username -->
        <test-method is-config="true" signature="afterMethod()[pri:0, instance:sZephyr_testcases.TC03_SignUp@7283d3eb]" started-at="2025-07-17T14:45:07 IST" name="afterMethod" finished-at="2025-07-17T14:45:07 IST" duration-ms="711" status="PASS">
          <reporter-output>
          </reporter-output>
        </test-method> <!-- afterMethod -->
        <test-method is-config="true" signature="afterTest()[pri:0, instance:sZephyr_testcases.TC03_SignUp@7283d3eb]" started-at="2025-07-17T14:45:07 IST" name="afterTest" finished-at="2025-07-17T14:45:07 IST" duration-ms="0" status="PASS">
          <reporter-output>
          </reporter-output>
        </test-method> <!-- afterTest -->
        <test-method is-config="true" signature="afterSuite()[pri:0, instance:sZephyr_testcases.TC03_SignUp@7283d3eb]" started-at="2025-07-17T14:45:07 IST" name="afterSuite" finished-at="2025-07-17T14:45:08 IST" duration-ms="257" status="PASS">
          <reporter-output>
          </reporter-output>
        </test-method> <!-- afterSuite -->
      </class> <!-- sZephyr_testcases.TC03_SignUp -->
    </test> <!-- Default test -->
  </suite> <!-- Default suite -->
</testng-results>
