<?xml version="1.0" encoding="UTF-8"?>
<testng-results ignored="0" total="1" passed="1" failed="0" skipped="0">
  <reporter-output>
  </reporter-output>
  <suite started-at="2024-11-15T17:43:47 IST" name="Default suite" finished-at="2024-11-15T17:46:41 IST" duration-ms="173506">
    <groups>
    </groups>
    <test started-at="2024-11-15T17:43:47 IST" name="Default test" finished-at="2024-11-15T17:46:41 IST" duration-ms="173506">
      <class name="testcases_deviceSettings.TC01_DeviceSettings">
        <test-method is-config="true" signature="beforeSuite()[pri:0, instance:testcases_deviceSettings.TC01_DeviceSettings@41f69e84]" started-at="2024-11-15T17:43:46 IST" name="beforeSuite" finished-at="2024-11-15T17:43:47 IST" duration-ms="1055" status="PASS">
          <reporter-output>
          </reporter-output>
        </test-method> <!-- beforeSuite -->
        <test-method is-config="true" signature="beforeTest()[pri:0, instance:testcases_deviceSettings.TC01_DeviceSettings@41f69e84]" started-at="2024-11-15T17:43:47 IST" name="beforeTest" finished-at="2024-11-15T17:43:47 IST" duration-ms="4" status="PASS">
          <reporter-output>
          </reporter-output>
        </test-method> <!-- beforeTest -->
        <test-method is-config="true" signature="startTestCase()[pri:0, instance:testcases_deviceSettings.TC01_DeviceSettings@41f69e84]" started-at="2024-11-15T17:43:47 IST" name="startTestCase" finished-at="2024-11-15T17:43:47 IST" duration-ms="0" status="PASS">
          <reporter-output>
          </reporter-output>
        </test-method> <!-- startTestCase -->
        <test-method is-config="true" signature="beforeMethod()[pri:0, instance:testcases_deviceSettings.TC01_DeviceSettings@41f69e84]" started-at="2024-11-15T17:43:48 IST" name="beforeMethod" finished-at="2024-11-15T17:43:48 IST" duration-ms="11" status="PASS">
          <reporter-output>
          </reporter-output>
        </test-method> <!-- beforeMethod -->
        <test-method signature="removerepair()[pri:0, instance:testcases_deviceSettings.TC01_DeviceSettings@41f69e84]" started-at="2024-11-15T17:43:48 IST" name="removerepair" finished-at="2024-11-15T17:46:38 IST" duration-ms="170810" status="PASS">
          <reporter-output>
          </reporter-output>
        </test-method> <!-- removerepair -->
        <test-method is-config="true" signature="afterMethod()[pri:0, instance:testcases_deviceSettings.TC01_DeviceSettings@41f69e84]" started-at="2024-11-15T17:46:38 IST" name="afterMethod" finished-at="2024-11-15T17:46:41 IST" duration-ms="2606" status="PASS">
          <reporter-output>
          </reporter-output>
        </test-method> <!-- afterMethod -->
        <test-method is-config="true" signature="afterTest()[pri:0, instance:testcases_deviceSettings.TC01_DeviceSettings@41f69e84]" started-at="2024-11-15T17:46:41 IST" name="afterTest" finished-at="2024-11-15T17:46:41 IST" duration-ms="1" status="PASS">
          <reporter-output>
          </reporter-output>
        </test-method> <!-- afterTest -->
        <test-method is-config="true" signature="afterSuite()[pri:0, instance:testcases_deviceSettings.TC01_DeviceSettings@41f69e84]" started-at="2024-11-15T17:46:41 IST" name="afterSuite" finished-at="2024-11-15T17:46:42 IST" duration-ms="978" status="PASS">
          <reporter-output>
          </reporter-output>
        </test-method> <!-- afterSuite -->
      </class> <!-- testcases_deviceSettings.TC01_DeviceSettings -->
    </test> <!-- Default test -->
  </suite> <!-- Default suite -->
</testng-results>
