<?xml version="1.0" encoding="UTF-8"?>
<testng-results ignored="0" total="1" passed="1" failed="0" skipped="0">
  <reporter-output>
  </reporter-output>
  <suite started-at="2025-05-07T20:59:53 IST" name="Default suite" finished-at="2025-05-07T21:05:31 IST" duration-ms="337622">
    <groups>
    </groups>
    <test started-at="2025-05-07T20:59:53 IST" name="Default test" finished-at="2025-05-07T21:05:31 IST" duration-ms="337622">
      <class name="sZephyr_testcases.TC18_UI_CONNECTIVITY_MOD_0_TC_01_TO_03">
        <test-method is-config="true" signature="beforeSuite()[pri:0, instance:sZephyr_testcases.TC18_UI_CONNECTIVITY_MOD_0_TC_01_TO_03@2f8dad04]" started-at="2025-05-07T20:59:53 IST" name="beforeSuite" finished-at="2025-05-07T20:59:53 IST" duration-ms="256" status="PASS">
          <reporter-output>
          </reporter-output>
        </test-method> <!-- beforeSuite -->
        <test-method is-config="true" signature="beforeTest()[pri:0, instance:sZephyr_testcases.TC18_UI_CONNECTIVITY_MOD_0_TC_01_TO_03@2f8dad04]" started-at="2025-05-07T20:59:53 IST" name="beforeTest" finished-at="2025-05-07T20:59:53 IST" duration-ms="1" status="PASS">
          <reporter-output>
          </reporter-output>
        </test-method> <!-- beforeTest -->
        <test-method is-config="true" signature="startTestCase()[pri:0, instance:sZephyr_testcases.TC18_UI_CONNECTIVITY_MOD_0_TC_01_TO_03@2f8dad04]" started-at="2025-05-07T20:59:53 IST" name="startTestCase" finished-at="2025-05-07T20:59:53 IST" duration-ms="0" status="PASS">
          <reporter-output>
          </reporter-output>
        </test-method> <!-- startTestCase -->
        <test-method is-config="true" signature="beforeMethod()[pri:0, instance:sZephyr_testcases.TC18_UI_CONNECTIVITY_MOD_0_TC_01_TO_03@2f8dad04]" started-at="2025-05-07T20:59:53 IST" name="beforeMethod" finished-at="2025-05-07T20:59:53 IST" duration-ms="2" status="PASS">
          <reporter-output>
          </reporter-output>
        </test-method> <!-- beforeMethod -->
        <test-method signature="removerepair()[pri:17, instance:sZephyr_testcases.TC18_UI_CONNECTIVITY_MOD_0_TC_01_TO_03@2f8dad04]" started-at="2025-05-07T20:59:53 IST" name="removerepair" finished-at="2025-05-07T21:05:30 IST" duration-ms="336848" status="PASS">
          <reporter-output>
          </reporter-output>
        </test-method> <!-- removerepair -->
        <test-method is-config="true" signature="afterMethod()[pri:0, instance:sZephyr_testcases.TC18_UI_CONNECTIVITY_MOD_0_TC_01_TO_03@2f8dad04]" started-at="2025-05-07T21:05:30 IST" name="afterMethod" finished-at="2025-05-07T21:05:31 IST" duration-ms="747" status="PASS">
          <reporter-output>
          </reporter-output>
        </test-method> <!-- afterMethod -->
        <test-method is-config="true" signature="afterTest()[pri:0, instance:sZephyr_testcases.TC18_UI_CONNECTIVITY_MOD_0_TC_01_TO_03@2f8dad04]" started-at="2025-05-07T21:05:31 IST" name="afterTest" finished-at="2025-05-07T21:05:31 IST" duration-ms="1" status="PASS">
          <reporter-output>
          </reporter-output>
        </test-method> <!-- afterTest -->
        <test-method is-config="true" signature="afterSuite()[pri:0, instance:sZephyr_testcases.TC18_UI_CONNECTIVITY_MOD_0_TC_01_TO_03@2f8dad04]" started-at="2025-05-07T21:05:31 IST" name="afterSuite" finished-at="2025-05-07T21:05:31 IST" duration-ms="221" status="PASS">
          <reporter-output>
          </reporter-output>
        </test-method> <!-- afterSuite -->
      </class> <!-- sZephyr_testcases.TC18_UI_CONNECTIVITY_MOD_0_TC_01_TO_03 -->
    </test> <!-- Default test -->
  </suite> <!-- Default suite -->
</testng-results>
