<?xml version="1.0" encoding="UTF-8"?>
<testng-results ignored="0" total="1" passed="0" failed="1" skipped="0">
  <reporter-output>
  </reporter-output>
  <suite started-at="2024-10-01T22:43:55 IST" name="Default suite" finished-at="2024-10-01T22:47:07 IST" duration-ms="192090">
    <groups>
    </groups>
    <test started-at="2024-10-01T22:43:55 IST" name="Default test" finished-at="2024-10-01T22:47:07 IST" duration-ms="192090">
      <class name="schedular.TC03_Schedular">
        <test-method is-config="true" signature="beforeSuite()[pri:0, instance:schedular.TC03_Schedular@2235eaab]" started-at="2024-10-01T22:43:54 IST" name="beforeSuite" finished-at="2024-10-01T22:43:55 IST" duration-ms="705" status="PASS">
          <reporter-output>
          </reporter-output>
        </test-method> <!-- beforeSuite -->
        <test-method is-config="true" signature="beforeTest()[pri:0, instance:schedular.TC03_Schedular@2235eaab]" started-at="2024-10-01T22:43:55 IST" name="beforeTest" finished-at="2024-10-01T22:43:55 IST" duration-ms="2" status="PASS">
          <reporter-output>
          </reporter-output>
        </test-method> <!-- beforeTest -->
        <test-method is-config="true" signature="startTestCase()[pri:0, instance:schedular.TC03_Schedular@2235eaab]" started-at="2024-10-01T22:43:55 IST" name="startTestCase" finished-at="2024-10-01T22:43:55 IST" duration-ms="1" status="PASS">
          <reporter-output>
          </reporter-output>
        </test-method> <!-- startTestCase -->
        <test-method is-config="true" signature="beforeMethod()[pri:0, instance:schedular.TC03_Schedular@2235eaab]" started-at="2024-10-01T22:43:55 IST" name="beforeMethod" finished-at="2024-10-01T22:43:55 IST" duration-ms="9" status="PASS">
          <reporter-output>
          </reporter-output>
        </test-method> <!-- beforeMethod -->
        <test-method signature="schedule()[pri:0, instance:schedular.TC03_Schedular@2235eaab]" started-at="2024-10-01T22:43:55 IST" name="schedule" finished-at="2024-10-01T22:47:06 IST" duration-ms="191142" status="FAIL">
          <exception class="java.lang.RuntimeException">
            <message>
              <![CDATA[FAILED]]>
            </message>
            <full-stacktrace>
              <![CDATA[java.lang.RuntimeException: FAILED
at utils.Reporter.reportStep(Reporter.java:46)
at wrappers.GenericWrappers.clickbyXpath(GenericWrappers.java:175)
at pages.AddDevicePage.clickNextButtonsZephyrInfo(AddDevicePage.java:278)
at pages.Schedularpage.createschedule(Schedularpage.java:223)
at schedular.TC03_Schedular.schedule(TC03_Schedular.java:45)
at java.base/jdk.internal.reflect.NativeMethodAccessorImpl.invoke0(Native Method)
at java.base/jdk.internal.reflect.NativeMethodAccessorImpl.invoke(NativeMethodAccessorImpl.java:77)
at java.base/jdk.internal.reflect.DelegatingMethodAccessorImpl.invoke(DelegatingMethodAccessorImpl.java:43)
at java.base/java.lang.reflect.Method.invoke(Method.java:568)
at org.testng.internal.invokers.MethodInvocationHelper.invokeMethod(MethodInvocationHelper.java:139)
at org.testng.internal.invokers.TestInvoker.invokeMethod(TestInvoker.java:677)
at org.testng.internal.invokers.TestInvoker.invokeTestMethod(TestInvoker.java:221)
at org.testng.internal.invokers.MethodRunner.runInSequence(MethodRunner.java:50)
at org.testng.internal.invokers.TestInvoker$MethodInvocationAgent.invoke(TestInvoker.java:969)
at org.testng.internal.invokers.TestInvoker.invokeTestMethods(TestInvoker.java:194)
at org.testng.internal.invokers.TestMethodWorker.invokeTestMethods(TestMethodWorker.java:148)
at org.testng.internal.invokers.TestMethodWorker.run(TestMethodWorker.java:128)
at java.base/java.util.ArrayList.forEach(ArrayList.java:1511)
at org.testng.TestRunner.privateRun(TestRunner.java:829)
at org.testng.TestRunner.run(TestRunner.java:602)
at org.testng.SuiteRunner.runTest(SuiteRunner.java:437)
at org.testng.SuiteRunner.runSequentially(SuiteRunner.java:431)
at org.testng.SuiteRunner.privateRun(SuiteRunner.java:391)
at org.testng.SuiteRunner.run(SuiteRunner.java:330)
at org.testng.SuiteRunnerWorker.runSuite(SuiteRunnerWorker.java:52)
at org.testng.SuiteRunnerWorker.run(SuiteRunnerWorker.java:95)
at org.testng.TestNG.runSuitesSequentially(TestNG.java:1256)
at org.testng.TestNG.runSuitesLocally(TestNG.java:1176)
at org.testng.TestNG.runSuites(TestNG.java:1099)
at org.testng.TestNG.run(TestNG.java:1067)
at org.testng.remote.AbstractRemoteTestNG.run(AbstractRemoteTestNG.java:115)
at org.testng.remote.RemoteTestNG.initAndRun(RemoteTestNG.java:293)
at org.testng.remote.RemoteTestNG.main(RemoteTestNG.java:91)
]]>
            </full-stacktrace>
          </exception> <!-- java.lang.RuntimeException -->
          <reporter-output>
          </reporter-output>
        </test-method> <!-- schedule -->
        <test-method is-config="true" signature="afterMethod()[pri:0, instance:schedular.TC03_Schedular@2235eaab]" started-at="2024-10-01T22:47:06 IST" name="afterMethod" finished-at="2024-10-01T22:47:06 IST" duration-ms="408" status="PASS">
          <reporter-output>
          </reporter-output>
        </test-method> <!-- afterMethod -->
        <test-method is-config="true" signature="afterTest()[pri:0, instance:schedular.TC03_Schedular@2235eaab]" started-at="2024-10-01T22:47:06 IST" name="afterTest" finished-at="2024-10-01T22:47:07 IST" duration-ms="473" status="PASS">
          <reporter-output>
          </reporter-output>
        </test-method> <!-- afterTest -->
        <test-method is-config="true" signature="afterSuite()[pri:0, instance:schedular.TC03_Schedular@2235eaab]" started-at="2024-10-01T22:47:07 IST" name="afterSuite" finished-at="2024-10-01T22:47:07 IST" duration-ms="570" status="PASS">
          <reporter-output>
          </reporter-output>
        </test-method> <!-- afterSuite -->
      </class> <!-- schedular.TC03_Schedular -->
    </test> <!-- Default test -->
  </suite> <!-- Default suite -->
</testng-results>
