<?xml version="1.0" encoding="UTF-8"?>
<testng-results ignored="0" total="1" passed="0" failed="1" skipped="0">
  <reporter-output>
  </reporter-output>
  <suite started-at="2024-12-25T12:02:13 IST" name="Default suite" finished-at="2024-12-25T12:02:28 IST" duration-ms="14934">
    <groups>
    </groups>
    <test started-at="2024-12-25T12:02:13 IST" name="Default test" finished-at="2024-12-25T12:02:28 IST" duration-ms="14934">
      <class name="sZephyr_testcases.TC08_Pairing_BlewithoutRouter">
        <test-method is-config="true" signature="beforeSuite()[pri:0, instance:sZephyr_testcases.TC08_Pairing_BlewithoutRouter@17d919b6]" started-at="2024-12-25T12:02:13 IST" name="beforeSuite" finished-at="2024-12-25T12:02:13 IST" duration-ms="462" status="PASS">
          <reporter-output>
          </reporter-output>
        </test-method> <!-- beforeSuite -->
        <test-method is-config="true" signature="beforeTest()[pri:0, instance:sZephyr_testcases.TC08_Pairing_BlewithoutRouter@17d919b6]" started-at="2024-12-25T12:02:13 IST" name="beforeTest" finished-at="2024-12-25T12:02:13 IST" duration-ms="1" status="PASS">
          <reporter-output>
          </reporter-output>
        </test-method> <!-- beforeTest -->
        <test-method is-config="true" signature="startTestCase()[pri:0, instance:sZephyr_testcases.TC08_Pairing_BlewithoutRouter@17d919b6]" started-at="2024-12-25T12:02:13 IST" name="startTestCase" finished-at="2024-12-25T12:02:13 IST" duration-ms="0" status="PASS">
          <reporter-output>
          </reporter-output>
        </test-method> <!-- startTestCase -->
        <test-method is-config="true" signature="beforeMethod()[pri:0, instance:sZephyr_testcases.TC08_Pairing_BlewithoutRouter@17d919b6]" started-at="2024-12-25T12:02:13 IST" name="beforeMethod" finished-at="2024-12-25T12:02:13 IST" duration-ms="3" status="PASS">
          <reporter-output>
          </reporter-output>
        </test-method> <!-- beforeMethod -->
        <test-method signature="removerepair()[pri:7, instance:sZephyr_testcases.TC08_Pairing_BlewithoutRouter@17d919b6]" started-at="2024-12-25T12:02:13 IST" name="removerepair" finished-at="2024-12-25T12:02:25 IST" duration-ms="12349" status="FAIL">
          <exception class="org.openqa.selenium.WebDriverException">
            <message>
              <![CDATA[An unknown server-side error occurred while processing the command. Original error: The application at 'C:\Users\QA Automation\Desktop\APK\Android_SZephyr.apk' does not exist or is not accessible
Build info: version: '3.141.59', revision: 'e82be7d358', time: '2018-11-14T08:17:03'
System info: host: 'DESKTOP-MN86ODD', ip: '192.168.10.20', os.name: 'Windows 11', os.arch: 'amd64', os.version: '10.0', java.version: '21.0.4'
Driver info: io.appium.java_client.android.AndroidDriver
Capabilities {automationName: uiautomator2, databaseEnabled: false, desired: {automationName: uiautomator2, deviceName: lava, ignoreHiddenApiPolicyError: true, newCommandTimeout: 999999, platformName: android, platformVersion: 13, udid: BLZPCS22JB056558}, deviceApiLevel: 33, deviceManufacturer: LAVA, deviceModel: LAVA LZX404, deviceName: BLZPCS22JB056558, deviceScreenDensity: 320, deviceScreenSize: 720x1600, deviceUDID: BLZPCS22JB056558, ignoreHiddenApiPolicyError: true, javascriptEnabled: true, locationContextEnabled: false, networkConnectionEnabled: true, newCommandTimeout: 999999, pixelRatio: 2, platform: LINUX, platformName: Android, platformVersion: 13, statBarHeight: 48, takesScreenshot: true, udid: BLZPCS22JB056558, viewportRect: {height: 1552, left: 0, top: 48, width: 720}, warnings: {}, webStorageEnabled: false}
Session ID: 9bfc790f-392f-43f2-a325-ff2e08c01dd4]]>
            </message>
            <full-stacktrace>
              <![CDATA[org.openqa.selenium.WebDriverException: An unknown server-side error occurred while processing the command. Original error: The application at 'C:\Users\QA Automation\Desktop\APK\Android_SZephyr.apk' does not exist or is not accessible
Build info: version: '3.141.59', revision: 'e82be7d358', time: '2018-11-14T08:17:03'
System info: host: 'DESKTOP-MN86ODD', ip: '192.168.10.20', os.name: 'Windows 11', os.arch: 'amd64', os.version: '10.0', java.version: '21.0.4'
Driver info: io.appium.java_client.android.AndroidDriver
Capabilities {automationName: uiautomator2, databaseEnabled: false, desired: {automationName: uiautomator2, deviceName: lava, ignoreHiddenApiPolicyError: true, newCommandTimeout: 999999, platformName: android, platformVersion: 13, udid: BLZPCS22JB056558}, deviceApiLevel: 33, deviceManufacturer: LAVA, deviceModel: LAVA LZX404, deviceName: BLZPCS22JB056558, deviceScreenDensity: 320, deviceScreenSize: 720x1600, deviceUDID: BLZPCS22JB056558, ignoreHiddenApiPolicyError: true, javascriptEnabled: true, locationContextEnabled: false, networkConnectionEnabled: true, newCommandTimeout: 999999, pixelRatio: 2, platform: LINUX, platformName: Android, platformVersion: 13, statBarHeight: 48, takesScreenshot: true, udid: BLZPCS22JB056558, viewportRect: {height: 1552, left: 0, top: 48, width: 720}, warnings: {}, webStorageEnabled: false}
Session ID: 9bfc790f-392f-43f2-a325-ff2e08c01dd4
at java.base/jdk.internal.reflect.DirectConstructorHandleAccessor.newInstance(DirectConstructorHandleAccessor.java:62)
at java.base/java.lang.reflect.Constructor.newInstanceWithCaller(Constructor.java:502)
at java.base/java.lang.reflect.Constructor.newInstance(Constructor.java:486)
at org.openqa.selenium.remote.http.W3CHttpResponseCodec.createException(W3CHttpResponseCodec.java:187)
at org.openqa.selenium.remote.http.W3CHttpResponseCodec.decode(W3CHttpResponseCodec.java:122)
at org.openqa.selenium.remote.http.W3CHttpResponseCodec.decode(W3CHttpResponseCodec.java:49)
at org.openqa.selenium.remote.HttpCommandExecutor.execute(HttpCommandExecutor.java:158)
at io.appium.java_client.remote.AppiumCommandExecutor.execute(AppiumCommandExecutor.java:239)
at org.openqa.selenium.remote.RemoteWebDriver.execute(RemoteWebDriver.java:552)
at io.appium.java_client.DefaultGenericMobileDriver.execute(DefaultGenericMobileDriver.java:41)
at io.appium.java_client.AppiumDriver.execute(AppiumDriver.java:1)
at io.appium.java_client.android.AndroidDriver.execute(AndroidDriver.java:1)
at io.appium.java_client.CommandExecutionHelper.execute(CommandExecutionHelper.java:27)
at io.appium.java_client.InteractsWithApps.installApp(InteractsWithApps.java:74)
at io.appium.java_client.InteractsWithApps.installApp(InteractsWithApps.java:59)
at wrappers.GenericWrappers.initAndriodDriver(GenericWrappers.java:112)
at sZephyr_testcases.TC08_Pairing_BlewithoutRouter.removerepair(TC08_Pairing_BlewithoutRouter.java:41)
at java.base/jdk.internal.reflect.DirectMethodHandleAccessor.invoke(DirectMethodHandleAccessor.java:103)
at java.base/java.lang.reflect.Method.invoke(Method.java:580)
at org.testng.internal.invokers.MethodInvocationHelper.invokeMethod(MethodInvocationHelper.java:139)
at org.testng.internal.invokers.TestInvoker.invokeMethod(TestInvoker.java:664)
at org.testng.internal.invokers.TestInvoker.invokeTestMethod(TestInvoker.java:228)
at org.testng.internal.invokers.MethodRunner.runInSequence(MethodRunner.java:63)
at org.testng.internal.invokers.TestInvoker$MethodInvocationAgent.invoke(TestInvoker.java:961)
at org.testng.internal.invokers.TestInvoker.invokeTestMethods(TestInvoker.java:201)
at org.testng.internal.invokers.TestMethodWorker.invokeTestMethods(TestMethodWorker.java:148)
at org.testng.internal.invokers.TestMethodWorker.run(TestMethodWorker.java:128)
at java.base/java.util.ArrayList.forEach(ArrayList.java:1596)
at org.testng.TestRunner.privateRun(TestRunner.java:819)
at org.testng.TestRunner.run(TestRunner.java:619)
at org.testng.SuiteRunner.runTest(SuiteRunner.java:443)
at org.testng.SuiteRunner.runSequentially(SuiteRunner.java:437)
at org.testng.SuiteRunner.privateRun(SuiteRunner.java:397)
at org.testng.SuiteRunner.run(SuiteRunner.java:336)
at org.testng.SuiteRunnerWorker.runSuite(SuiteRunnerWorker.java:52)
at org.testng.SuiteRunnerWorker.run(SuiteRunnerWorker.java:95)
at org.testng.TestNG.runSuitesSequentially(TestNG.java:1301)
at org.testng.TestNG.runSuitesLocally(TestNG.java:1228)
at org.testng.TestNG.runSuites(TestNG.java:1134)
at org.testng.TestNG.run(TestNG.java:1101)
at org.testng.remote.AbstractRemoteTestNG.run(AbstractRemoteTestNG.java:115)
at org.testng.remote.RemoteTestNG.initAndRun(RemoteTestNG.java:293)
at org.testng.remote.RemoteTestNG.main(RemoteTestNG.java:91)
]]>
            </full-stacktrace>
          </exception> <!-- org.openqa.selenium.WebDriverException -->
          <reporter-output>
          </reporter-output>
        </test-method> <!-- removerepair -->
        <test-method is-config="true" signature="afterMethod()[pri:0, instance:sZephyr_testcases.TC08_Pairing_BlewithoutRouter@17d919b6]" started-at="2024-12-25T12:02:25 IST" name="afterMethod" finished-at="2024-12-25T12:02:28 IST" duration-ms="2550" status="PASS">
          <reporter-output>
          </reporter-output>
        </test-method> <!-- afterMethod -->
        <test-method is-config="true" signature="afterTest()[pri:0, instance:sZephyr_testcases.TC08_Pairing_BlewithoutRouter@17d919b6]" started-at="2024-12-25T12:02:28 IST" name="afterTest" finished-at="2024-12-25T12:02:28 IST" duration-ms="0" status="PASS">
          <reporter-output>
          </reporter-output>
        </test-method> <!-- afterTest -->
        <test-method is-config="true" signature="afterSuite()[pri:0, instance:sZephyr_testcases.TC08_Pairing_BlewithoutRouter@17d919b6]" started-at="2024-12-25T12:02:28 IST" name="afterSuite" finished-at="2024-12-25T12:02:28 IST" duration-ms="200" status="PASS">
          <reporter-output>
          </reporter-output>
        </test-method> <!-- afterSuite -->
      </class> <!-- sZephyr_testcases.TC08_Pairing_BlewithoutRouter -->
    </test> <!-- Default test -->
  </suite> <!-- Default suite -->
</testng-results>
