<?xml version="1.0" encoding="UTF-8"?>
<testng-results ignored="0" total="1" passed="1" failed="0" skipped="0">
  <reporter-output>
  </reporter-output>
  <suite started-at="2024-12-04T22:21:26 IST" name="Default suite" finished-at="2024-12-04T22:22:46 IST" duration-ms="79974">
    <groups>
    </groups>
    <test started-at="2024-12-04T22:21:26 IST" name="Default test" finished-at="2024-12-04T22:22:46 IST" duration-ms="79974">
      <class name="testcases_Factoryreset_sZephyrinfo.Longrun_voltvalue">
        <test-method is-config="true" signature="beforeSuite()[pri:0, instance:testcases_Factoryreset_sZephyrinfo.Longrun_voltvalue@7975d1d8]" started-at="2024-12-04T22:21:25 IST" name="beforeSuite" finished-at="2024-12-04T22:21:26 IST" duration-ms="964" status="PASS">
          <reporter-output>
          </reporter-output>
        </test-method> <!-- beforeSuite -->
        <test-method is-config="true" signature="beforeTest()[pri:0, instance:testcases_Factoryreset_sZephyrinfo.Longrun_voltvalue@7975d1d8]" started-at="2024-12-04T22:21:26 IST" name="beforeTest" finished-at="2024-12-04T22:21:26 IST" duration-ms="2" status="PASS">
          <reporter-output>
          </reporter-output>
        </test-method> <!-- beforeTest -->
        <test-method is-config="true" signature="startTestCase()[pri:0, instance:testcases_Factoryreset_sZephyrinfo.Longrun_voltvalue@7975d1d8]" started-at="2024-12-04T22:21:26 IST" name="startTestCase" finished-at="2024-12-04T22:21:26 IST" duration-ms="0" status="PASS">
          <reporter-output>
          </reporter-output>
        </test-method> <!-- startTestCase -->
        <test-method is-config="true" signature="beforeMethod()[pri:0, instance:testcases_Factoryreset_sZephyrinfo.Longrun_voltvalue@7975d1d8]" started-at="2024-12-04T22:21:26 IST" name="beforeMethod" finished-at="2024-12-04T22:21:26 IST" duration-ms="8" status="PASS">
          <reporter-output>
          </reporter-output>
        </test-method> <!-- beforeMethod -->
        <test-method signature="checkLowvolt()[pri:0, instance:testcases_Factoryreset_sZephyrinfo.Longrun_voltvalue@7975d1d8]" started-at="2024-12-04T22:21:26 IST" name="checkLowvolt" finished-at="2024-12-04T22:22:44 IST" duration-ms="77632" status="PASS">
          <reporter-output>
          </reporter-output>
        </test-method> <!-- checkLowvolt -->
        <test-method is-config="true" signature="afterMethod()[pri:0, instance:testcases_Factoryreset_sZephyrinfo.Longrun_voltvalue@7975d1d8]" started-at="2024-12-04T22:22:44 IST" name="afterMethod" finished-at="2024-12-04T22:22:46 IST" duration-ms="2251" status="PASS">
          <reporter-output>
          </reporter-output>
        </test-method> <!-- afterMethod -->
        <test-method is-config="true" signature="afterTest()[pri:0, instance:testcases_Factoryreset_sZephyrinfo.Longrun_voltvalue@7975d1d8]" started-at="2024-12-04T22:22:46 IST" name="afterTest" finished-at="2024-12-04T22:22:46 IST" duration-ms="1" status="PASS">
          <reporter-output>
          </reporter-output>
        </test-method> <!-- afterTest -->
        <test-method is-config="true" signature="afterSuite()[pri:0, instance:testcases_Factoryreset_sZephyrinfo.Longrun_voltvalue@7975d1d8]" started-at="2024-12-04T22:22:46 IST" name="afterSuite" finished-at="2024-12-04T22:22:47 IST" duration-ms="776" status="PASS">
          <reporter-output>
          </reporter-output>
        </test-method> <!-- afterSuite -->
      </class> <!-- testcases_Factoryreset_sZephyrinfo.Longrun_voltvalue -->
    </test> <!-- Default test -->
  </suite> <!-- Default suite -->
</testng-results>
