<?xml version="1.0" encoding="UTF-8"?>
<!-- Generated by org.testng.reporters.JUnitReportReporter -->
<testsuite hostname="DESKTOP-MN86ODD" failures="0" tests="2" name="sZephyr_testcases.TC09_Pairing_BlewithRouter" time="356.171" errors="0" timestamp="2025-12-03T22:12:00 IST" skipped="1">
  <testcase classname="sZephyr_testcases.TC09_Pairing_BlewithRouter" name="TC09_Pairing_BLE_With_Router" time="205.866"/>
  <testcase classname="sZephyr_testcases.TC09_Pairing_BlewithRouter" name="TC09_Pairing_BLE_With_Router" time="150.305">
    <skipped/>
  </testcase> <!-- TC09_Pairing_BLE_With_Router -->
</testsuite> <!-- sZephyr_testcases.TC09_Pairing_BlewithRouter -->
