<?xml version="1.0" encoding="UTF-8"?>
<!-- Generated by org.testng.reporters.JUnitReportReporter -->
<testsuite hostname="DESKTOP-MN86ODD" failures="0" tests="2" name="sZephyr_testcases.TC16_WifiWithRouter" time="638.721" errors="0" timestamp="2025-12-03T22:12:00 IST" skipped="1">
  <testcase classname="sZephyr_testcases.TC16_WifiWithRouter" name="TC16_WifiWithRouter_CONNECTIVITY" time="402.749"/>
  <testcase classname="sZephyr_testcases.TC16_WifiWithRouter" name="TC16_WifiWithRouter_CONNECTIVITY" time="235.972">
    <skipped/>
  </testcase> <!-- TC16_WifiWithRouter_CONNECTIVITY -->
</testsuite> <!-- sZephyr_testcases.TC16_WifiWithRouter -->
