<?xml version="1.0" encoding="UTF-8"?>
<!-- Generated by org.testng.reporters.JUnitReportReporter -->
<testsuite hostname="DESKTOP-MN86ODD" failures="0" tests="2" name="sZephyr_testcases.TC24_Analytics" time="383.277" errors="0" timestamp="2025-12-03T22:12:00 IST" skipped="1">
  <testcase classname="sZephyr_testcases.TC24_Analytics" name="TC_24_Analytics_BLE_without_Router_App_Close" time="227.426"/>
  <testcase classname="sZephyr_testcases.TC24_Analytics" name="TC_24_Analytics_BLE_without_Router_App_Close" time="155.851">
    <skipped/>
  </testcase> <!-- TC_24_Analytics_BLE_without_Router_App_Close -->
</testsuite> <!-- sZephyr_testcases.TC24_Analytics -->
