<?xml version="1.0" encoding="UTF-8"?>
<!-- Generated by org.testng.reporters.JUnitReportReporter -->
<testsuite hostname="DESKTOP-MN86ODD" failures="0" tests="2" name="sZephyr_testcases.TC07_SignIn_Logout" time="89.785" errors="1" timestamp="2025-12-03T22:12:00 IST" skipped="1">
  <testcase classname="sZephyr_testcases.TC07_SignIn_Logout" name="TC07_Logout_After_Login_Pair_with_device_and_logout_from_device_is_working" time="43.339">
    <error message="FAILED" type="java.lang.RuntimeException">
      <![CDATA[java.lang.RuntimeException: FAILED
at utils.Reporter.reportStep(Reporter.java:50)
at wrappers.GenericWrappers.clickbyXpath(GenericWrappers.java:240)
at pages.StoreLogPage.storeLogToDownloads(StoreLogPage.java:79)
at pages.StoreLogPage.takeAppLog(StoreLogPage.java:124)
at pages.StoreLogPage.CollectLogOnFailure(StoreLogPage.java:166)
at sZephyr_testcases.TC07_SignIn_Logout.TC07_Logout_After_Login_Pair_with_device_and_logout_from_device_is_working(TC07_SignIn_Logout.java:92)
at java.base/jdk.internal.reflect.DirectMethodHandleAccessor.invoke(DirectMethodHandleAccessor.java:103)
at java.base/java.lang.reflect.Method.invoke(Method.java:580)
at org.testng.internal.invokers.MethodInvocationHelper.invokeMethod(MethodInvocationHelper.java:139)
at org.testng.internal.invokers.TestInvoker.invokeMethod(TestInvoker.java:664)
at org.testng.internal.invokers.TestInvoker.retryFailed(TestInvoker.java:249)
at org.testng.internal.invokers.MethodRunner.runInSequence(MethodRunner.java:76)
at org.testng.internal.invokers.TestInvoker$MethodInvocationAgent.invoke(TestInvoker.java:961)
at org.testng.internal.invokers.TestInvoker.invokeTestMethods(TestInvoker.java:201)
at org.testng.internal.invokers.TestMethodWorker.invokeTestMethods(TestMethodWorker.java:148)
at org.testng.internal.invokers.TestMethodWorker.run(TestMethodWorker.java:128)
at java.base/java.util.ArrayList.forEach(ArrayList.java:1596)
at org.testng.TestRunner.privateRun(TestRunner.java:819)
at org.testng.TestRunner.run(TestRunner.java:619)
at org.testng.SuiteRunner.runTest(SuiteRunner.java:443)
at org.testng.SuiteRunner.runSequentially(SuiteRunner.java:437)
at org.testng.SuiteRunner.privateRun(SuiteRunner.java:397)
at org.testng.SuiteRunner.run(SuiteRunner.java:336)
at org.testng.SuiteRunnerWorker.runSuite(SuiteRunnerWorker.java:52)
at org.testng.SuiteRunnerWorker.run(SuiteRunnerWorker.java:95)
at org.testng.TestNG.runSuitesSequentially(TestNG.java:1301)
at org.testng.TestNG.runSuitesLocally(TestNG.java:1228)
at org.testng.TestNG.runSuites(TestNG.java:1134)
at org.testng.TestNG.run(TestNG.java:1101)
at org.testng.remote.AbstractRemoteTestNG.run(AbstractRemoteTestNG.java:115)
at org.testng.remote.RemoteTestNG.initAndRun(RemoteTestNG.java:293)
at org.testng.remote.RemoteTestNG.main(RemoteTestNG.java:91)
]]>
    </error>
  </testcase> <!-- TC07_Logout_After_Login_Pair_with_device_and_logout_from_device_is_working -->
  <testcase classname="sZephyr_testcases.TC07_SignIn_Logout" name="TC07_Logout_After_Login_Pair_with_device_and_logout_from_device_is_working" time="46.446">
    <skipped/>
  </testcase> <!-- TC07_Logout_After_Login_Pair_with_device_and_logout_from_device_is_working -->
</testsuite> <!-- sZephyr_testcases.TC07_SignIn_Logout -->
